[38;5;127mapps[0m/[38;5;172manaconda3[0m/[38;5;67m2024.06[0m/[38;5;68mbin[0m
 |
 [0;32mOK[0m
2025-02-01 18:35:01.457654: I external/local_tsl/tsl/cuda/cudart_stub.cc:32] Could not find cuda drivers on your machine, GPU will not be used.
2025-02-01 18:35:01.461658: I external/local_tsl/tsl/cuda/cudart_stub.cc:32] Could not find cuda drivers on your machine, GPU will not be used.
2025-02-01 18:35:01.475568: E external/local_xla/xla/stream_executor/cuda/cuda_fft.cc:479] Unable to register cuFFT factory: Attempting to register factory for plugin cuFFT when one has already been registered
2025-02-01 18:35:01.503081: E external/local_xla/xla/stream_executor/cuda/cuda_dnn.cc:10575] Unable to register cuDNN factory: Attempting to register factory for plugin cuDNN when one has already been registered
2025-02-01 18:35:01.503168: E external/local_xla/xla/stream_executor/cuda/cuda_blas.cc:1442] Unable to register cuBLAS factory: Attempting to register factory for plugin cuBLAS when one has already been registered
2025-02-01 18:35:01.520824: I tensorflow/core/platform/cpu_feature_guard.cc:210] This TensorFlow binary is optimized to use available CPU instructions in performance-critical operations.
To enable the following instructions: AVX2 FMA, in other operations, rebuild TensorFlow with the appropriate compiler flags.
2025-02-01 18:35:02.769829: W tensorflow/compiler/tf2tensorrt/utils/py_utils.cc:38] TF-TRT Warning: Could not find TensorRT
/mnt/scratch2/q13camb_scratch/perovskites/installation_stuff/grace/lib/python3.11/site-packages/ase/io/cif.py:408: UserWarning: crystal system 'tetragonal' is not interpreted for space group Spacegroup(127, setting=1). This may result in wrong setting!
  warnings.warn(
/mnt/scratch2/q13camb_scratch/perovskites/installation_stuff/grace/lib/python3.11/site-packages/numpy/core/fromnumeric.py:59: FutureWarning: 'DataFrame.swapaxes' is deprecated and will be removed in a future version. Please use 'DataFrame.transpose' instead.
  return bound(*args, **kwds)
/mnt/scratch2/q13camb_scratch/perovskites/installation_stuff/grace/lib/python3.11/site-packages/numpy/core/fromnumeric.py:59: FutureWarning: 'DataFrame.swapaxes' is deprecated and will be removed in a future version. Please use 'DataFrame.transpose' instead.
  return bound(*args, **kwds)
WARNING: All log messages before absl::InitializeLog() is called are written to STDERR
I0000 00:00:1738434908.841759  250097 service.cc:145] XLA service 0x109fb220 initialized for platform Host (this does not guarantee that XLA will be used). Devices:
I0000 00:00:1738434908.841956  250097 service.cc:153]   StreamExecutor device (0): Host, Default Version
2025-02-01 18:35:09.213238: I tensorflow/compiler/mlir/tensorflow/utils/dump_mlir_util.cc:268] disabling MLIR crash reproducer, set env var `MLIR_CRASH_REPRODUCER_DIRECTORY` to enable.
I0000 00:00:1738434915.928079  250097 device_compiler.h:188] Compiled cluster using XLA!  This line is logged at most once for the lifetime of the process.
/mnt/scratch2/q13camb_scratch/perovskites/installation_stuff/grace/lib/python3.11/site-packages/numpy/core/fromnumeric.py:59: FutureWarning: 'DataFrame.swapaxes' is deprecated and will be removed in a future version. Please use 'DataFrame.transpose' instead.
  return bound(*args, **kwds)
/mnt/scratch2/q13camb_scratch/perovskites/installation_stuff/grace/lib/python3.11/site-packages/ase/filters.py:600: RuntimeWarning: logm result may be inaccurate, approximate err = 2.7082383455436217e-13
  pos[natoms:] = self.logm(pos[natoms:]) * self.exp_cell_factor
/mnt/scratch2/q13camb_scratch/perovskites/installation_stuff/grace/lib/python3.11/site-packages/numpy/core/fromnumeric.py:59: FutureWarning: 'DataFrame.swapaxes' is deprecated and will be removed in a future version. Please use 'DataFrame.transpose' instead.
  return bound(*args, **kwds)
/mnt/scratch2/q13camb_scratch/perovskites/installation_stuff/grace/lib/python3.11/site-packages/ase/filters.py:600: RuntimeWarning: logm result may be inaccurate, approximate err = 2.7449442505096966e-13
  pos[natoms:] = self.logm(pos[natoms:]) * self.exp_cell_factor
/mnt/scratch2/q13camb_scratch/perovskites/installation_stuff/grace/lib/python3.11/site-packages/numpy/core/fromnumeric.py:59: FutureWarning: 'DataFrame.swapaxes' is deprecated and will be removed in a future version. Please use 'DataFrame.transpose' instead.
  return bound(*args, **kwds)
/mnt/scratch2/q13camb_scratch/perovskites/installation_stuff/grace/lib/python3.11/site-packages/ase/filters.py:600: RuntimeWarning: logm result may be inaccurate, approximate err = 2.7346964484538387e-13
  pos[natoms:] = self.logm(pos[natoms:]) * self.exp_cell_factor
/mnt/scratch2/q13camb_scratch/perovskites/installation_stuff/grace/lib/python3.11/site-packages/numpy/core/fromnumeric.py:59: FutureWarning: 'DataFrame.swapaxes' is deprecated and will be removed in a future version. Please use 'DataFrame.transpose' instead.
  return bound(*args, **kwds)
/mnt/scratch2/q13camb_scratch/perovskites/installation_stuff/grace/lib/python3.11/site-packages/ase/filters.py:600: RuntimeWarning: logm result may be inaccurate, approximate err = 2.724704970598876e-13
  pos[natoms:] = self.logm(pos[natoms:]) * self.exp_cell_factor
/mnt/scratch2/q13camb_scratch/perovskites/installation_stuff/grace/lib/python3.11/site-packages/numpy/core/fromnumeric.py:59: FutureWarning: 'DataFrame.swapaxes' is deprecated and will be removed in a future version. Please use 'DataFrame.transpose' instead.
  return bound(*args, **kwds)
/mnt/scratch2/q13camb_scratch/perovskites/installation_stuff/grace/lib/python3.11/site-packages/ase/filters.py:600: RuntimeWarning: logm result may be inaccurate, approximate err = 2.7834254187893326e-13
  pos[natoms:] = self.logm(pos[natoms:]) * self.exp_cell_factor
/mnt/scratch2/q13camb_scratch/perovskites/installation_stuff/grace/lib/python3.11/site-packages/numpy/core/fromnumeric.py:59: FutureWarning: 'DataFrame.swapaxes' is deprecated and will be removed in a future version. Please use 'DataFrame.transpose' instead.
  return bound(*args, **kwds)
/mnt/scratch2/q13camb_scratch/perovskites/installation_stuff/grace/lib/python3.11/site-packages/ase/filters.py:600: RuntimeWarning: logm result may be inaccurate, approximate err = 2.7451614958555704e-13
  pos[natoms:] = self.logm(pos[natoms:]) * self.exp_cell_factor
/mnt/scratch2/q13camb_scratch/perovskites/installation_stuff/grace/lib/python3.11/site-packages/numpy/core/fromnumeric.py:59: FutureWarning: 'DataFrame.swapaxes' is deprecated and will be removed in a future version. Please use 'DataFrame.transpose' instead.
  return bound(*args, **kwds)
/mnt/scratch2/q13camb_scratch/perovskites/installation_stuff/grace/lib/python3.11/site-packages/ase/filters.py:600: RuntimeWarning: logm result may be inaccurate, approximate err = 2.742551184921836e-13
  pos[natoms:] = self.logm(pos[natoms:]) * self.exp_cell_factor
/mnt/scratch2/q13camb_scratch/perovskites/installation_stuff/grace/lib/python3.11/site-packages/numpy/core/fromnumeric.py:59: FutureWarning: 'DataFrame.swapaxes' is deprecated and will be removed in a future version. Please use 'DataFrame.transpose' instead.
  return bound(*args, **kwds)
/mnt/scratch2/q13camb_scratch/perovskites/installation_stuff/grace/lib/python3.11/site-packages/ase/filters.py:600: RuntimeWarning: logm result may be inaccurate, approximate err = 2.695158748648559e-13
  pos[natoms:] = self.logm(pos[natoms:]) * self.exp_cell_factor
/mnt/scratch2/q13camb_scratch/perovskites/installation_stuff/grace/lib/python3.11/site-packages/numpy/core/fromnumeric.py:59: FutureWarning: 'DataFrame.swapaxes' is deprecated and will be removed in a future version. Please use 'DataFrame.transpose' instead.
  return bound(*args, **kwds)
/mnt/scratch2/q13camb_scratch/perovskites/installation_stuff/grace/lib/python3.11/site-packages/ase/filters.py:600: RuntimeWarning: logm result may be inaccurate, approximate err = 2.7326910295267677e-13
  pos[natoms:] = self.logm(pos[natoms:]) * self.exp_cell_factor
/mnt/scratch2/q13camb_scratch/perovskites/installation_stuff/grace/lib/python3.11/site-packages/numpy/core/fromnumeric.py:59: FutureWarning: 'DataFrame.swapaxes' is deprecated and will be removed in a future version. Please use 'DataFrame.transpose' instead.
  return bound(*args, **kwds)
/mnt/scratch2/q13camb_scratch/perovskites/installation_stuff/grace/lib/python3.11/site-packages/ase/filters.py:600: RuntimeWarning: logm result may be inaccurate, approximate err = 2.7192484397882074e-13
  pos[natoms:] = self.logm(pos[natoms:]) * self.exp_cell_factor
/mnt/scratch2/q13camb_scratch/perovskites/installation_stuff/grace/lib/python3.11/site-packages/numpy/core/fromnumeric.py:59: FutureWarning: 'DataFrame.swapaxes' is deprecated and will be removed in a future version. Please use 'DataFrame.transpose' instead.
  return bound(*args, **kwds)
/mnt/scratch2/q13camb_scratch/perovskites/installation_stuff/grace/lib/python3.11/site-packages/ase/filters.py:600: RuntimeWarning: logm result may be inaccurate, approximate err = 2.761790439385303e-13
  pos[natoms:] = self.logm(pos[natoms:]) * self.exp_cell_factor
/mnt/scratch2/q13camb_scratch/perovskites/installation_stuff/grace/lib/python3.11/site-packages/numpy/core/fromnumeric.py:59: FutureWarning: 'DataFrame.swapaxes' is deprecated and will be removed in a future version. Please use 'DataFrame.transpose' instead.
  return bound(*args, **kwds)
/mnt/scratch2/q13camb_scratch/perovskites/installation_stuff/grace/lib/python3.11/site-packages/ase/filters.py:600: RuntimeWarning: logm result may be inaccurate, approximate err = 2.754978099315193e-13
  pos[natoms:] = self.logm(pos[natoms:]) * self.exp_cell_factor
/mnt/scratch2/q13camb_scratch/perovskites/installation_stuff/grace/lib/python3.11/site-packages/numpy/core/fromnumeric.py:59: FutureWarning: 'DataFrame.swapaxes' is deprecated and will be removed in a future version. Please use 'DataFrame.transpose' instead.
  return bound(*args, **kwds)
/mnt/scratch2/q13camb_scratch/perovskites/installation_stuff/grace/lib/python3.11/site-packages/ase/filters.py:600: RuntimeWarning: logm result may be inaccurate, approximate err = 2.7313708355966216e-13
  pos[natoms:] = self.logm(pos[natoms:]) * self.exp_cell_factor
/mnt/scratch2/q13camb_scratch/perovskites/installation_stuff/grace/lib/python3.11/site-packages/numpy/core/fromnumeric.py:59: FutureWarning: 'DataFrame.swapaxes' is deprecated and will be removed in a future version. Please use 'DataFrame.transpose' instead.
  return bound(*args, **kwds)
/mnt/scratch2/q13camb_scratch/perovskites/installation_stuff/grace/lib/python3.11/site-packages/ase/filters.py:600: RuntimeWarning: logm result may be inaccurate, approximate err = 2.787136773282235e-13
  pos[natoms:] = self.logm(pos[natoms:]) * self.exp_cell_factor
/mnt/scratch2/q13camb_scratch/perovskites/installation_stuff/grace/lib/python3.11/site-packages/numpy/core/fromnumeric.py:59: FutureWarning: 'DataFrame.swapaxes' is deprecated and will be removed in a future version. Please use 'DataFrame.transpose' instead.
  return bound(*args, **kwds)
/mnt/scratch2/q13camb_scratch/perovskites/installation_stuff/grace/lib/python3.11/site-packages/ase/filters.py:600: RuntimeWarning: logm result may be inaccurate, approximate err = 2.7722722590930806e-13
  pos[natoms:] = self.logm(pos[natoms:]) * self.exp_cell_factor
/mnt/scratch2/q13camb_scratch/perovskites/installation_stuff/grace/lib/python3.11/site-packages/numpy/core/fromnumeric.py:59: FutureWarning: 'DataFrame.swapaxes' is deprecated and will be removed in a future version. Please use 'DataFrame.transpose' instead.
  return bound(*args, **kwds)
/mnt/scratch2/q13camb_scratch/perovskites/installation_stuff/grace/lib/python3.11/site-packages/ase/filters.py:600: RuntimeWarning: logm result may be inaccurate, approximate err = 2.8006686036486937e-13
  pos[natoms:] = self.logm(pos[natoms:]) * self.exp_cell_factor
/mnt/scratch2/q13camb_scratch/perovskites/installation_stuff/grace/lib/python3.11/site-packages/numpy/core/fromnumeric.py:59: FutureWarning: 'DataFrame.swapaxes' is deprecated and will be removed in a future version. Please use 'DataFrame.transpose' instead.
  return bound(*args, **kwds)
/mnt/scratch2/q13camb_scratch/perovskites/installation_stuff/grace/lib/python3.11/site-packages/ase/filters.py:600: RuntimeWarning: logm result may be inaccurate, approximate err = 2.7782155632770884e-13
  pos[natoms:] = self.logm(pos[natoms:]) * self.exp_cell_factor
/mnt/scratch2/q13camb_scratch/perovskites/installation_stuff/grace/lib/python3.11/site-packages/numpy/core/fromnumeric.py:59: FutureWarning: 'DataFrame.swapaxes' is deprecated and will be removed in a future version. Please use 'DataFrame.transpose' instead.
  return bound(*args, **kwds)
/mnt/scratch2/q13camb_scratch/perovskites/installation_stuff/grace/lib/python3.11/site-packages/ase/filters.py:600: RuntimeWarning: logm result may be inaccurate, approximate err = 2.8122580711770656e-13
  pos[natoms:] = self.logm(pos[natoms:]) * self.exp_cell_factor
/mnt/scratch2/q13camb_scratch/perovskites/installation_stuff/grace/lib/python3.11/site-packages/numpy/core/fromnumeric.py:59: FutureWarning: 'DataFrame.swapaxes' is deprecated and will be removed in a future version. Please use 'DataFrame.transpose' instead.
  return bound(*args, **kwds)
/mnt/scratch2/q13camb_scratch/perovskites/installation_stuff/grace/lib/python3.11/site-packages/ase/filters.py:600: RuntimeWarning: logm result may be inaccurate, approximate err = 2.829977970187836e-13
  pos[natoms:] = self.logm(pos[natoms:]) * self.exp_cell_factor
/mnt/scratch2/q13camb_scratch/perovskites/installation_stuff/grace/lib/python3.11/site-packages/numpy/core/fromnumeric.py:59: FutureWarning: 'DataFrame.swapaxes' is deprecated and will be removed in a future version. Please use 'DataFrame.transpose' instead.
  return bound(*args, **kwds)
/mnt/scratch2/q13camb_scratch/perovskites/installation_stuff/grace/lib/python3.11/site-packages/ase/filters.py:600: RuntimeWarning: logm result may be inaccurate, approximate err = 2.8473994621540745e-13
  pos[natoms:] = self.logm(pos[natoms:]) * self.exp_cell_factor
/mnt/scratch2/q13camb_scratch/perovskites/installation_stuff/grace/lib/python3.11/site-packages/numpy/core/fromnumeric.py:59: FutureWarning: 'DataFrame.swapaxes' is deprecated and will be removed in a future version. Please use 'DataFrame.transpose' instead.
  return bound(*args, **kwds)
/mnt/scratch2/q13camb_scratch/perovskites/installation_stuff/grace/lib/python3.11/site-packages/ase/filters.py:600: RuntimeWarning: logm result may be inaccurate, approximate err = 2.785726919425724e-13
  pos[natoms:] = self.logm(pos[natoms:]) * self.exp_cell_factor
/mnt/scratch2/q13camb_scratch/perovskites/installation_stuff/grace/lib/python3.11/site-packages/numpy/core/fromnumeric.py:59: FutureWarning: 'DataFrame.swapaxes' is deprecated and will be removed in a future version. Please use 'DataFrame.transpose' instead.
  return bound(*args, **kwds)
/mnt/scratch2/q13camb_scratch/perovskites/installation_stuff/grace/lib/python3.11/site-packages/ase/filters.py:600: RuntimeWarning: logm result may be inaccurate, approximate err = 2.860177757221301e-13
  pos[natoms:] = self.logm(pos[natoms:]) * self.exp_cell_factor
/mnt/scratch2/q13camb_scratch/perovskites/installation_stuff/grace/lib/python3.11/site-packages/numpy/core/fromnumeric.py:59: FutureWarning: 'DataFrame.swapaxes' is deprecated and will be removed in a future version. Please use 'DataFrame.transpose' instead.
  return bound(*args, **kwds)
/mnt/scratch2/q13camb_scratch/perovskites/installation_stuff/grace/lib/python3.11/site-packages/ase/filters.py:600: RuntimeWarning: logm result may be inaccurate, approximate err = 2.826319880448789e-13
  pos[natoms:] = self.logm(pos[natoms:]) * self.exp_cell_factor
/mnt/scratch2/q13camb_scratch/perovskites/installation_stuff/grace/lib/python3.11/site-packages/numpy/core/fromnumeric.py:59: FutureWarning: 'DataFrame.swapaxes' is deprecated and will be removed in a future version. Please use 'DataFrame.transpose' instead.
  return bound(*args, **kwds)
/mnt/scratch2/q13camb_scratch/perovskites/installation_stuff/grace/lib/python3.11/site-packages/ase/filters.py:600: RuntimeWarning: logm result may be inaccurate, approximate err = 2.8496747895082524e-13
  pos[natoms:] = self.logm(pos[natoms:]) * self.exp_cell_factor
/mnt/scratch2/q13camb_scratch/perovskites/installation_stuff/grace/lib/python3.11/site-packages/numpy/core/fromnumeric.py:59: FutureWarning: 'DataFrame.swapaxes' is deprecated and will be removed in a future version. Please use 'DataFrame.transpose' instead.
  return bound(*args, **kwds)
/mnt/scratch2/q13camb_scratch/perovskites/installation_stuff/grace/lib/python3.11/site-packages/ase/filters.py:600: RuntimeWarning: logm result may be inaccurate, approximate err = 2.817878674376059e-13
  pos[natoms:] = self.logm(pos[natoms:]) * self.exp_cell_factor
/mnt/scratch2/q13camb_scratch/perovskites/installation_stuff/grace/lib/python3.11/site-packages/numpy/core/fromnumeric.py:59: FutureWarning: 'DataFrame.swapaxes' is deprecated and will be removed in a future version. Please use 'DataFrame.transpose' instead.
  return bound(*args, **kwds)
/mnt/scratch2/q13camb_scratch/perovskites/installation_stuff/grace/lib/python3.11/site-packages/ase/filters.py:600: RuntimeWarning: logm result may be inaccurate, approximate err = 2.778228966143888e-13
  pos[natoms:] = self.logm(pos[natoms:]) * self.exp_cell_factor
/mnt/scratch2/q13camb_scratch/perovskites/installation_stuff/grace/lib/python3.11/site-packages/numpy/core/fromnumeric.py:59: FutureWarning: 'DataFrame.swapaxes' is deprecated and will be removed in a future version. Please use 'DataFrame.transpose' instead.
  return bound(*args, **kwds)
/mnt/scratch2/q13camb_scratch/perovskites/installation_stuff/grace/lib/python3.11/site-packages/ase/filters.py:600: RuntimeWarning: logm result may be inaccurate, approximate err = 2.8101978318788796e-13
  pos[natoms:] = self.logm(pos[natoms:]) * self.exp_cell_factor
/mnt/scratch2/q13camb_scratch/perovskites/installation_stuff/grace/lib/python3.11/site-packages/numpy/core/fromnumeric.py:59: FutureWarning: 'DataFrame.swapaxes' is deprecated and will be removed in a future version. Please use 'DataFrame.transpose' instead.
  return bound(*args, **kwds)
/mnt/scratch2/q13camb_scratch/perovskites/installation_stuff/grace/lib/python3.11/site-packages/ase/filters.py:600: RuntimeWarning: logm result may be inaccurate, approximate err = 2.783564814942915e-13
  pos[natoms:] = self.logm(pos[natoms:]) * self.exp_cell_factor
/mnt/scratch2/q13camb_scratch/perovskites/installation_stuff/grace/lib/python3.11/site-packages/numpy/core/fromnumeric.py:59: FutureWarning: 'DataFrame.swapaxes' is deprecated and will be removed in a future version. Please use 'DataFrame.transpose' instead.
  return bound(*args, **kwds)
/mnt/scratch2/q13camb_scratch/perovskites/installation_stuff/grace/lib/python3.11/site-packages/ase/filters.py:600: RuntimeWarning: logm result may be inaccurate, approximate err = 2.8041624434604066e-13
  pos[natoms:] = self.logm(pos[natoms:]) * self.exp_cell_factor
/mnt/scratch2/q13camb_scratch/perovskites/installation_stuff/grace/lib/python3.11/site-packages/numpy/core/fromnumeric.py:59: FutureWarning: 'DataFrame.swapaxes' is deprecated and will be removed in a future version. Please use 'DataFrame.transpose' instead.
  return bound(*args, **kwds)
/mnt/scratch2/q13camb_scratch/perovskites/installation_stuff/grace/lib/python3.11/site-packages/ase/filters.py:600: RuntimeWarning: logm result may be inaccurate, approximate err = 2.751004569780327e-13
  pos[natoms:] = self.logm(pos[natoms:]) * self.exp_cell_factor
/mnt/scratch2/q13camb_scratch/perovskites/installation_stuff/grace/lib/python3.11/site-packages/numpy/core/fromnumeric.py:59: FutureWarning: 'DataFrame.swapaxes' is deprecated and will be removed in a future version. Please use 'DataFrame.transpose' instead.
  return bound(*args, **kwds)
/mnt/scratch2/q13camb_scratch/perovskites/installation_stuff/grace/lib/python3.11/site-packages/ase/filters.py:600: RuntimeWarning: logm result may be inaccurate, approximate err = 2.8193707938547935e-13
  pos[natoms:] = self.logm(pos[natoms:]) * self.exp_cell_factor
/mnt/scratch2/q13camb_scratch/perovskites/installation_stuff/grace/lib/python3.11/site-packages/numpy/core/fromnumeric.py:59: FutureWarning: 'DataFrame.swapaxes' is deprecated and will be removed in a future version. Please use 'DataFrame.transpose' instead.
  return bound(*args, **kwds)
/mnt/scratch2/q13camb_scratch/perovskites/installation_stuff/grace/lib/python3.11/site-packages/ase/filters.py:600: RuntimeWarning: logm result may be inaccurate, approximate err = 2.843477572911574e-13
  pos[natoms:] = self.logm(pos[natoms:]) * self.exp_cell_factor
/mnt/scratch2/q13camb_scratch/perovskites/installation_stuff/grace/lib/python3.11/site-packages/numpy/core/fromnumeric.py:59: FutureWarning: 'DataFrame.swapaxes' is deprecated and will be removed in a future version. Please use 'DataFrame.transpose' instead.
  return bound(*args, **kwds)
/mnt/scratch2/q13camb_scratch/perovskites/installation_stuff/grace/lib/python3.11/site-packages/ase/filters.py:600: RuntimeWarning: logm result may be inaccurate, approximate err = 2.85470645062445e-13
  pos[natoms:] = self.logm(pos[natoms:]) * self.exp_cell_factor
/mnt/scratch2/q13camb_scratch/perovskites/installation_stuff/grace/lib/python3.11/site-packages/numpy/core/fromnumeric.py:59: FutureWarning: 'DataFrame.swapaxes' is deprecated and will be removed in a future version. Please use 'DataFrame.transpose' instead.
  return bound(*args, **kwds)
/mnt/scratch2/q13camb_scratch/perovskites/installation_stuff/grace/lib/python3.11/site-packages/ase/filters.py:600: RuntimeWarning: logm result may be inaccurate, approximate err = 2.818045521393806e-13
  pos[natoms:] = self.logm(pos[natoms:]) * self.exp_cell_factor
/mnt/scratch2/q13camb_scratch/perovskites/installation_stuff/grace/lib/python3.11/site-packages/numpy/core/fromnumeric.py:59: FutureWarning: 'DataFrame.swapaxes' is deprecated and will be removed in a future version. Please use 'DataFrame.transpose' instead.
  return bound(*args, **kwds)
/mnt/scratch2/q13camb_scratch/perovskites/installation_stuff/grace/lib/python3.11/site-packages/ase/filters.py:600: RuntimeWarning: logm result may be inaccurate, approximate err = 2.862948327027761e-13
  pos[natoms:] = self.logm(pos[natoms:]) * self.exp_cell_factor
/mnt/scratch2/q13camb_scratch/perovskites/installation_stuff/grace/lib/python3.11/site-packages/numpy/core/fromnumeric.py:59: FutureWarning: 'DataFrame.swapaxes' is deprecated and will be removed in a future version. Please use 'DataFrame.transpose' instead.
  return bound(*args, **kwds)
/mnt/scratch2/q13camb_scratch/perovskites/installation_stuff/grace/lib/python3.11/site-packages/ase/filters.py:600: RuntimeWarning: logm result may be inaccurate, approximate err = 2.8709498275803577e-13
  pos[natoms:] = self.logm(pos[natoms:]) * self.exp_cell_factor
/mnt/scratch2/q13camb_scratch/perovskites/installation_stuff/grace/lib/python3.11/site-packages/numpy/core/fromnumeric.py:59: FutureWarning: 'DataFrame.swapaxes' is deprecated and will be removed in a future version. Please use 'DataFrame.transpose' instead.
  return bound(*args, **kwds)
/mnt/scratch2/q13camb_scratch/perovskites/installation_stuff/grace/lib/python3.11/site-packages/ase/filters.py:600: RuntimeWarning: logm result may be inaccurate, approximate err = 2.881426343281728e-13
  pos[natoms:] = self.logm(pos[natoms:]) * self.exp_cell_factor
/mnt/scratch2/q13camb_scratch/perovskites/installation_stuff/grace/lib/python3.11/site-packages/numpy/core/fromnumeric.py:59: FutureWarning: 'DataFrame.swapaxes' is deprecated and will be removed in a future version. Please use 'DataFrame.transpose' instead.
  return bound(*args, **kwds)
/mnt/scratch2/q13camb_scratch/perovskites/installation_stuff/grace/lib/python3.11/site-packages/ase/filters.py:600: RuntimeWarning: logm result may be inaccurate, approximate err = 2.8483526810189977e-13
  pos[natoms:] = self.logm(pos[natoms:]) * self.exp_cell_factor
/mnt/scratch2/q13camb_scratch/perovskites/installation_stuff/grace/lib/python3.11/site-packages/numpy/core/fromnumeric.py:59: FutureWarning: 'DataFrame.swapaxes' is deprecated and will be removed in a future version. Please use 'DataFrame.transpose' instead.
  return bound(*args, **kwds)
/mnt/scratch2/q13camb_scratch/perovskites/installation_stuff/grace/lib/python3.11/site-packages/ase/filters.py:600: RuntimeWarning: logm result may be inaccurate, approximate err = 2.8948447207477235e-13
  pos[natoms:] = self.logm(pos[natoms:]) * self.exp_cell_factor
/mnt/scratch2/q13camb_scratch/perovskites/installation_stuff/grace/lib/python3.11/site-packages/numpy/core/fromnumeric.py:59: FutureWarning: 'DataFrame.swapaxes' is deprecated and will be removed in a future version. Please use 'DataFrame.transpose' instead.
  return bound(*args, **kwds)
/mnt/scratch2/q13camb_scratch/perovskites/installation_stuff/grace/lib/python3.11/site-packages/ase/filters.py:600: RuntimeWarning: logm result may be inaccurate, approximate err = 2.8678404234516593e-13
  pos[natoms:] = self.logm(pos[natoms:]) * self.exp_cell_factor
/mnt/scratch2/q13camb_scratch/perovskites/installation_stuff/grace/lib/python3.11/site-packages/numpy/core/fromnumeric.py:59: FutureWarning: 'DataFrame.swapaxes' is deprecated and will be removed in a future version. Please use 'DataFrame.transpose' instead.
  return bound(*args, **kwds)
/mnt/scratch2/q13camb_scratch/perovskites/installation_stuff/grace/lib/python3.11/site-packages/ase/filters.py:600: RuntimeWarning: logm result may be inaccurate, approximate err = 2.896841496492745e-13
  pos[natoms:] = self.logm(pos[natoms:]) * self.exp_cell_factor
/mnt/scratch2/q13camb_scratch/perovskites/installation_stuff/grace/lib/python3.11/site-packages/numpy/core/fromnumeric.py:59: FutureWarning: 'DataFrame.swapaxes' is deprecated and will be removed in a future version. Please use 'DataFrame.transpose' instead.
  return bound(*args, **kwds)
/mnt/scratch2/q13camb_scratch/perovskites/installation_stuff/grace/lib/python3.11/site-packages/ase/filters.py:600: RuntimeWarning: logm result may be inaccurate, approximate err = 2.842982251417559e-13
  pos[natoms:] = self.logm(pos[natoms:]) * self.exp_cell_factor
/mnt/scratch2/q13camb_scratch/perovskites/installation_stuff/grace/lib/python3.11/site-packages/numpy/core/fromnumeric.py:59: FutureWarning: 'DataFrame.swapaxes' is deprecated and will be removed in a future version. Please use 'DataFrame.transpose' instead.
  return bound(*args, **kwds)
/mnt/scratch2/q13camb_scratch/perovskites/installation_stuff/grace/lib/python3.11/site-packages/ase/filters.py:600: RuntimeWarning: logm result may be inaccurate, approximate err = 2.84189519121174e-13
  pos[natoms:] = self.logm(pos[natoms:]) * self.exp_cell_factor
/mnt/scratch2/q13camb_scratch/perovskites/installation_stuff/grace/lib/python3.11/site-packages/numpy/core/fromnumeric.py:59: FutureWarning: 'DataFrame.swapaxes' is deprecated and will be removed in a future version. Please use 'DataFrame.transpose' instead.
  return bound(*args, **kwds)
/mnt/scratch2/q13camb_scratch/perovskites/installation_stuff/grace/lib/python3.11/site-packages/ase/filters.py:600: RuntimeWarning: logm result may be inaccurate, approximate err = 2.827246557220472e-13
  pos[natoms:] = self.logm(pos[natoms:]) * self.exp_cell_factor
/mnt/scratch2/q13camb_scratch/perovskites/installation_stuff/grace/lib/python3.11/site-packages/numpy/core/fromnumeric.py:59: FutureWarning: 'DataFrame.swapaxes' is deprecated and will be removed in a future version. Please use 'DataFrame.transpose' instead.
  return bound(*args, **kwds)
/mnt/scratch2/q13camb_scratch/perovskites/installation_stuff/grace/lib/python3.11/site-packages/ase/filters.py:600: RuntimeWarning: logm result may be inaccurate, approximate err = 2.847173612758183e-13
  pos[natoms:] = self.logm(pos[natoms:]) * self.exp_cell_factor
/mnt/scratch2/q13camb_scratch/perovskites/installation_stuff/grace/lib/python3.11/site-packages/numpy/core/fromnumeric.py:59: FutureWarning: 'DataFrame.swapaxes' is deprecated and will be removed in a future version. Please use 'DataFrame.transpose' instead.
  return bound(*args, **kwds)
/mnt/scratch2/q13camb_scratch/perovskites/installation_stuff/grace/lib/python3.11/site-packages/ase/filters.py:600: RuntimeWarning: logm result may be inaccurate, approximate err = 2.81921432284889e-13
  pos[natoms:] = self.logm(pos[natoms:]) * self.exp_cell_factor
/mnt/scratch2/q13camb_scratch/perovskites/installation_stuff/grace/lib/python3.11/site-packages/numpy/core/fromnumeric.py:59: FutureWarning: 'DataFrame.swapaxes' is deprecated and will be removed in a future version. Please use 'DataFrame.transpose' instead.
  return bound(*args, **kwds)
/mnt/scratch2/q13camb_scratch/perovskites/installation_stuff/grace/lib/python3.11/site-packages/ase/filters.py:600: RuntimeWarning: logm result may be inaccurate, approximate err = 2.824900036876774e-13
  pos[natoms:] = self.logm(pos[natoms:]) * self.exp_cell_factor
/mnt/scratch2/q13camb_scratch/perovskites/installation_stuff/grace/lib/python3.11/site-packages/numpy/core/fromnumeric.py:59: FutureWarning: 'DataFrame.swapaxes' is deprecated and will be removed in a future version. Please use 'DataFrame.transpose' instead.
  return bound(*args, **kwds)
/mnt/scratch2/q13camb_scratch/perovskites/installation_stuff/grace/lib/python3.11/site-packages/ase/filters.py:600: RuntimeWarning: logm result may be inaccurate, approximate err = 2.835554756333904e-13
  pos[natoms:] = self.logm(pos[natoms:]) * self.exp_cell_factor
/mnt/scratch2/q13camb_scratch/perovskites/installation_stuff/grace/lib/python3.11/site-packages/numpy/core/fromnumeric.py:59: FutureWarning: 'DataFrame.swapaxes' is deprecated and will be removed in a future version. Please use 'DataFrame.transpose' instead.
  return bound(*args, **kwds)
/mnt/scratch2/q13camb_scratch/perovskites/installation_stuff/grace/lib/python3.11/site-packages/ase/filters.py:600: RuntimeWarning: logm result may be inaccurate, approximate err = 2.8301742611022084e-13
  pos[natoms:] = self.logm(pos[natoms:]) * self.exp_cell_factor
/mnt/scratch2/q13camb_scratch/perovskites/installation_stuff/grace/lib/python3.11/site-packages/numpy/core/fromnumeric.py:59: FutureWarning: 'DataFrame.swapaxes' is deprecated and will be removed in a future version. Please use 'DataFrame.transpose' instead.
  return bound(*args, **kwds)
/mnt/scratch2/q13camb_scratch/perovskites/installation_stuff/grace/lib/python3.11/site-packages/ase/filters.py:600: RuntimeWarning: logm result may be inaccurate, approximate err = 2.835543000008532e-13
  pos[natoms:] = self.logm(pos[natoms:]) * self.exp_cell_factor
/mnt/scratch2/q13camb_scratch/perovskites/installation_stuff/grace/lib/python3.11/site-packages/numpy/core/fromnumeric.py:59: FutureWarning: 'DataFrame.swapaxes' is deprecated and will be removed in a future version. Please use 'DataFrame.transpose' instead.
  return bound(*args, **kwds)
/mnt/scratch2/q13camb_scratch/perovskites/installation_stuff/grace/lib/python3.11/site-packages/ase/filters.py:600: RuntimeWarning: logm result may be inaccurate, approximate err = 2.849900114905524e-13
  pos[natoms:] = self.logm(pos[natoms:]) * self.exp_cell_factor
/mnt/scratch2/q13camb_scratch/perovskites/installation_stuff/grace/lib/python3.11/site-packages/numpy/core/fromnumeric.py:59: FutureWarning: 'DataFrame.swapaxes' is deprecated and will be removed in a future version. Please use 'DataFrame.transpose' instead.
  return bound(*args, **kwds)
/mnt/scratch2/q13camb_scratch/perovskites/installation_stuff/grace/lib/python3.11/site-packages/ase/filters.py:600: RuntimeWarning: logm result may be inaccurate, approximate err = 2.876266157436464e-13
  pos[natoms:] = self.logm(pos[natoms:]) * self.exp_cell_factor
/mnt/scratch2/q13camb_scratch/perovskites/installation_stuff/grace/lib/python3.11/site-packages/numpy/core/fromnumeric.py:59: FutureWarning: 'DataFrame.swapaxes' is deprecated and will be removed in a future version. Please use 'DataFrame.transpose' instead.
  return bound(*args, **kwds)
/mnt/scratch2/q13camb_scratch/perovskites/installation_stuff/grace/lib/python3.11/site-packages/ase/filters.py:600: RuntimeWarning: logm result may be inaccurate, approximate err = 2.861270653697603e-13
  pos[natoms:] = self.logm(pos[natoms:]) * self.exp_cell_factor
/mnt/scratch2/q13camb_scratch/perovskites/installation_stuff/grace/lib/python3.11/site-packages/numpy/core/fromnumeric.py:59: FutureWarning: 'DataFrame.swapaxes' is deprecated and will be removed in a future version. Please use 'DataFrame.transpose' instead.
  return bound(*args, **kwds)
/mnt/scratch2/q13camb_scratch/perovskites/installation_stuff/grace/lib/python3.11/site-packages/ase/filters.py:600: RuntimeWarning: logm result may be inaccurate, approximate err = 2.8596058565380513e-13
  pos[natoms:] = self.logm(pos[natoms:]) * self.exp_cell_factor
/mnt/scratch2/q13camb_scratch/perovskites/installation_stuff/grace/lib/python3.11/site-packages/numpy/core/fromnumeric.py:59: FutureWarning: 'DataFrame.swapaxes' is deprecated and will be removed in a future version. Please use 'DataFrame.transpose' instead.
  return bound(*args, **kwds)
/mnt/scratch2/q13camb_scratch/perovskites/installation_stuff/grace/lib/python3.11/site-packages/ase/filters.py:600: RuntimeWarning: logm result may be inaccurate, approximate err = 2.8774187357431763e-13
  pos[natoms:] = self.logm(pos[natoms:]) * self.exp_cell_factor
/mnt/scratch2/q13camb_scratch/perovskites/installation_stuff/grace/lib/python3.11/site-packages/numpy/core/fromnumeric.py:59: FutureWarning: 'DataFrame.swapaxes' is deprecated and will be removed in a future version. Please use 'DataFrame.transpose' instead.
  return bound(*args, **kwds)
/mnt/scratch2/q13camb_scratch/perovskites/installation_stuff/grace/lib/python3.11/site-packages/ase/filters.py:600: RuntimeWarning: logm result may be inaccurate, approximate err = 2.8473269263559064e-13
  pos[natoms:] = self.logm(pos[natoms:]) * self.exp_cell_factor
/mnt/scratch2/q13camb_scratch/perovskites/installation_stuff/grace/lib/python3.11/site-packages/numpy/core/fromnumeric.py:59: FutureWarning: 'DataFrame.swapaxes' is deprecated and will be removed in a future version. Please use 'DataFrame.transpose' instead.
  return bound(*args, **kwds)
/mnt/scratch2/q13camb_scratch/perovskites/installation_stuff/grace/lib/python3.11/site-packages/ase/filters.py:600: RuntimeWarning: logm result may be inaccurate, approximate err = 2.8808163303424913e-13
  pos[natoms:] = self.logm(pos[natoms:]) * self.exp_cell_factor
/mnt/scratch2/q13camb_scratch/perovskites/installation_stuff/grace/lib/python3.11/site-packages/numpy/core/fromnumeric.py:59: FutureWarning: 'DataFrame.swapaxes' is deprecated and will be removed in a future version. Please use 'DataFrame.transpose' instead.
  return bound(*args, **kwds)
/mnt/scratch2/q13camb_scratch/perovskites/installation_stuff/grace/lib/python3.11/site-packages/ase/filters.py:600: RuntimeWarning: logm result may be inaccurate, approximate err = 2.8263737362492855e-13
  pos[natoms:] = self.logm(pos[natoms:]) * self.exp_cell_factor
/mnt/scratch2/q13camb_scratch/perovskites/installation_stuff/grace/lib/python3.11/site-packages/numpy/core/fromnumeric.py:59: FutureWarning: 'DataFrame.swapaxes' is deprecated and will be removed in a future version. Please use 'DataFrame.transpose' instead.
  return bound(*args, **kwds)
/mnt/scratch2/q13camb_scratch/perovskites/installation_stuff/grace/lib/python3.11/site-packages/ase/filters.py:600: RuntimeWarning: logm result may be inaccurate, approximate err = 2.7818952712909775e-13
  pos[natoms:] = self.logm(pos[natoms:]) * self.exp_cell_factor
/mnt/scratch2/q13camb_scratch/perovskites/installation_stuff/grace/lib/python3.11/site-packages/numpy/core/fromnumeric.py:59: FutureWarning: 'DataFrame.swapaxes' is deprecated and will be removed in a future version. Please use 'DataFrame.transpose' instead.
  return bound(*args, **kwds)
/mnt/scratch2/q13camb_scratch/perovskites/installation_stuff/grace/lib/python3.11/site-packages/ase/filters.py:600: RuntimeWarning: logm result may be inaccurate, approximate err = 2.8799101429262564e-13
  pos[natoms:] = self.logm(pos[natoms:]) * self.exp_cell_factor
/mnt/scratch2/q13camb_scratch/perovskites/installation_stuff/grace/lib/python3.11/site-packages/numpy/core/fromnumeric.py:59: FutureWarning: 'DataFrame.swapaxes' is deprecated and will be removed in a future version. Please use 'DataFrame.transpose' instead.
  return bound(*args, **kwds)
/mnt/scratch2/q13camb_scratch/perovskites/installation_stuff/grace/lib/python3.11/site-packages/ase/filters.py:600: RuntimeWarning: logm result may be inaccurate, approximate err = 2.859447948177843e-13
  pos[natoms:] = self.logm(pos[natoms:]) * self.exp_cell_factor
/mnt/scratch2/q13camb_scratch/perovskites/installation_stuff/grace/lib/python3.11/site-packages/numpy/core/fromnumeric.py:59: FutureWarning: 'DataFrame.swapaxes' is deprecated and will be removed in a future version. Please use 'DataFrame.transpose' instead.
  return bound(*args, **kwds)
/mnt/scratch2/q13camb_scratch/perovskites/installation_stuff/grace/lib/python3.11/site-packages/ase/filters.py:600: RuntimeWarning: logm result may be inaccurate, approximate err = 2.8042233278126345e-13
  pos[natoms:] = self.logm(pos[natoms:]) * self.exp_cell_factor
/mnt/scratch2/q13camb_scratch/perovskites/installation_stuff/grace/lib/python3.11/site-packages/numpy/core/fromnumeric.py:59: FutureWarning: 'DataFrame.swapaxes' is deprecated and will be removed in a future version. Please use 'DataFrame.transpose' instead.
  return bound(*args, **kwds)
/mnt/scratch2/q13camb_scratch/perovskites/installation_stuff/grace/lib/python3.11/site-packages/ase/filters.py:600: RuntimeWarning: logm result may be inaccurate, approximate err = 2.796009837286908e-13
  pos[natoms:] = self.logm(pos[natoms:]) * self.exp_cell_factor
/mnt/scratch2/q13camb_scratch/perovskites/installation_stuff/grace/lib/python3.11/site-packages/numpy/core/fromnumeric.py:59: FutureWarning: 'DataFrame.swapaxes' is deprecated and will be removed in a future version. Please use 'DataFrame.transpose' instead.
  return bound(*args, **kwds)
/mnt/scratch2/q13camb_scratch/perovskites/installation_stuff/grace/lib/python3.11/site-packages/ase/filters.py:600: RuntimeWarning: logm result may be inaccurate, approximate err = 2.8994610419806153e-13
  pos[natoms:] = self.logm(pos[natoms:]) * self.exp_cell_factor
/mnt/scratch2/q13camb_scratch/perovskites/installation_stuff/grace/lib/python3.11/site-packages/numpy/core/fromnumeric.py:59: FutureWarning: 'DataFrame.swapaxes' is deprecated and will be removed in a future version. Please use 'DataFrame.transpose' instead.
  return bound(*args, **kwds)
/mnt/scratch2/q13camb_scratch/perovskites/installation_stuff/grace/lib/python3.11/site-packages/ase/filters.py:600: RuntimeWarning: logm result may be inaccurate, approximate err = 2.851444228613164e-13
  pos[natoms:] = self.logm(pos[natoms:]) * self.exp_cell_factor
/mnt/scratch2/q13camb_scratch/perovskites/installation_stuff/grace/lib/python3.11/site-packages/numpy/core/fromnumeric.py:59: FutureWarning: 'DataFrame.swapaxes' is deprecated and will be removed in a future version. Please use 'DataFrame.transpose' instead.
  return bound(*args, **kwds)
/mnt/scratch2/q13camb_scratch/perovskites/installation_stuff/grace/lib/python3.11/site-packages/ase/filters.py:600: RuntimeWarning: logm result may be inaccurate, approximate err = 2.895764957727091e-13
  pos[natoms:] = self.logm(pos[natoms:]) * self.exp_cell_factor
/mnt/scratch2/q13camb_scratch/perovskites/installation_stuff/grace/lib/python3.11/site-packages/numpy/core/fromnumeric.py:59: FutureWarning: 'DataFrame.swapaxes' is deprecated and will be removed in a future version. Please use 'DataFrame.transpose' instead.
  return bound(*args, **kwds)
/mnt/scratch2/q13camb_scratch/perovskites/installation_stuff/grace/lib/python3.11/site-packages/ase/filters.py:600: RuntimeWarning: logm result may be inaccurate, approximate err = 2.8924201099282365e-13
  pos[natoms:] = self.logm(pos[natoms:]) * self.exp_cell_factor
/mnt/scratch2/q13camb_scratch/perovskites/installation_stuff/grace/lib/python3.11/site-packages/numpy/core/fromnumeric.py:59: FutureWarning: 'DataFrame.swapaxes' is deprecated and will be removed in a future version. Please use 'DataFrame.transpose' instead.
  return bound(*args, **kwds)
/mnt/scratch2/q13camb_scratch/perovskites/installation_stuff/grace/lib/python3.11/site-packages/ase/filters.py:600: RuntimeWarning: logm result may be inaccurate, approximate err = 2.830733157388436e-13
  pos[natoms:] = self.logm(pos[natoms:]) * self.exp_cell_factor
/mnt/scratch2/q13camb_scratch/perovskites/installation_stuff/grace/lib/python3.11/site-packages/numpy/core/fromnumeric.py:59: FutureWarning: 'DataFrame.swapaxes' is deprecated and will be removed in a future version. Please use 'DataFrame.transpose' instead.
  return bound(*args, **kwds)
/mnt/scratch2/q13camb_scratch/perovskites/installation_stuff/grace/lib/python3.11/site-packages/ase/filters.py:600: RuntimeWarning: logm result may be inaccurate, approximate err = 2.8317690100777775e-13
  pos[natoms:] = self.logm(pos[natoms:]) * self.exp_cell_factor
/mnt/scratch2/q13camb_scratch/perovskites/installation_stuff/grace/lib/python3.11/site-packages/numpy/core/fromnumeric.py:59: FutureWarning: 'DataFrame.swapaxes' is deprecated and will be removed in a future version. Please use 'DataFrame.transpose' instead.
  return bound(*args, **kwds)
/mnt/scratch2/q13camb_scratch/perovskites/installation_stuff/grace/lib/python3.11/site-packages/ase/filters.py:600: RuntimeWarning: logm result may be inaccurate, approximate err = 2.819583799816685e-13
  pos[natoms:] = self.logm(pos[natoms:]) * self.exp_cell_factor
/mnt/scratch2/q13camb_scratch/perovskites/installation_stuff/grace/lib/python3.11/site-packages/numpy/core/fromnumeric.py:59: FutureWarning: 'DataFrame.swapaxes' is deprecated and will be removed in a future version. Please use 'DataFrame.transpose' instead.
  return bound(*args, **kwds)
/mnt/scratch2/q13camb_scratch/perovskites/installation_stuff/grace/lib/python3.11/site-packages/ase/filters.py:600: RuntimeWarning: logm result may be inaccurate, approximate err = 2.893342852140822e-13
  pos[natoms:] = self.logm(pos[natoms:]) * self.exp_cell_factor
/mnt/scratch2/q13camb_scratch/perovskites/installation_stuff/grace/lib/python3.11/site-packages/numpy/core/fromnumeric.py:59: FutureWarning: 'DataFrame.swapaxes' is deprecated and will be removed in a future version. Please use 'DataFrame.transpose' instead.
  return bound(*args, **kwds)
/mnt/scratch2/q13camb_scratch/perovskites/installation_stuff/grace/lib/python3.11/site-packages/ase/filters.py:600: RuntimeWarning: logm result may be inaccurate, approximate err = 2.9065748895207887e-13
  pos[natoms:] = self.logm(pos[natoms:]) * self.exp_cell_factor
/mnt/scratch2/q13camb_scratch/perovskites/installation_stuff/grace/lib/python3.11/site-packages/numpy/core/fromnumeric.py:59: FutureWarning: 'DataFrame.swapaxes' is deprecated and will be removed in a future version. Please use 'DataFrame.transpose' instead.
  return bound(*args, **kwds)
/mnt/scratch2/q13camb_scratch/perovskites/installation_stuff/grace/lib/python3.11/site-packages/ase/filters.py:600: RuntimeWarning: logm result may be inaccurate, approximate err = 2.854914722994356e-13
  pos[natoms:] = self.logm(pos[natoms:]) * self.exp_cell_factor
/mnt/scratch2/q13camb_scratch/perovskites/installation_stuff/grace/lib/python3.11/site-packages/numpy/core/fromnumeric.py:59: FutureWarning: 'DataFrame.swapaxes' is deprecated and will be removed in a future version. Please use 'DataFrame.transpose' instead.
  return bound(*args, **kwds)
/mnt/scratch2/q13camb_scratch/perovskites/installation_stuff/grace/lib/python3.11/site-packages/ase/filters.py:600: RuntimeWarning: logm result may be inaccurate, approximate err = 2.836689561873537e-13
  pos[natoms:] = self.logm(pos[natoms:]) * self.exp_cell_factor
/mnt/scratch2/q13camb_scratch/perovskites/installation_stuff/grace/lib/python3.11/site-packages/numpy/core/fromnumeric.py:59: FutureWarning: 'DataFrame.swapaxes' is deprecated and will be removed in a future version. Please use 'DataFrame.transpose' instead.
  return bound(*args, **kwds)
/mnt/scratch2/q13camb_scratch/perovskites/installation_stuff/grace/lib/python3.11/site-packages/ase/filters.py:600: RuntimeWarning: logm result may be inaccurate, approximate err = 2.888136159010034e-13
  pos[natoms:] = self.logm(pos[natoms:]) * self.exp_cell_factor
/mnt/scratch2/q13camb_scratch/perovskites/installation_stuff/grace/lib/python3.11/site-packages/numpy/core/fromnumeric.py:59: FutureWarning: 'DataFrame.swapaxes' is deprecated and will be removed in a future version. Please use 'DataFrame.transpose' instead.
  return bound(*args, **kwds)
/mnt/scratch2/q13camb_scratch/perovskites/installation_stuff/grace/lib/python3.11/site-packages/ase/filters.py:600: RuntimeWarning: logm result may be inaccurate, approximate err = 2.8544440390290476e-13
  pos[natoms:] = self.logm(pos[natoms:]) * self.exp_cell_factor
/mnt/scratch2/q13camb_scratch/perovskites/installation_stuff/grace/lib/python3.11/site-packages/numpy/core/fromnumeric.py:59: FutureWarning: 'DataFrame.swapaxes' is deprecated and will be removed in a future version. Please use 'DataFrame.transpose' instead.
  return bound(*args, **kwds)
/mnt/scratch2/q13camb_scratch/perovskites/installation_stuff/grace/lib/python3.11/site-packages/ase/filters.py:600: RuntimeWarning: logm result may be inaccurate, approximate err = 2.883774379736408e-13
  pos[natoms:] = self.logm(pos[natoms:]) * self.exp_cell_factor
/mnt/scratch2/q13camb_scratch/perovskites/installation_stuff/grace/lib/python3.11/site-packages/numpy/core/fromnumeric.py:59: FutureWarning: 'DataFrame.swapaxes' is deprecated and will be removed in a future version. Please use 'DataFrame.transpose' instead.
  return bound(*args, **kwds)
/mnt/scratch2/q13camb_scratch/perovskites/installation_stuff/grace/lib/python3.11/site-packages/ase/filters.py:600: RuntimeWarning: logm result may be inaccurate, approximate err = 2.854646991190493e-13
  pos[natoms:] = self.logm(pos[natoms:]) * self.exp_cell_factor
/mnt/scratch2/q13camb_scratch/perovskites/installation_stuff/grace/lib/python3.11/site-packages/numpy/core/fromnumeric.py:59: FutureWarning: 'DataFrame.swapaxes' is deprecated and will be removed in a future version. Please use 'DataFrame.transpose' instead.
  return bound(*args, **kwds)
/mnt/scratch2/q13camb_scratch/perovskites/installation_stuff/grace/lib/python3.11/site-packages/ase/filters.py:600: RuntimeWarning: logm result may be inaccurate, approximate err = 2.8725493576365827e-13
  pos[natoms:] = self.logm(pos[natoms:]) * self.exp_cell_factor
/mnt/scratch2/q13camb_scratch/perovskites/installation_stuff/grace/lib/python3.11/site-packages/numpy/core/fromnumeric.py:59: FutureWarning: 'DataFrame.swapaxes' is deprecated and will be removed in a future version. Please use 'DataFrame.transpose' instead.
  return bound(*args, **kwds)
/mnt/scratch2/q13camb_scratch/perovskites/installation_stuff/grace/lib/python3.11/site-packages/ase/filters.py:600: RuntimeWarning: logm result may be inaccurate, approximate err = 2.833607818656961e-13
  pos[natoms:] = self.logm(pos[natoms:]) * self.exp_cell_factor
/mnt/scratch2/q13camb_scratch/perovskites/installation_stuff/grace/lib/python3.11/site-packages/numpy/core/fromnumeric.py:59: FutureWarning: 'DataFrame.swapaxes' is deprecated and will be removed in a future version. Please use 'DataFrame.transpose' instead.
  return bound(*args, **kwds)
/mnt/scratch2/q13camb_scratch/perovskites/installation_stuff/grace/lib/python3.11/site-packages/ase/filters.py:600: RuntimeWarning: logm result may be inaccurate, approximate err = 2.8535741325722764e-13
  pos[natoms:] = self.logm(pos[natoms:]) * self.exp_cell_factor
/mnt/scratch2/q13camb_scratch/perovskites/installation_stuff/grace/lib/python3.11/site-packages/numpy/core/fromnumeric.py:59: FutureWarning: 'DataFrame.swapaxes' is deprecated and will be removed in a future version. Please use 'DataFrame.transpose' instead.
  return bound(*args, **kwds)
/mnt/scratch2/q13camb_scratch/perovskites/installation_stuff/grace/lib/python3.11/site-packages/ase/filters.py:600: RuntimeWarning: logm result may be inaccurate, approximate err = 2.8072386043776825e-13
  pos[natoms:] = self.logm(pos[natoms:]) * self.exp_cell_factor
/mnt/scratch2/q13camb_scratch/perovskites/installation_stuff/grace/lib/python3.11/site-packages/numpy/core/fromnumeric.py:59: FutureWarning: 'DataFrame.swapaxes' is deprecated and will be removed in a future version. Please use 'DataFrame.transpose' instead.
  return bound(*args, **kwds)
/mnt/scratch2/q13camb_scratch/perovskites/installation_stuff/grace/lib/python3.11/site-packages/ase/filters.py:600: RuntimeWarning: logm result may be inaccurate, approximate err = 2.8249420898495556e-13
  pos[natoms:] = self.logm(pos[natoms:]) * self.exp_cell_factor
/mnt/scratch2/q13camb_scratch/perovskites/installation_stuff/grace/lib/python3.11/site-packages/numpy/core/fromnumeric.py:59: FutureWarning: 'DataFrame.swapaxes' is deprecated and will be removed in a future version. Please use 'DataFrame.transpose' instead.
  return bound(*args, **kwds)
/mnt/scratch2/q13camb_scratch/perovskites/installation_stuff/grace/lib/python3.11/site-packages/ase/filters.py:600: RuntimeWarning: logm result may be inaccurate, approximate err = 2.8230669264956347e-13
  pos[natoms:] = self.logm(pos[natoms:]) * self.exp_cell_factor
/mnt/scratch2/q13camb_scratch/perovskites/installation_stuff/grace/lib/python3.11/site-packages/numpy/core/fromnumeric.py:59: FutureWarning: 'DataFrame.swapaxes' is deprecated and will be removed in a future version. Please use 'DataFrame.transpose' instead.
  return bound(*args, **kwds)
/mnt/scratch2/q13camb_scratch/perovskites/installation_stuff/grace/lib/python3.11/site-packages/ase/filters.py:600: RuntimeWarning: logm result may be inaccurate, approximate err = 2.878894043608518e-13
  pos[natoms:] = self.logm(pos[natoms:]) * self.exp_cell_factor
/mnt/scratch2/q13camb_scratch/perovskites/installation_stuff/grace/lib/python3.11/site-packages/numpy/core/fromnumeric.py:59: FutureWarning: 'DataFrame.swapaxes' is deprecated and will be removed in a future version. Please use 'DataFrame.transpose' instead.
  return bound(*args, **kwds)
/mnt/scratch2/q13camb_scratch/perovskites/installation_stuff/grace/lib/python3.11/site-packages/ase/filters.py:600: RuntimeWarning: logm result may be inaccurate, approximate err = 2.880961494845298e-13
  pos[natoms:] = self.logm(pos[natoms:]) * self.exp_cell_factor
/mnt/scratch2/q13camb_scratch/perovskites/installation_stuff/grace/lib/python3.11/site-packages/numpy/core/fromnumeric.py:59: FutureWarning: 'DataFrame.swapaxes' is deprecated and will be removed in a future version. Please use 'DataFrame.transpose' instead.
  return bound(*args, **kwds)
/mnt/scratch2/q13camb_scratch/perovskites/installation_stuff/grace/lib/python3.11/site-packages/ase/filters.py:600: RuntimeWarning: logm result may be inaccurate, approximate err = 2.8233017992821367e-13
  pos[natoms:] = self.logm(pos[natoms:]) * self.exp_cell_factor
/mnt/scratch2/q13camb_scratch/perovskites/installation_stuff/grace/lib/python3.11/site-packages/numpy/core/fromnumeric.py:59: FutureWarning: 'DataFrame.swapaxes' is deprecated and will be removed in a future version. Please use 'DataFrame.transpose' instead.
  return bound(*args, **kwds)
