[38;5;127mapps[0m/[38;5;172manaconda3[0m/[38;5;67m2024.06[0m/[38;5;68mbin[0m
 |
 [0;32mOK[0m
2025-02-05 15:16:55.199265: E external/local_xla/xla/stream_executor/cuda/cuda_fft.cc:479] Unable to register cuFFT factory: Attempting to register factory for plugin cuFFT when one has already been registered
2025-02-05 15:16:55.222271: E external/local_xla/xla/stream_executor/cuda/cuda_dnn.cc:10575] Unable to register cuDNN factory: Attempting to register factory for plugin cuDNN when one has already been registered
2025-02-05 15:16:55.222429: E external/local_xla/xla/stream_executor/cuda/cuda_blas.cc:1442] Unable to register cuBLAS factory: Attempting to register factory for plugin cuBLAS when one has already been registered
2025-02-05 15:16:55.236847: I tensorflow/core/platform/cpu_feature_guard.cc:210] This TensorFlow binary is optimized to use available CPU instructions in performance-critical operations.
To enable the following instructions: AVX2 FMA, in other operations, rebuild TensorFlow with the appropriate compiler flags.
2025-02-05 15:16:56.347450: W tensorflow/compiler/tf2tensorrt/utils/py_utils.cc:38] TF-TRT Warning: Could not find TensorRT
/mnt/scratch2/q13camb_scratch/perovskites/installation_stuff/grace/lib/python3.11/site-packages/ase/io/cif.py:408: UserWarning: crystal system 'Orthorhombic' is not interpreted for space group Spacegroup(62, setting=1). This may result in wrong setting!
  warnings.warn(
WARNING: All log messages before absl::InitializeLog() is called are written to STDERR
I0000 00:00:1738768619.488397 1236714 service.cc:145] XLA service 0xddc6bd0 initialized for platform Host (this does not guarantee that XLA will be used). Devices:
I0000 00:00:1738768619.488552 1236714 service.cc:153]   StreamExecutor device (0): Host, Default Version
2025-02-05 15:16:59.655709: I tensorflow/compiler/mlir/tensorflow/utils/dump_mlir_util.cc:268] disabling MLIR crash reproducer, set env var `MLIR_CRASH_REPRODUCER_DIRECTORY` to enable.
I0000 00:00:1738768622.320774 1236714 device_compiler.h:188] Compiled cluster using XLA!  This line is logged at most once for the lifetime of the process.
/mnt/scratch2/q13camb_scratch/perovskites/installation_stuff/grace/lib/python3.11/site-packages/ase/filters.py:600: RuntimeWarning: logm result may be inaccurate, approximate err = 2.734541393519419e-13
  pos[natoms:] = self.logm(pos[natoms:]) * self.exp_cell_factor
/mnt/scratch2/q13camb_scratch/perovskites/installation_stuff/grace/lib/python3.11/site-packages/ase/filters.py:600: RuntimeWarning: logm result may be inaccurate, approximate err = 2.737215060803335e-13
  pos[natoms:] = self.logm(pos[natoms:]) * self.exp_cell_factor
/mnt/scratch2/q13camb_scratch/perovskites/installation_stuff/grace/lib/python3.11/site-packages/ase/filters.py:600: RuntimeWarning: logm result may be inaccurate, approximate err = 2.7268651212429176e-13
  pos[natoms:] = self.logm(pos[natoms:]) * self.exp_cell_factor
/mnt/scratch2/q13camb_scratch/perovskites/installation_stuff/grace/lib/python3.11/site-packages/ase/filters.py:600: RuntimeWarning: logm result may be inaccurate, approximate err = 2.7531800378264614e-13
  pos[natoms:] = self.logm(pos[natoms:]) * self.exp_cell_factor
/mnt/scratch2/q13camb_scratch/perovskites/installation_stuff/grace/lib/python3.11/site-packages/ase/filters.py:600: RuntimeWarning: logm result may be inaccurate, approximate err = 2.7415742794018425e-13
  pos[natoms:] = self.logm(pos[natoms:]) * self.exp_cell_factor
/mnt/scratch2/q13camb_scratch/perovskites/installation_stuff/grace/lib/python3.11/site-packages/ase/filters.py:600: RuntimeWarning: logm result may be inaccurate, approximate err = 2.7580922422715034e-13
  pos[natoms:] = self.logm(pos[natoms:]) * self.exp_cell_factor
/mnt/scratch2/q13camb_scratch/perovskites/installation_stuff/grace/lib/python3.11/site-packages/ase/filters.py:600: RuntimeWarning: logm result may be inaccurate, approximate err = 2.737101963184582e-13
  pos[natoms:] = self.logm(pos[natoms:]) * self.exp_cell_factor
/mnt/scratch2/q13camb_scratch/perovskites/installation_stuff/grace/lib/python3.11/site-packages/ase/filters.py:600: RuntimeWarning: logm result may be inaccurate, approximate err = 2.7260810947832826e-13
  pos[natoms:] = self.logm(pos[natoms:]) * self.exp_cell_factor
/mnt/scratch2/q13camb_scratch/perovskites/installation_stuff/grace/lib/python3.11/site-packages/ase/filters.py:600: RuntimeWarning: logm result may be inaccurate, approximate err = 2.7371562871383357e-13
  pos[natoms:] = self.logm(pos[natoms:]) * self.exp_cell_factor
/mnt/scratch2/q13camb_scratch/perovskites/installation_stuff/grace/lib/python3.11/site-packages/ase/filters.py:600: RuntimeWarning: logm result may be inaccurate, approximate err = 2.786110658792356e-13
  pos[natoms:] = self.logm(pos[natoms:]) * self.exp_cell_factor
/mnt/scratch2/q13camb_scratch/perovskites/installation_stuff/grace/lib/python3.11/site-packages/ase/filters.py:600: RuntimeWarning: logm result may be inaccurate, approximate err = 2.812144134603824e-13
  pos[natoms:] = self.logm(pos[natoms:]) * self.exp_cell_factor
/mnt/scratch2/q13camb_scratch/perovskites/installation_stuff/grace/lib/python3.11/site-packages/ase/filters.py:600: RuntimeWarning: logm result may be inaccurate, approximate err = 2.7597498472968836e-13
  pos[natoms:] = self.logm(pos[natoms:]) * self.exp_cell_factor
/mnt/scratch2/q13camb_scratch/perovskites/installation_stuff/grace/lib/python3.11/site-packages/ase/filters.py:600: RuntimeWarning: logm result may be inaccurate, approximate err = 2.7826946015828286e-13
  pos[natoms:] = self.logm(pos[natoms:]) * self.exp_cell_factor
/mnt/scratch2/q13camb_scratch/perovskites/installation_stuff/grace/lib/python3.11/site-packages/ase/filters.py:600: RuntimeWarning: logm result may be inaccurate, approximate err = 2.7641067944399433e-13
  pos[natoms:] = self.logm(pos[natoms:]) * self.exp_cell_factor
/mnt/scratch2/q13camb_scratch/perovskites/installation_stuff/grace/lib/python3.11/site-packages/ase/filters.py:600: RuntimeWarning: logm result may be inaccurate, approximate err = 2.7863156140083836e-13
  pos[natoms:] = self.logm(pos[natoms:]) * self.exp_cell_factor
/mnt/scratch2/q13camb_scratch/perovskites/installation_stuff/grace/lib/python3.11/site-packages/ase/filters.py:600: RuntimeWarning: logm result may be inaccurate, approximate err = 2.8118802433989317e-13
  pos[natoms:] = self.logm(pos[natoms:]) * self.exp_cell_factor
/mnt/scratch2/q13camb_scratch/perovskites/installation_stuff/grace/lib/python3.11/site-packages/ase/filters.py:600: RuntimeWarning: logm result may be inaccurate, approximate err = 2.8501186692765743e-13
  pos[natoms:] = self.logm(pos[natoms:]) * self.exp_cell_factor
/mnt/scratch2/q13camb_scratch/perovskites/installation_stuff/grace/lib/python3.11/site-packages/ase/filters.py:600: RuntimeWarning: logm result may be inaccurate, approximate err = 2.880486555477487e-13
  pos[natoms:] = self.logm(pos[natoms:]) * self.exp_cell_factor
/mnt/scratch2/q13camb_scratch/perovskites/installation_stuff/grace/lib/python3.11/site-packages/ase/filters.py:600: RuntimeWarning: logm result may be inaccurate, approximate err = 2.8858519980991294e-13
  pos[natoms:] = self.logm(pos[natoms:]) * self.exp_cell_factor
/mnt/scratch2/q13camb_scratch/perovskites/installation_stuff/grace/lib/python3.11/site-packages/ase/filters.py:600: RuntimeWarning: logm result may be inaccurate, approximate err = 2.899267271489407e-13
  pos[natoms:] = self.logm(pos[natoms:]) * self.exp_cell_factor
/mnt/scratch2/q13camb_scratch/perovskites/installation_stuff/grace/lib/python3.11/site-packages/ase/filters.py:600: RuntimeWarning: logm result may be inaccurate, approximate err = 2.9291917101243334e-13
  pos[natoms:] = self.logm(pos[natoms:]) * self.exp_cell_factor
/mnt/scratch2/q13camb_scratch/perovskites/installation_stuff/grace/lib/python3.11/site-packages/ase/filters.py:600: RuntimeWarning: logm result may be inaccurate, approximate err = 2.891218725718841e-13
  pos[natoms:] = self.logm(pos[natoms:]) * self.exp_cell_factor
/mnt/scratch2/q13camb_scratch/perovskites/installation_stuff/grace/lib/python3.11/site-packages/ase/filters.py:600: RuntimeWarning: logm result may be inaccurate, approximate err = 2.9143662086375826e-13
  pos[natoms:] = self.logm(pos[natoms:]) * self.exp_cell_factor
/mnt/scratch2/q13camb_scratch/perovskites/installation_stuff/grace/lib/python3.11/site-packages/ase/filters.py:600: RuntimeWarning: logm result may be inaccurate, approximate err = 2.886802992448426e-13
  pos[natoms:] = self.logm(pos[natoms:]) * self.exp_cell_factor
/mnt/scratch2/q13camb_scratch/perovskites/installation_stuff/grace/lib/python3.11/site-packages/ase/filters.py:600: RuntimeWarning: logm result may be inaccurate, approximate err = 2.8648190122570435e-13
  pos[natoms:] = self.logm(pos[natoms:]) * self.exp_cell_factor
/mnt/scratch2/q13camb_scratch/perovskites/installation_stuff/grace/lib/python3.11/site-packages/ase/filters.py:600: RuntimeWarning: logm result may be inaccurate, approximate err = 2.9457465021869823e-13
  pos[natoms:] = self.logm(pos[natoms:]) * self.exp_cell_factor
/mnt/scratch2/q13camb_scratch/perovskites/installation_stuff/grace/lib/python3.11/site-packages/ase/filters.py:600: RuntimeWarning: logm result may be inaccurate, approximate err = 2.903151760349505e-13
  pos[natoms:] = self.logm(pos[natoms:]) * self.exp_cell_factor
/mnt/scratch2/q13camb_scratch/perovskites/installation_stuff/grace/lib/python3.11/site-packages/ase/filters.py:600: RuntimeWarning: logm result may be inaccurate, approximate err = 2.8915439924632855e-13
  pos[natoms:] = self.logm(pos[natoms:]) * self.exp_cell_factor
/mnt/scratch2/q13camb_scratch/perovskites/installation_stuff/grace/lib/python3.11/site-packages/ase/filters.py:600: RuntimeWarning: logm result may be inaccurate, approximate err = 2.9468993666796166e-13
  pos[natoms:] = self.logm(pos[natoms:]) * self.exp_cell_factor
/mnt/scratch2/q13camb_scratch/perovskites/installation_stuff/grace/lib/python3.11/site-packages/ase/filters.py:600: RuntimeWarning: logm result may be inaccurate, approximate err = 2.911697867076502e-13
  pos[natoms:] = self.logm(pos[natoms:]) * self.exp_cell_factor
/mnt/scratch2/q13camb_scratch/perovskites/installation_stuff/grace/lib/python3.11/site-packages/ase/filters.py:600: RuntimeWarning: logm result may be inaccurate, approximate err = 2.879757577113844e-13
  pos[natoms:] = self.logm(pos[natoms:]) * self.exp_cell_factor
/mnt/scratch2/q13camb_scratch/perovskites/installation_stuff/grace/lib/python3.11/site-packages/ase/filters.py:600: RuntimeWarning: logm result may be inaccurate, approximate err = 2.8848925248386075e-13
  pos[natoms:] = self.logm(pos[natoms:]) * self.exp_cell_factor
/mnt/scratch2/q13camb_scratch/perovskites/installation_stuff/grace/lib/python3.11/site-packages/ase/filters.py:600: RuntimeWarning: logm result may be inaccurate, approximate err = 2.8476502214829773e-13
  pos[natoms:] = self.logm(pos[natoms:]) * self.exp_cell_factor
/mnt/scratch2/q13camb_scratch/perovskites/installation_stuff/grace/lib/python3.11/site-packages/ase/filters.py:600: RuntimeWarning: logm result may be inaccurate, approximate err = 2.9282437405773123e-13
  pos[natoms:] = self.logm(pos[natoms:]) * self.exp_cell_factor
/mnt/scratch2/q13camb_scratch/perovskites/installation_stuff/grace/lib/python3.11/site-packages/ase/filters.py:600: RuntimeWarning: logm result may be inaccurate, approximate err = 2.8986172885884065e-13
  pos[natoms:] = self.logm(pos[natoms:]) * self.exp_cell_factor
/mnt/scratch2/q13camb_scratch/perovskites/installation_stuff/grace/lib/python3.11/site-packages/ase/filters.py:600: RuntimeWarning: logm result may be inaccurate, approximate err = 2.8961436795081293e-13
  pos[natoms:] = self.logm(pos[natoms:]) * self.exp_cell_factor
/mnt/scratch2/q13camb_scratch/perovskites/installation_stuff/grace/lib/python3.11/site-packages/ase/filters.py:600: RuntimeWarning: logm result may be inaccurate, approximate err = 2.936035113454068e-13
  pos[natoms:] = self.logm(pos[natoms:]) * self.exp_cell_factor
/mnt/scratch2/q13camb_scratch/perovskites/installation_stuff/grace/lib/python3.11/site-packages/ase/filters.py:600: RuntimeWarning: logm result may be inaccurate, approximate err = 2.898544145560719e-13
  pos[natoms:] = self.logm(pos[natoms:]) * self.exp_cell_factor
/mnt/scratch2/q13camb_scratch/perovskites/installation_stuff/grace/lib/python3.11/site-packages/ase/filters.py:600: RuntimeWarning: logm result may be inaccurate, approximate err = 2.872012916371222e-13
  pos[natoms:] = self.logm(pos[natoms:]) * self.exp_cell_factor
/mnt/scratch2/q13camb_scratch/perovskites/installation_stuff/grace/lib/python3.11/site-packages/ase/filters.py:600: RuntimeWarning: logm result may be inaccurate, approximate err = 2.8488501910293775e-13
  pos[natoms:] = self.logm(pos[natoms:]) * self.exp_cell_factor
/mnt/scratch2/q13camb_scratch/perovskites/installation_stuff/grace/lib/python3.11/site-packages/ase/filters.py:600: RuntimeWarning: logm result may be inaccurate, approximate err = 2.928525590511487e-13
  pos[natoms:] = self.logm(pos[natoms:]) * self.exp_cell_factor
/mnt/scratch2/q13camb_scratch/perovskites/installation_stuff/grace/lib/python3.11/site-packages/ase/filters.py:600: RuntimeWarning: logm result may be inaccurate, approximate err = 2.9344701513366453e-13
  pos[natoms:] = self.logm(pos[natoms:]) * self.exp_cell_factor
/mnt/scratch2/q13camb_scratch/perovskites/installation_stuff/grace/lib/python3.11/site-packages/ase/filters.py:600: RuntimeWarning: logm result may be inaccurate, approximate err = 2.880645420197517e-13
  pos[natoms:] = self.logm(pos[natoms:]) * self.exp_cell_factor
/mnt/scratch2/q13camb_scratch/perovskites/installation_stuff/grace/lib/python3.11/site-packages/ase/filters.py:600: RuntimeWarning: logm result may be inaccurate, approximate err = 2.904334625381874e-13
  pos[natoms:] = self.logm(pos[natoms:]) * self.exp_cell_factor
/mnt/scratch2/q13camb_scratch/perovskites/installation_stuff/grace/lib/python3.11/site-packages/ase/filters.py:600: RuntimeWarning: logm result may be inaccurate, approximate err = 2.904205752748949e-13
  pos[natoms:] = self.logm(pos[natoms:]) * self.exp_cell_factor
/mnt/scratch2/q13camb_scratch/perovskites/installation_stuff/grace/lib/python3.11/site-packages/ase/filters.py:600: RuntimeWarning: logm result may be inaccurate, approximate err = 2.914920294540921e-13
  pos[natoms:] = self.logm(pos[natoms:]) * self.exp_cell_factor
/mnt/scratch2/q13camb_scratch/perovskites/installation_stuff/grace/lib/python3.11/site-packages/ase/filters.py:600: RuntimeWarning: logm result may be inaccurate, approximate err = 2.9113900906310423e-13
  pos[natoms:] = self.logm(pos[natoms:]) * self.exp_cell_factor
/mnt/scratch2/q13camb_scratch/perovskites/installation_stuff/grace/lib/python3.11/site-packages/ase/filters.py:600: RuntimeWarning: logm result may be inaccurate, approximate err = 2.9299163186773027e-13
  pos[natoms:] = self.logm(pos[natoms:]) * self.exp_cell_factor
/mnt/scratch2/q13camb_scratch/perovskites/installation_stuff/grace/lib/python3.11/site-packages/ase/filters.py:600: RuntimeWarning: logm result may be inaccurate, approximate err = 2.87417974857162e-13
  pos[natoms:] = self.logm(pos[natoms:]) * self.exp_cell_factor
/mnt/scratch2/q13camb_scratch/perovskites/installation_stuff/grace/lib/python3.11/site-packages/ase/filters.py:600: RuntimeWarning: logm result may be inaccurate, approximate err = 2.878886740480681e-13
  pos[natoms:] = self.logm(pos[natoms:]) * self.exp_cell_factor
/mnt/scratch2/q13camb_scratch/perovskites/installation_stuff/grace/lib/python3.11/site-packages/ase/filters.py:600: RuntimeWarning: logm result may be inaccurate, approximate err = 2.9678950988733117e-13
  pos[natoms:] = self.logm(pos[natoms:]) * self.exp_cell_factor
/mnt/scratch2/q13camb_scratch/perovskites/installation_stuff/grace/lib/python3.11/site-packages/ase/filters.py:600: RuntimeWarning: logm result may be inaccurate, approximate err = 2.9300474692618087e-13
  pos[natoms:] = self.logm(pos[natoms:]) * self.exp_cell_factor
/mnt/scratch2/q13camb_scratch/perovskites/installation_stuff/grace/lib/python3.11/site-packages/ase/filters.py:600: RuntimeWarning: logm result may be inaccurate, approximate err = 2.9094234988677825e-13
  pos[natoms:] = self.logm(pos[natoms:]) * self.exp_cell_factor
/mnt/scratch2/q13camb_scratch/perovskites/installation_stuff/grace/lib/python3.11/site-packages/ase/filters.py:600: RuntimeWarning: logm result may be inaccurate, approximate err = 2.950133286388643e-13
  pos[natoms:] = self.logm(pos[natoms:]) * self.exp_cell_factor
/mnt/scratch2/q13camb_scratch/perovskites/installation_stuff/grace/lib/python3.11/site-packages/ase/filters.py:600: RuntimeWarning: logm result may be inaccurate, approximate err = 2.9359027003272385e-13
  pos[natoms:] = self.logm(pos[natoms:]) * self.exp_cell_factor
/mnt/scratch2/q13camb_scratch/perovskites/installation_stuff/grace/lib/python3.11/site-packages/ase/filters.py:600: RuntimeWarning: logm result may be inaccurate, approximate err = 2.9860627387434345e-13
  pos[natoms:] = self.logm(pos[natoms:]) * self.exp_cell_factor
/mnt/scratch2/q13camb_scratch/perovskites/installation_stuff/grace/lib/python3.11/site-packages/ase/filters.py:600: RuntimeWarning: logm result may be inaccurate, approximate err = 2.9334960704394635e-13
  pos[natoms:] = self.logm(pos[natoms:]) * self.exp_cell_factor
/mnt/scratch2/q13camb_scratch/perovskites/installation_stuff/grace/lib/python3.11/site-packages/ase/filters.py:600: RuntimeWarning: logm result may be inaccurate, approximate err = 2.9536914617138635e-13
  pos[natoms:] = self.logm(pos[natoms:]) * self.exp_cell_factor
/mnt/scratch2/q13camb_scratch/perovskites/installation_stuff/grace/lib/python3.11/site-packages/ase/filters.py:600: RuntimeWarning: logm result may be inaccurate, approximate err = 2.958306291219855e-13
  pos[natoms:] = self.logm(pos[natoms:]) * self.exp_cell_factor
/mnt/scratch2/q13camb_scratch/perovskites/installation_stuff/grace/lib/python3.11/site-packages/ase/filters.py:600: RuntimeWarning: logm result may be inaccurate, approximate err = 2.975344567245777e-13
  pos[natoms:] = self.logm(pos[natoms:]) * self.exp_cell_factor
/mnt/scratch2/q13camb_scratch/perovskites/installation_stuff/grace/lib/python3.11/site-packages/ase/filters.py:600: RuntimeWarning: logm result may be inaccurate, approximate err = 2.952728178719492e-13
  pos[natoms:] = self.logm(pos[natoms:]) * self.exp_cell_factor
/mnt/scratch2/q13camb_scratch/perovskites/installation_stuff/grace/lib/python3.11/site-packages/ase/filters.py:600: RuntimeWarning: logm result may be inaccurate, approximate err = 2.9833358215487364e-13
  pos[natoms:] = self.logm(pos[natoms:]) * self.exp_cell_factor
/mnt/scratch2/q13camb_scratch/perovskites/installation_stuff/grace/lib/python3.11/site-packages/ase/filters.py:600: RuntimeWarning: logm result may be inaccurate, approximate err = 2.988426437059541e-13
  pos[natoms:] = self.logm(pos[natoms:]) * self.exp_cell_factor
/mnt/scratch2/q13camb_scratch/perovskites/installation_stuff/grace/lib/python3.11/site-packages/ase/filters.py:600: RuntimeWarning: logm result may be inaccurate, approximate err = 2.9423582320863964e-13
  pos[natoms:] = self.logm(pos[natoms:]) * self.exp_cell_factor
/mnt/scratch2/q13camb_scratch/perovskites/installation_stuff/grace/lib/python3.11/site-packages/ase/filters.py:600: RuntimeWarning: logm result may be inaccurate, approximate err = 2.950861893462849e-13
  pos[natoms:] = self.logm(pos[natoms:]) * self.exp_cell_factor
/mnt/scratch2/q13camb_scratch/perovskites/installation_stuff/grace/lib/python3.11/site-packages/ase/filters.py:600: RuntimeWarning: logm result may be inaccurate, approximate err = 2.955945890594553e-13
  pos[natoms:] = self.logm(pos[natoms:]) * self.exp_cell_factor
/mnt/scratch2/q13camb_scratch/perovskites/installation_stuff/grace/lib/python3.11/site-packages/ase/filters.py:600: RuntimeWarning: logm result may be inaccurate, approximate err = 2.9678448343140915e-13
  pos[natoms:] = self.logm(pos[natoms:]) * self.exp_cell_factor
/mnt/scratch2/q13camb_scratch/perovskites/installation_stuff/grace/lib/python3.11/site-packages/ase/filters.py:600: RuntimeWarning: logm result may be inaccurate, approximate err = 2.9746409694035143e-13
  pos[natoms:] = self.logm(pos[natoms:]) * self.exp_cell_factor
/mnt/scratch2/q13camb_scratch/perovskites/installation_stuff/grace/lib/python3.11/site-packages/ase/filters.py:600: RuntimeWarning: logm result may be inaccurate, approximate err = 2.955937497134826e-13
  pos[natoms:] = self.logm(pos[natoms:]) * self.exp_cell_factor
/mnt/scratch2/q13camb_scratch/perovskites/installation_stuff/grace/lib/python3.11/site-packages/ase/filters.py:600: RuntimeWarning: logm result may be inaccurate, approximate err = 2.960975177546073e-13
  pos[natoms:] = self.logm(pos[natoms:]) * self.exp_cell_factor
/mnt/scratch2/q13camb_scratch/perovskites/installation_stuff/grace/lib/python3.11/site-packages/ase/filters.py:600: RuntimeWarning: logm result may be inaccurate, approximate err = 2.9965779722786175e-13
  pos[natoms:] = self.logm(pos[natoms:]) * self.exp_cell_factor
/mnt/scratch2/q13camb_scratch/perovskites/installation_stuff/grace/lib/python3.11/site-packages/ase/filters.py:600: RuntimeWarning: logm result may be inaccurate, approximate err = 2.928334978276192e-13
  pos[natoms:] = self.logm(pos[natoms:]) * self.exp_cell_factor
/mnt/scratch2/q13camb_scratch/perovskites/installation_stuff/grace/lib/python3.11/site-packages/ase/filters.py:600: RuntimeWarning: logm result may be inaccurate, approximate err = 2.933293006012635e-13
  pos[natoms:] = self.logm(pos[natoms:]) * self.exp_cell_factor
/mnt/scratch2/q13camb_scratch/perovskites/installation_stuff/grace/lib/python3.11/site-packages/ase/filters.py:600: RuntimeWarning: logm result may be inaccurate, approximate err = 2.894180068795732e-13
  pos[natoms:] = self.logm(pos[natoms:]) * self.exp_cell_factor
/mnt/scratch2/q13camb_scratch/perovskites/installation_stuff/grace/lib/python3.11/site-packages/ase/filters.py:600: RuntimeWarning: logm result may be inaccurate, approximate err = 2.9246852605154464e-13
  pos[natoms:] = self.logm(pos[natoms:]) * self.exp_cell_factor
/mnt/scratch2/q13camb_scratch/perovskites/installation_stuff/grace/lib/python3.11/site-packages/ase/filters.py:600: RuntimeWarning: logm result may be inaccurate, approximate err = 2.964933687370019e-13
  pos[natoms:] = self.logm(pos[natoms:]) * self.exp_cell_factor
/mnt/scratch2/q13camb_scratch/perovskites/installation_stuff/grace/lib/python3.11/site-packages/ase/filters.py:600: RuntimeWarning: logm result may be inaccurate, approximate err = 2.964924201990757e-13
  pos[natoms:] = self.logm(pos[natoms:]) * self.exp_cell_factor
/mnt/scratch2/q13camb_scratch/perovskites/installation_stuff/grace/lib/python3.11/site-packages/ase/filters.py:600: RuntimeWarning: logm result may be inaccurate, approximate err = 2.910507661458687e-13
  pos[natoms:] = self.logm(pos[natoms:]) * self.exp_cell_factor
/mnt/scratch2/q13camb_scratch/perovskites/installation_stuff/grace/lib/python3.11/site-packages/ase/filters.py:600: RuntimeWarning: logm result may be inaccurate, approximate err = 2.963306307337509e-13
  pos[natoms:] = self.logm(pos[natoms:]) * self.exp_cell_factor
/mnt/scratch2/q13camb_scratch/perovskites/installation_stuff/grace/lib/python3.11/site-packages/ase/filters.py:600: RuntimeWarning: logm result may be inaccurate, approximate err = 2.9088808935280434e-13
  pos[natoms:] = self.logm(pos[natoms:]) * self.exp_cell_factor
/mnt/scratch2/q13camb_scratch/perovskites/installation_stuff/grace/lib/python3.11/site-packages/ase/filters.py:600: RuntimeWarning: logm result may be inaccurate, approximate err = 2.975262282111156e-13
  pos[natoms:] = self.logm(pos[natoms:]) * self.exp_cell_factor
/mnt/scratch2/q13camb_scratch/perovskites/installation_stuff/grace/lib/python3.11/site-packages/ase/filters.py:600: RuntimeWarning: logm result may be inaccurate, approximate err = 2.97015087760684e-13
  pos[natoms:] = self.logm(pos[natoms:]) * self.exp_cell_factor
/mnt/scratch2/q13camb_scratch/perovskites/installation_stuff/grace/lib/python3.11/site-packages/ase/filters.py:600: RuntimeWarning: logm result may be inaccurate, approximate err = 2.910524106753753e-13
  pos[natoms:] = self.logm(pos[natoms:]) * self.exp_cell_factor
/mnt/scratch2/q13camb_scratch/perovskites/installation_stuff/grace/lib/python3.11/site-packages/ase/filters.py:600: RuntimeWarning: logm result may be inaccurate, approximate err = 2.9479659078027985e-13
  pos[natoms:] = self.logm(pos[natoms:]) * self.exp_cell_factor
/mnt/scratch2/q13camb_scratch/perovskites/installation_stuff/grace/lib/python3.11/site-packages/ase/filters.py:600: RuntimeWarning: logm result may be inaccurate, approximate err = 2.915792398113615e-13
  pos[natoms:] = self.logm(pos[natoms:]) * self.exp_cell_factor
/mnt/scratch2/q13camb_scratch/perovskites/installation_stuff/grace/lib/python3.11/site-packages/ase/filters.py:600: RuntimeWarning: logm result may be inaccurate, approximate err = 2.912461467383812e-13
  pos[natoms:] = self.logm(pos[natoms:]) * self.exp_cell_factor
/mnt/scratch2/q13camb_scratch/perovskites/installation_stuff/grace/lib/python3.11/site-packages/ase/filters.py:600: RuntimeWarning: logm result may be inaccurate, approximate err = 2.976956805804541e-13
  pos[natoms:] = self.logm(pos[natoms:]) * self.exp_cell_factor
/mnt/scratch2/q13camb_scratch/perovskites/installation_stuff/grace/lib/python3.11/site-packages/ase/filters.py:600: RuntimeWarning: logm result may be inaccurate, approximate err = 2.922377845011634e-13
  pos[natoms:] = self.logm(pos[natoms:]) * self.exp_cell_factor
/mnt/scratch2/q13camb_scratch/perovskites/installation_stuff/grace/lib/python3.11/site-packages/ase/filters.py:600: RuntimeWarning: logm result may be inaccurate, approximate err = 2.9290916849031803e-13
  pos[natoms:] = self.logm(pos[natoms:]) * self.exp_cell_factor
/mnt/scratch2/q13camb_scratch/perovskites/installation_stuff/grace/lib/python3.11/site-packages/ase/filters.py:600: RuntimeWarning: logm result may be inaccurate, approximate err = 2.9409050224692794e-13
  pos[natoms:] = self.logm(pos[natoms:]) * self.exp_cell_factor
/mnt/scratch2/q13camb_scratch/perovskites/installation_stuff/grace/lib/python3.11/site-packages/ase/filters.py:600: RuntimeWarning: logm result may be inaccurate, approximate err = 2.986868530634653e-13
  pos[natoms:] = self.logm(pos[natoms:]) * self.exp_cell_factor
/mnt/scratch2/q13camb_scratch/perovskites/installation_stuff/grace/lib/python3.11/site-packages/ase/filters.py:600: RuntimeWarning: logm result may be inaccurate, approximate err = 2.930682929789265e-13
  pos[natoms:] = self.logm(pos[natoms:]) * self.exp_cell_factor
/mnt/scratch2/q13camb_scratch/perovskites/installation_stuff/grace/lib/python3.11/site-packages/ase/filters.py:600: RuntimeWarning: logm result may be inaccurate, approximate err = 2.9017345767501827e-13
  pos[natoms:] = self.logm(pos[natoms:]) * self.exp_cell_factor
/mnt/scratch2/q13camb_scratch/perovskites/installation_stuff/grace/lib/python3.11/site-packages/ase/filters.py:600: RuntimeWarning: logm result may be inaccurate, approximate err = 2.9340555668480707e-13
  pos[natoms:] = self.logm(pos[natoms:]) * self.exp_cell_factor
/mnt/scratch2/q13camb_scratch/perovskites/installation_stuff/grace/lib/python3.11/site-packages/ase/filters.py:600: RuntimeWarning: logm result may be inaccurate, approximate err = 2.96645534830453e-13
  pos[natoms:] = self.logm(pos[natoms:]) * self.exp_cell_factor
/mnt/scratch2/q13camb_scratch/perovskites/installation_stuff/grace/lib/python3.11/site-packages/ase/filters.py:600: RuntimeWarning: logm result may be inaccurate, approximate err = 2.9800270888601907e-13
  pos[natoms:] = self.logm(pos[natoms:]) * self.exp_cell_factor
/mnt/scratch2/q13camb_scratch/perovskites/installation_stuff/grace/lib/python3.11/site-packages/ase/filters.py:600: RuntimeWarning: logm result may be inaccurate, approximate err = 2.942581902198325e-13
  pos[natoms:] = self.logm(pos[natoms:]) * self.exp_cell_factor
/mnt/scratch2/q13camb_scratch/perovskites/installation_stuff/grace/lib/python3.11/site-packages/ase/filters.py:600: RuntimeWarning: logm result may be inaccurate, approximate err = 2.9168622160925554e-13
  pos[natoms:] = self.logm(pos[natoms:]) * self.exp_cell_factor
/mnt/scratch2/q13camb_scratch/perovskites/installation_stuff/grace/lib/python3.11/site-packages/ase/filters.py:600: RuntimeWarning: logm result may be inaccurate, approximate err = 2.935659438018266e-13
  pos[natoms:] = self.logm(pos[natoms:]) * self.exp_cell_factor
/mnt/scratch2/q13camb_scratch/perovskites/installation_stuff/grace/lib/python3.11/site-packages/ase/filters.py:600: RuntimeWarning: logm result may be inaccurate, approximate err = 2.9442638214288424e-13
  pos[natoms:] = self.logm(pos[natoms:]) * self.exp_cell_factor
/mnt/scratch2/q13camb_scratch/perovskites/installation_stuff/grace/lib/python3.11/site-packages/ase/filters.py:600: RuntimeWarning: logm result may be inaccurate, approximate err = 2.937385500644364e-13
  pos[natoms:] = self.logm(pos[natoms:]) * self.exp_cell_factor
/mnt/scratch2/q13camb_scratch/perovskites/installation_stuff/grace/lib/python3.11/site-packages/ase/filters.py:600: RuntimeWarning: logm result may be inaccurate, approximate err = 2.9389223249913713e-13
  pos[natoms:] = self.logm(pos[natoms:]) * self.exp_cell_factor
/mnt/scratch2/q13camb_scratch/perovskites/installation_stuff/grace/lib/python3.11/site-packages/ase/filters.py:600: RuntimeWarning: logm result may be inaccurate, approximate err = 2.945760472095874e-13
  pos[natoms:] = self.logm(pos[natoms:]) * self.exp_cell_factor
/mnt/scratch2/q13camb_scratch/perovskites/installation_stuff/grace/lib/python3.11/site-packages/ase/filters.py:600: RuntimeWarning: logm result may be inaccurate, approximate err = 2.9116207145821005e-13
  pos[natoms:] = self.logm(pos[natoms:]) * self.exp_cell_factor
/mnt/scratch2/q13camb_scratch/perovskites/installation_stuff/grace/lib/python3.11/site-packages/ase/filters.py:600: RuntimeWarning: logm result may be inaccurate, approximate err = 2.9373245601244205e-13
  pos[natoms:] = self.logm(pos[natoms:]) * self.exp_cell_factor
/mnt/scratch2/q13camb_scratch/perovskites/installation_stuff/grace/lib/python3.11/site-packages/ase/filters.py:600: RuntimeWarning: logm result may be inaccurate, approximate err = 2.9135444941582587e-13
  pos[natoms:] = self.logm(pos[natoms:]) * self.exp_cell_factor
/mnt/scratch2/q13camb_scratch/perovskites/installation_stuff/grace/lib/python3.11/site-packages/ase/filters.py:600: RuntimeWarning: logm result may be inaccurate, approximate err = 2.944038961832481e-13
  pos[natoms:] = self.logm(pos[natoms:]) * self.exp_cell_factor
/mnt/scratch2/q13camb_scratch/perovskites/installation_stuff/grace/lib/python3.11/site-packages/ase/filters.py:600: RuntimeWarning: logm result may be inaccurate, approximate err = 2.916601655036435e-13
  pos[natoms:] = self.logm(pos[natoms:]) * self.exp_cell_factor
/mnt/scratch2/q13camb_scratch/perovskites/installation_stuff/grace/lib/python3.11/site-packages/ase/filters.py:600: RuntimeWarning: logm result may be inaccurate, approximate err = 2.92671901082773e-13
  pos[natoms:] = self.logm(pos[natoms:]) * self.exp_cell_factor
/mnt/scratch2/q13camb_scratch/perovskites/installation_stuff/grace/lib/python3.11/site-packages/ase/filters.py:600: RuntimeWarning: logm result may be inaccurate, approximate err = 2.900841636270837e-13
  pos[natoms:] = self.logm(pos[natoms:]) * self.exp_cell_factor
/mnt/scratch2/q13camb_scratch/perovskites/installation_stuff/grace/lib/python3.11/site-packages/ase/filters.py:600: RuntimeWarning: logm result may be inaccurate, approximate err = 2.922972719772754e-13
  pos[natoms:] = self.logm(pos[natoms:]) * self.exp_cell_factor
/mnt/scratch2/q13camb_scratch/perovskites/installation_stuff/grace/lib/python3.11/site-packages/ase/filters.py:600: RuntimeWarning: logm result may be inaccurate, approximate err = 2.980554617818034e-13
  pos[natoms:] = self.logm(pos[natoms:]) * self.exp_cell_factor
/mnt/scratch2/q13camb_scratch/perovskites/installation_stuff/grace/lib/python3.11/site-packages/ase/filters.py:600: RuntimeWarning: logm result may be inaccurate, approximate err = 2.9686741925712144e-13
  pos[natoms:] = self.logm(pos[natoms:]) * self.exp_cell_factor
/mnt/scratch2/q13camb_scratch/perovskites/installation_stuff/grace/lib/python3.11/site-packages/ase/filters.py:600: RuntimeWarning: logm result may be inaccurate, approximate err = 2.914243185313143e-13
  pos[natoms:] = self.logm(pos[natoms:]) * self.exp_cell_factor
/mnt/scratch2/q13camb_scratch/perovskites/installation_stuff/grace/lib/python3.11/site-packages/ase/filters.py:600: RuntimeWarning: logm result may be inaccurate, approximate err = 2.951656929114131e-13
  pos[natoms:] = self.logm(pos[natoms:]) * self.exp_cell_factor
/mnt/scratch2/q13camb_scratch/perovskites/installation_stuff/grace/lib/python3.11/site-packages/ase/filters.py:600: RuntimeWarning: logm result may be inaccurate, approximate err = 2.944769311812391e-13
  pos[natoms:] = self.logm(pos[natoms:]) * self.exp_cell_factor
/mnt/scratch2/q13camb_scratch/perovskites/installation_stuff/grace/lib/python3.11/site-packages/ase/filters.py:600: RuntimeWarning: logm result may be inaccurate, approximate err = 2.939677972940995e-13
  pos[natoms:] = self.logm(pos[natoms:]) * self.exp_cell_factor
/mnt/scratch2/q13camb_scratch/perovskites/installation_stuff/grace/lib/python3.11/site-packages/ase/filters.py:600: RuntimeWarning: logm result may be inaccurate, approximate err = 2.914166823665803e-13
  pos[natoms:] = self.logm(pos[natoms:]) * self.exp_cell_factor
/mnt/scratch2/q13camb_scratch/perovskites/installation_stuff/grace/lib/python3.11/site-packages/ase/filters.py:600: RuntimeWarning: logm result may be inaccurate, approximate err = 2.944794865485089e-13
  pos[natoms:] = self.logm(pos[natoms:]) * self.exp_cell_factor
/mnt/scratch2/q13camb_scratch/perovskites/installation_stuff/grace/lib/python3.11/site-packages/ase/filters.py:600: RuntimeWarning: logm result may be inaccurate, approximate err = 2.9379904808232425e-13
  pos[natoms:] = self.logm(pos[natoms:]) * self.exp_cell_factor
/mnt/scratch2/q13camb_scratch/perovskites/installation_stuff/grace/lib/python3.11/site-packages/ase/filters.py:600: RuntimeWarning: logm result may be inaccurate, approximate err = 2.922681426456924e-13
  pos[natoms:] = self.logm(pos[natoms:]) * self.exp_cell_factor
/mnt/scratch2/q13camb_scratch/perovskites/installation_stuff/grace/lib/python3.11/site-packages/ase/filters.py:600: RuntimeWarning: logm result may be inaccurate, approximate err = 2.9209741015775495e-13
  pos[natoms:] = self.logm(pos[natoms:]) * self.exp_cell_factor
/mnt/scratch2/q13camb_scratch/perovskites/installation_stuff/grace/lib/python3.11/site-packages/ase/filters.py:600: RuntimeWarning: logm result may be inaccurate, approximate err = 2.9498979783744597e-13
  pos[natoms:] = self.logm(pos[natoms:]) * self.exp_cell_factor
/mnt/scratch2/q13camb_scratch/perovskites/installation_stuff/grace/lib/python3.11/site-packages/ase/filters.py:600: RuntimeWarning: logm result may be inaccurate, approximate err = 2.9754144551868773e-13
  pos[natoms:] = self.logm(pos[natoms:]) * self.exp_cell_factor
/mnt/scratch2/q13camb_scratch/perovskites/installation_stuff/grace/lib/python3.11/site-packages/ase/filters.py:600: RuntimeWarning: logm result may be inaccurate, approximate err = 2.9532924046847286e-13
  pos[natoms:] = self.logm(pos[natoms:]) * self.exp_cell_factor
/mnt/scratch2/q13camb_scratch/perovskites/installation_stuff/grace/lib/python3.11/site-packages/ase/filters.py:600: RuntimeWarning: logm result may be inaccurate, approximate err = 3.004314483344237e-13
  pos[natoms:] = self.logm(pos[natoms:]) * self.exp_cell_factor
/mnt/scratch2/q13camb_scratch/perovskites/installation_stuff/grace/lib/python3.11/site-packages/ase/filters.py:600: RuntimeWarning: logm result may be inaccurate, approximate err = 2.910767882050941e-13
  pos[natoms:] = self.logm(pos[natoms:]) * self.exp_cell_factor
/mnt/scratch2/q13camb_scratch/perovskites/installation_stuff/grace/lib/python3.11/site-packages/ase/filters.py:600: RuntimeWarning: logm result may be inaccurate, approximate err = 2.98391457934321e-13
  pos[natoms:] = self.logm(pos[natoms:]) * self.exp_cell_factor
/mnt/scratch2/q13camb_scratch/perovskites/installation_stuff/grace/lib/python3.11/site-packages/ase/filters.py:600: RuntimeWarning: logm result may be inaccurate, approximate err = 2.922644684764217e-13
  pos[natoms:] = self.logm(pos[natoms:]) * self.exp_cell_factor
/mnt/scratch2/q13camb_scratch/perovskites/installation_stuff/grace/lib/python3.11/site-packages/ase/filters.py:600: RuntimeWarning: logm result may be inaccurate, approximate err = 2.9719563166327117e-13
  pos[natoms:] = self.logm(pos[natoms:]) * self.exp_cell_factor
/mnt/scratch2/q13camb_scratch/perovskites/installation_stuff/grace/lib/python3.11/site-packages/ase/filters.py:600: RuntimeWarning: logm result may be inaccurate, approximate err = 2.9736719664307375e-13
  pos[natoms:] = self.logm(pos[natoms:]) * self.exp_cell_factor
/mnt/scratch2/q13camb_scratch/perovskites/installation_stuff/grace/lib/python3.11/site-packages/ase/filters.py:600: RuntimeWarning: logm result may be inaccurate, approximate err = 2.900573556974973e-13
  pos[natoms:] = self.logm(pos[natoms:]) * self.exp_cell_factor
/mnt/scratch2/q13camb_scratch/perovskites/installation_stuff/grace/lib/python3.11/site-packages/ase/filters.py:600: RuntimeWarning: logm result may be inaccurate, approximate err = 2.939681329592619e-13
  pos[natoms:] = self.logm(pos[natoms:]) * self.exp_cell_factor
/mnt/scratch2/q13camb_scratch/perovskites/installation_stuff/grace/lib/python3.11/site-packages/ase/filters.py:600: RuntimeWarning: logm result may be inaccurate, approximate err = 2.9414708884608847e-13
  pos[natoms:] = self.logm(pos[natoms:]) * self.exp_cell_factor
/mnt/scratch2/q13camb_scratch/perovskites/installation_stuff/grace/lib/python3.11/site-packages/ase/filters.py:600: RuntimeWarning: logm result may be inaccurate, approximate err = 2.97726105754748e-13
  pos[natoms:] = self.logm(pos[natoms:]) * self.exp_cell_factor
