[38;5;127mlibs[0m/[38;5;172mnvidia-cuda[0m/[38;5;67m11.8.0[0m/[38;5;68mbin[0m
 |
 [0;32mOK[0m
[38;5;127mcompilers[0m/[38;5;172mgcc[0m/[38;5;67m14.1.0[0m
 |
 [0;32mOK[0m
/users/pahlawat/.local/lib/python3.12/site-packages/spglib/spglib.py:115: DeprecationWarning: dict interface (SpglibDataset['number']) is deprecated.Use attribute interface ({self.__class__.__name__}.{key}) instead
  warnings.warn(
/users/pahlawat/.local/lib/python3.12/site-packages/spglib/spglib.py:115: DeprecationWarning: dict interface (SpglibDataset['international']) is deprecated.Use attribute interface ({self.__class__.__name__}.{key}) instead
  warnings.warn(
/users/pahlawat/.local/lib/python3.12/site-packages/spglib/spglib.py:115: DeprecationWarning: dict interface (SpglibDataset['hall']) is deprecated.Use attribute interface ({self.__class__.__name__}.{key}) instead
  warnings.warn(
To get the best performance, it is recommended to adjust the number of threads by setting the environment variables OMP_NUM_THREADS, DP_INTRA_OP_PARALLELISM_THREADS, and DP_INTER_OP_PARALLELISM_THREADS. See https://deepmd.rtfd.io/parallelism/ for more information.
You can use the environment variable DP_INFER_BATCH_SIZE tocontrol the inference batch size (nframes * natoms). The default value is 1024.
/users/pahlawat/.local/lib/python3.12/site-packages/ase/filters.py:600: RuntimeWarning: logm result may be inaccurate, approximate err = 2.73011095571077e-13
  pos[natoms:] = self.logm(pos[natoms:]) * self.exp_cell_factor
/users/pahlawat/.local/lib/python3.12/site-packages/ase/filters.py:600: RuntimeWarning: logm result may be inaccurate, approximate err = 2.7194154958567317e-13
  pos[natoms:] = self.logm(pos[natoms:]) * self.exp_cell_factor
/users/pahlawat/.local/lib/python3.12/site-packages/ase/filters.py:600: RuntimeWarning: logm result may be inaccurate, approximate err = 2.7415989812272264e-13
  pos[natoms:] = self.logm(pos[natoms:]) * self.exp_cell_factor
/users/pahlawat/.local/lib/python3.12/site-packages/ase/filters.py:600: RuntimeWarning: logm result may be inaccurate, approximate err = 2.7643263060573613e-13
  pos[natoms:] = self.logm(pos[natoms:]) * self.exp_cell_factor
/users/pahlawat/.local/lib/python3.12/site-packages/ase/filters.py:600: RuntimeWarning: logm result may be inaccurate, approximate err = 2.715705644628038e-13
  pos[natoms:] = self.logm(pos[natoms:]) * self.exp_cell_factor
/users/pahlawat/.local/lib/python3.12/site-packages/ase/filters.py:600: RuntimeWarning: logm result may be inaccurate, approximate err = 2.780696559337223e-13
  pos[natoms:] = self.logm(pos[natoms:]) * self.exp_cell_factor
/users/pahlawat/.local/lib/python3.12/site-packages/ase/filters.py:600: RuntimeWarning: logm result may be inaccurate, approximate err = 2.729009587590234e-13
  pos[natoms:] = self.logm(pos[natoms:]) * self.exp_cell_factor
/users/pahlawat/.local/lib/python3.12/site-packages/ase/filters.py:600: RuntimeWarning: logm result may be inaccurate, approximate err = 2.718324414089757e-13
  pos[natoms:] = self.logm(pos[natoms:]) * self.exp_cell_factor
/users/pahlawat/.local/lib/python3.12/site-packages/ase/filters.py:600: RuntimeWarning: logm result may be inaccurate, approximate err = 2.737676635523037e-13
  pos[natoms:] = self.logm(pos[natoms:]) * self.exp_cell_factor
/users/pahlawat/.local/lib/python3.12/site-packages/ase/filters.py:600: RuntimeWarning: logm result may be inaccurate, approximate err = 2.734108429070047e-13
  pos[natoms:] = self.logm(pos[natoms:]) * self.exp_cell_factor
/users/pahlawat/.local/lib/python3.12/site-packages/ase/filters.py:600: RuntimeWarning: logm result may be inaccurate, approximate err = 2.7647575038304795e-13
  pos[natoms:] = self.logm(pos[natoms:]) * self.exp_cell_factor
/users/pahlawat/.local/lib/python3.12/site-packages/ase/filters.py:600: RuntimeWarning: logm result may be inaccurate, approximate err = 2.7286710731952174e-13
  pos[natoms:] = self.logm(pos[natoms:]) * self.exp_cell_factor
/users/pahlawat/.local/lib/python3.12/site-packages/ase/filters.py:600: RuntimeWarning: logm result may be inaccurate, approximate err = 2.7126757423168747e-13
  pos[natoms:] = self.logm(pos[natoms:]) * self.exp_cell_factor
/users/pahlawat/.local/lib/python3.12/site-packages/ase/filters.py:600: RuntimeWarning: logm result may be inaccurate, approximate err = 2.7356457103161895e-13
  pos[natoms:] = self.logm(pos[natoms:]) * self.exp_cell_factor
/users/pahlawat/.local/lib/python3.12/site-packages/ase/filters.py:600: RuntimeWarning: logm result may be inaccurate, approximate err = 2.7220231524697015e-13
  pos[natoms:] = self.logm(pos[natoms:]) * self.exp_cell_factor
/users/pahlawat/.local/lib/python3.12/site-packages/ase/filters.py:600: RuntimeWarning: logm result may be inaccurate, approximate err = 2.742129607935298e-13
  pos[natoms:] = self.logm(pos[natoms:]) * self.exp_cell_factor
/users/pahlawat/.local/lib/python3.12/site-packages/ase/filters.py:600: RuntimeWarning: logm result may be inaccurate, approximate err = 2.743316944845089e-13
  pos[natoms:] = self.logm(pos[natoms:]) * self.exp_cell_factor
/users/pahlawat/.local/lib/python3.12/site-packages/ase/filters.py:600: RuntimeWarning: logm result may be inaccurate, approximate err = 2.6943195696597143e-13
  pos[natoms:] = self.logm(pos[natoms:]) * self.exp_cell_factor
/users/pahlawat/.local/lib/python3.12/site-packages/ase/filters.py:600: RuntimeWarning: logm result may be inaccurate, approximate err = 2.743702601469848e-13
  pos[natoms:] = self.logm(pos[natoms:]) * self.exp_cell_factor
/users/pahlawat/.local/lib/python3.12/site-packages/ase/filters.py:600: RuntimeWarning: logm result may be inaccurate, approximate err = 2.7681272542385056e-13
  pos[natoms:] = self.logm(pos[natoms:]) * self.exp_cell_factor
/users/pahlawat/.local/lib/python3.12/site-packages/ase/filters.py:600: RuntimeWarning: logm result may be inaccurate, approximate err = 2.712285205645899e-13
  pos[natoms:] = self.logm(pos[natoms:]) * self.exp_cell_factor
/users/pahlawat/.local/lib/python3.12/site-packages/ase/filters.py:600: RuntimeWarning: logm result may be inaccurate, approximate err = 2.765614801364878e-13
  pos[natoms:] = self.logm(pos[natoms:]) * self.exp_cell_factor
/users/pahlawat/.local/lib/python3.12/site-packages/ase/filters.py:600: RuntimeWarning: logm result may be inaccurate, approximate err = 2.736140069534238e-13
  pos[natoms:] = self.logm(pos[natoms:]) * self.exp_cell_factor
/users/pahlawat/.local/lib/python3.12/site-packages/ase/filters.py:600: RuntimeWarning: logm result may be inaccurate, approximate err = 2.7422759992387435e-13
  pos[natoms:] = self.logm(pos[natoms:]) * self.exp_cell_factor
/users/pahlawat/.local/lib/python3.12/site-packages/ase/filters.py:600: RuntimeWarning: logm result may be inaccurate, approximate err = 2.7128680742980893e-13
  pos[natoms:] = self.logm(pos[natoms:]) * self.exp_cell_factor
/users/pahlawat/.local/lib/python3.12/site-packages/ase/filters.py:600: RuntimeWarning: logm result may be inaccurate, approximate err = 2.786330532759072e-13
  pos[natoms:] = self.logm(pos[natoms:]) * self.exp_cell_factor
/users/pahlawat/.local/lib/python3.12/site-packages/ase/filters.py:600: RuntimeWarning: logm result may be inaccurate, approximate err = 2.736686256123353e-13
  pos[natoms:] = self.logm(pos[natoms:]) * self.exp_cell_factor
/users/pahlawat/.local/lib/python3.12/site-packages/ase/filters.py:600: RuntimeWarning: logm result may be inaccurate, approximate err = 2.727207790780401e-13
  pos[natoms:] = self.logm(pos[natoms:]) * self.exp_cell_factor
/users/pahlawat/.local/lib/python3.12/site-packages/ase/filters.py:600: RuntimeWarning: logm result may be inaccurate, approximate err = 2.763704880844109e-13
  pos[natoms:] = self.logm(pos[natoms:]) * self.exp_cell_factor
/users/pahlawat/.local/lib/python3.12/site-packages/ase/filters.py:600: RuntimeWarning: logm result may be inaccurate, approximate err = 2.767214945935849e-13
  pos[natoms:] = self.logm(pos[natoms:]) * self.exp_cell_factor
/users/pahlawat/.local/lib/python3.12/site-packages/ase/filters.py:600: RuntimeWarning: logm result may be inaccurate, approximate err = 2.776004544816348e-13
  pos[natoms:] = self.logm(pos[natoms:]) * self.exp_cell_factor
/users/pahlawat/.local/lib/python3.12/site-packages/ase/filters.py:600: RuntimeWarning: logm result may be inaccurate, approximate err = 2.7212391229146955e-13
  pos[natoms:] = self.logm(pos[natoms:]) * self.exp_cell_factor
/users/pahlawat/.local/lib/python3.12/site-packages/ase/filters.py:600: RuntimeWarning: logm result may be inaccurate, approximate err = 2.76704516204507e-13
  pos[natoms:] = self.logm(pos[natoms:]) * self.exp_cell_factor
/users/pahlawat/.local/lib/python3.12/site-packages/ase/filters.py:600: RuntimeWarning: logm result may be inaccurate, approximate err = 2.7069456852622244e-13
  pos[natoms:] = self.logm(pos[natoms:]) * self.exp_cell_factor
/users/pahlawat/.local/lib/python3.12/site-packages/ase/filters.py:600: RuntimeWarning: logm result may be inaccurate, approximate err = 2.7368159241696367e-13
  pos[natoms:] = self.logm(pos[natoms:]) * self.exp_cell_factor
/users/pahlawat/.local/lib/python3.12/site-packages/ase/filters.py:600: RuntimeWarning: logm result may be inaccurate, approximate err = 2.7648873278764736e-13
  pos[natoms:] = self.logm(pos[natoms:]) * self.exp_cell_factor
/users/pahlawat/.local/lib/python3.12/site-packages/ase/filters.py:600: RuntimeWarning: logm result may be inaccurate, approximate err = 2.72585099644275e-13
  pos[natoms:] = self.logm(pos[natoms:]) * self.exp_cell_factor
/users/pahlawat/.local/lib/python3.12/site-packages/ase/filters.py:600: RuntimeWarning: logm result may be inaccurate, approximate err = 2.7996608481578324e-13
  pos[natoms:] = self.logm(pos[natoms:]) * self.exp_cell_factor
/users/pahlawat/.local/lib/python3.12/site-packages/ase/filters.py:600: RuntimeWarning: logm result may be inaccurate, approximate err = 2.7763618001044323e-13
  pos[natoms:] = self.logm(pos[natoms:]) * self.exp_cell_factor
/users/pahlawat/.local/lib/python3.12/site-packages/ase/filters.py:600: RuntimeWarning: logm result may be inaccurate, approximate err = 2.731731245505656e-13
  pos[natoms:] = self.logm(pos[natoms:]) * self.exp_cell_factor
/users/pahlawat/.local/lib/python3.12/site-packages/ase/filters.py:600: RuntimeWarning: logm result may be inaccurate, approximate err = 2.7483296307500906e-13
  pos[natoms:] = self.logm(pos[natoms:]) * self.exp_cell_factor
/users/pahlawat/.local/lib/python3.12/site-packages/ase/filters.py:600: RuntimeWarning: logm result may be inaccurate, approximate err = 2.735906032951296e-13
  pos[natoms:] = self.logm(pos[natoms:]) * self.exp_cell_factor
/users/pahlawat/.local/lib/python3.12/site-packages/ase/filters.py:600: RuntimeWarning: logm result may be inaccurate, approximate err = 2.7172580338988545e-13
  pos[natoms:] = self.logm(pos[natoms:]) * self.exp_cell_factor
/users/pahlawat/.local/lib/python3.12/site-packages/ase/filters.py:600: RuntimeWarning: logm result may be inaccurate, approximate err = 2.76587720668929e-13
  pos[natoms:] = self.logm(pos[natoms:]) * self.exp_cell_factor
/users/pahlawat/.local/lib/python3.12/site-packages/ase/filters.py:600: RuntimeWarning: logm result may be inaccurate, approximate err = 2.745434965626748e-13
  pos[natoms:] = self.logm(pos[natoms:]) * self.exp_cell_factor
/users/pahlawat/.local/lib/python3.12/site-packages/ase/filters.py:600: RuntimeWarning: logm result may be inaccurate, approximate err = 2.7037933908295467e-13
  pos[natoms:] = self.logm(pos[natoms:]) * self.exp_cell_factor
/users/pahlawat/.local/lib/python3.12/site-packages/ase/filters.py:600: RuntimeWarning: logm result may be inaccurate, approximate err = 2.772937379416429e-13
  pos[natoms:] = self.logm(pos[natoms:]) * self.exp_cell_factor
/users/pahlawat/.local/lib/python3.12/site-packages/ase/filters.py:600: RuntimeWarning: logm result may be inaccurate, approximate err = 2.759214753069213e-13
  pos[natoms:] = self.logm(pos[natoms:]) * self.exp_cell_factor
/users/pahlawat/.local/lib/python3.12/site-packages/ase/filters.py:600: RuntimeWarning: logm result may be inaccurate, approximate err = 2.7468925947391426e-13
  pos[natoms:] = self.logm(pos[natoms:]) * self.exp_cell_factor
/users/pahlawat/.local/lib/python3.12/site-packages/ase/filters.py:600: RuntimeWarning: logm result may be inaccurate, approximate err = 2.757425273086481e-13
  pos[natoms:] = self.logm(pos[natoms:]) * self.exp_cell_factor
/users/pahlawat/.local/lib/python3.12/site-packages/ase/filters.py:600: RuntimeWarning: logm result may be inaccurate, approximate err = 2.777002644109169e-13
  pos[natoms:] = self.logm(pos[natoms:]) * self.exp_cell_factor
/users/pahlawat/.local/lib/python3.12/site-packages/ase/filters.py:600: RuntimeWarning: logm result may be inaccurate, approximate err = 2.7696549297115907e-13
  pos[natoms:] = self.logm(pos[natoms:]) * self.exp_cell_factor
/users/pahlawat/.local/lib/python3.12/site-packages/ase/filters.py:600: RuntimeWarning: logm result may be inaccurate, approximate err = 2.742310542538926e-13
  pos[natoms:] = self.logm(pos[natoms:]) * self.exp_cell_factor
/users/pahlawat/.local/lib/python3.12/site-packages/ase/filters.py:600: RuntimeWarning: logm result may be inaccurate, approximate err = 2.753778788052987e-13
  pos[natoms:] = self.logm(pos[natoms:]) * self.exp_cell_factor
/users/pahlawat/.local/lib/python3.12/site-packages/ase/filters.py:600: RuntimeWarning: logm result may be inaccurate, approximate err = 2.781912651771743e-13
  pos[natoms:] = self.logm(pos[natoms:]) * self.exp_cell_factor
/users/pahlawat/.local/lib/python3.12/site-packages/ase/filters.py:600: RuntimeWarning: logm result may be inaccurate, approximate err = 2.760807581948206e-13
  pos[natoms:] = self.logm(pos[natoms:]) * self.exp_cell_factor
/users/pahlawat/.local/lib/python3.12/site-packages/ase/filters.py:600: RuntimeWarning: logm result may be inaccurate, approximate err = 2.764320280356551e-13
  pos[natoms:] = self.logm(pos[natoms:]) * self.exp_cell_factor
/users/pahlawat/.local/lib/python3.12/site-packages/ase/filters.py:600: RuntimeWarning: logm result may be inaccurate, approximate err = 2.7607995187110056e-13
  pos[natoms:] = self.logm(pos[natoms:]) * self.exp_cell_factor
/users/pahlawat/.local/lib/python3.12/site-packages/ase/filters.py:600: RuntimeWarning: logm result may be inaccurate, approximate err = 2.7660672670864485e-13
  pos[natoms:] = self.logm(pos[natoms:]) * self.exp_cell_factor
/users/pahlawat/.local/lib/python3.12/site-packages/ase/filters.py:600: RuntimeWarning: logm result may be inaccurate, approximate err = 2.801228572213509e-13
  pos[natoms:] = self.logm(pos[natoms:]) * self.exp_cell_factor
/users/pahlawat/.local/lib/python3.12/site-packages/ase/filters.py:600: RuntimeWarning: logm result may be inaccurate, approximate err = 2.746707678006621e-13
  pos[natoms:] = self.logm(pos[natoms:]) * self.exp_cell_factor
/users/pahlawat/.local/lib/python3.12/site-packages/ase/filters.py:600: RuntimeWarning: logm result may be inaccurate, approximate err = 2.731682788760393e-13
  pos[natoms:] = self.logm(pos[natoms:]) * self.exp_cell_factor
/users/pahlawat/.local/lib/python3.12/site-packages/ase/filters.py:600: RuntimeWarning: logm result may be inaccurate, approximate err = 2.7642585401993576e-13
  pos[natoms:] = self.logm(pos[natoms:]) * self.exp_cell_factor
/users/pahlawat/.local/lib/python3.12/site-packages/ase/filters.py:600: RuntimeWarning: logm result may be inaccurate, approximate err = 2.744896758126069e-13
  pos[natoms:] = self.logm(pos[natoms:]) * self.exp_cell_factor
/users/pahlawat/.local/lib/python3.12/site-packages/ase/filters.py:600: RuntimeWarning: logm result may be inaccurate, approximate err = 2.7800275216603014e-13
  pos[natoms:] = self.logm(pos[natoms:]) * self.exp_cell_factor
/users/pahlawat/.local/lib/python3.12/site-packages/ase/filters.py:600: RuntimeWarning: logm result may be inaccurate, approximate err = 2.775686663191332e-13
  pos[natoms:] = self.logm(pos[natoms:]) * self.exp_cell_factor
/users/pahlawat/.local/lib/python3.12/site-packages/ase/filters.py:600: RuntimeWarning: logm result may be inaccurate, approximate err = 2.7852140135627334e-13
  pos[natoms:] = self.logm(pos[natoms:]) * self.exp_cell_factor
/users/pahlawat/.local/lib/python3.12/site-packages/ase/filters.py:600: RuntimeWarning: logm result may be inaccurate, approximate err = 2.8044977786064406e-13
  pos[natoms:] = self.logm(pos[natoms:]) * self.exp_cell_factor
/users/pahlawat/.local/lib/python3.12/site-packages/ase/filters.py:600: RuntimeWarning: logm result may be inaccurate, approximate err = 2.748153300596951e-13
  pos[natoms:] = self.logm(pos[natoms:]) * self.exp_cell_factor
/users/pahlawat/.local/lib/python3.12/site-packages/ase/filters.py:600: RuntimeWarning: logm result may be inaccurate, approximate err = 2.8078435624180653e-13
  pos[natoms:] = self.logm(pos[natoms:]) * self.exp_cell_factor
/users/pahlawat/.local/lib/python3.12/site-packages/ase/filters.py:600: RuntimeWarning: logm result may be inaccurate, approximate err = 2.744443259155608e-13
  pos[natoms:] = self.logm(pos[natoms:]) * self.exp_cell_factor
/users/pahlawat/.local/lib/python3.12/site-packages/ase/filters.py:600: RuntimeWarning: logm result may be inaccurate, approximate err = 2.7620272282891326e-13
  pos[natoms:] = self.logm(pos[natoms:]) * self.exp_cell_factor
/users/pahlawat/.local/lib/python3.12/site-packages/ase/filters.py:600: RuntimeWarning: logm result may be inaccurate, approximate err = 2.7251066394433015e-13
  pos[natoms:] = self.logm(pos[natoms:]) * self.exp_cell_factor
/users/pahlawat/.local/lib/python3.12/site-packages/ase/filters.py:600: RuntimeWarning: logm result may be inaccurate, approximate err = 2.754988923977497e-13
  pos[natoms:] = self.logm(pos[natoms:]) * self.exp_cell_factor
/users/pahlawat/.local/lib/python3.12/site-packages/ase/filters.py:600: RuntimeWarning: logm result may be inaccurate, approximate err = 2.7637712273519855e-13
  pos[natoms:] = self.logm(pos[natoms:]) * self.exp_cell_factor
/users/pahlawat/.local/lib/python3.12/site-packages/ase/filters.py:600: RuntimeWarning: logm result may be inaccurate, approximate err = 2.765526845260542e-13
  pos[natoms:] = self.logm(pos[natoms:]) * self.exp_cell_factor
/users/pahlawat/.local/lib/python3.12/site-packages/ase/filters.py:600: RuntimeWarning: logm result may be inaccurate, approximate err = 2.7479363928752076e-13
  pos[natoms:] = self.logm(pos[natoms:]) * self.exp_cell_factor
/users/pahlawat/.local/lib/python3.12/site-packages/ase/filters.py:600: RuntimeWarning: logm result may be inaccurate, approximate err = 2.7514429339415596e-13
  pos[natoms:] = self.logm(pos[natoms:]) * self.exp_cell_factor
/users/pahlawat/.local/lib/python3.12/site-packages/ase/filters.py:600: RuntimeWarning: logm result may be inaccurate, approximate err = 2.7707698160420404e-13
  pos[natoms:] = self.logm(pos[natoms:]) * self.exp_cell_factor
/users/pahlawat/.local/lib/python3.12/site-packages/ase/filters.py:600: RuntimeWarning: logm result may be inaccurate, approximate err = 2.760208916675473e-13
  pos[natoms:] = self.logm(pos[natoms:]) * self.exp_cell_factor
/users/pahlawat/.local/lib/python3.12/site-packages/ase/filters.py:600: RuntimeWarning: logm result may be inaccurate, approximate err = 2.749638587373732e-13
  pos[natoms:] = self.logm(pos[natoms:]) * self.exp_cell_factor
/users/pahlawat/.local/lib/python3.12/site-packages/ase/filters.py:600: RuntimeWarning: logm result may be inaccurate, approximate err = 2.7709721674605834e-13
  pos[natoms:] = self.logm(pos[natoms:]) * self.exp_cell_factor
/users/pahlawat/.local/lib/python3.12/site-packages/ase/filters.py:600: RuntimeWarning: logm result may be inaccurate, approximate err = 2.753102870917529e-13
  pos[natoms:] = self.logm(pos[natoms:]) * self.exp_cell_factor
/users/pahlawat/.local/lib/python3.12/site-packages/ase/filters.py:600: RuntimeWarning: logm result may be inaccurate, approximate err = 2.7600976908505356e-13
  pos[natoms:] = self.logm(pos[natoms:]) * self.exp_cell_factor
/users/pahlawat/.local/lib/python3.12/site-packages/ase/filters.py:600: RuntimeWarning: logm result may be inaccurate, approximate err = 2.802246662876557e-13
  pos[natoms:] = self.logm(pos[natoms:]) * self.exp_cell_factor
/users/pahlawat/.local/lib/python3.12/site-packages/ase/filters.py:600: RuntimeWarning: logm result may be inaccurate, approximate err = 2.7793436252888943e-13
  pos[natoms:] = self.logm(pos[natoms:]) * self.exp_cell_factor
/users/pahlawat/.local/lib/python3.12/site-packages/ase/filters.py:600: RuntimeWarning: logm result may be inaccurate, approximate err = 2.7230336152048026e-13
  pos[natoms:] = self.logm(pos[natoms:]) * self.exp_cell_factor
/users/pahlawat/.local/lib/python3.12/site-packages/ase/filters.py:600: RuntimeWarning: logm result may be inaccurate, approximate err = 2.7704304078529577e-13
  pos[natoms:] = self.logm(pos[natoms:]) * self.exp_cell_factor
/users/pahlawat/.local/lib/python3.12/site-packages/ase/filters.py:600: RuntimeWarning: logm result may be inaccurate, approximate err = 2.7703597895351e-13
  pos[natoms:] = self.logm(pos[natoms:]) * self.exp_cell_factor
/users/pahlawat/.local/lib/python3.12/site-packages/ase/filters.py:600: RuntimeWarning: logm result may be inaccurate, approximate err = 2.761485816551655e-13
  pos[natoms:] = self.logm(pos[natoms:]) * self.exp_cell_factor
/users/pahlawat/.local/lib/python3.12/site-packages/ase/filters.py:600: RuntimeWarning: logm result may be inaccurate, approximate err = 2.7511740540121627e-13
  pos[natoms:] = self.logm(pos[natoms:]) * self.exp_cell_factor
/users/pahlawat/.local/lib/python3.12/site-packages/ase/filters.py:600: RuntimeWarning: logm result may be inaccurate, approximate err = 2.7463351356088516e-13
  pos[natoms:] = self.logm(pos[natoms:]) * self.exp_cell_factor
/users/pahlawat/.local/lib/python3.12/site-packages/ase/filters.py:600: RuntimeWarning: logm result may be inaccurate, approximate err = 2.7535921559556335e-13
  pos[natoms:] = self.logm(pos[natoms:]) * self.exp_cell_factor
/users/pahlawat/.local/lib/python3.12/site-packages/ase/filters.py:600: RuntimeWarning: logm result may be inaccurate, approximate err = 2.7577091443306477e-13
  pos[natoms:] = self.logm(pos[natoms:]) * self.exp_cell_factor
/users/pahlawat/.local/lib/python3.12/site-packages/ase/filters.py:600: RuntimeWarning: logm result may be inaccurate, approximate err = 2.752599809419515e-13
  pos[natoms:] = self.logm(pos[natoms:]) * self.exp_cell_factor
/users/pahlawat/.local/lib/python3.12/site-packages/ase/filters.py:600: RuntimeWarning: logm result may be inaccurate, approximate err = 2.7526684340533033e-13
  pos[natoms:] = self.logm(pos[natoms:]) * self.exp_cell_factor
/users/pahlawat/.local/lib/python3.12/site-packages/ase/filters.py:600: RuntimeWarning: logm result may be inaccurate, approximate err = 2.7875896592876494e-13
  pos[natoms:] = self.logm(pos[natoms:]) * self.exp_cell_factor
/users/pahlawat/.local/lib/python3.12/site-packages/ase/filters.py:600: RuntimeWarning: logm result may be inaccurate, approximate err = 2.74893134506886e-13
  pos[natoms:] = self.logm(pos[natoms:]) * self.exp_cell_factor
/users/pahlawat/.local/lib/python3.12/site-packages/ase/filters.py:600: RuntimeWarning: logm result may be inaccurate, approximate err = 2.768261750147277e-13
  pos[natoms:] = self.logm(pos[natoms:]) * self.exp_cell_factor
/users/pahlawat/.local/lib/python3.12/site-packages/ase/filters.py:600: RuntimeWarning: logm result may be inaccurate, approximate err = 2.7347111310025795e-13
  pos[natoms:] = self.logm(pos[natoms:]) * self.exp_cell_factor
/users/pahlawat/.local/lib/python3.12/site-packages/ase/filters.py:600: RuntimeWarning: logm result may be inaccurate, approximate err = 2.7770657539704687e-13
  pos[natoms:] = self.logm(pos[natoms:]) * self.exp_cell_factor
/users/pahlawat/.local/lib/python3.12/site-packages/spglib/spglib.py:115: DeprecationWarning: dict interface (SpglibDataset['number']) is deprecated.Use attribute interface ({self.__class__.__name__}.{key}) instead
  warnings.warn(
/users/pahlawat/.local/lib/python3.12/site-packages/spglib/spglib.py:115: DeprecationWarning: dict interface (SpglibDataset['international']) is deprecated.Use attribute interface ({self.__class__.__name__}.{key}) instead
  warnings.warn(
/users/pahlawat/.local/lib/python3.12/site-packages/spglib/spglib.py:115: DeprecationWarning: dict interface (SpglibDataset['hall']) is deprecated.Use attribute interface ({self.__class__.__name__}.{key}) instead
  warnings.warn(
