[38;5;127mlibs[0m/[38;5;172mnvidia-cuda[0m/[38;5;67m11.8.0[0m/[38;5;68mbin[0m
 |
 [0;32mOK[0m
[38;5;127mcompilers[0m/[38;5;172mgcc[0m/[38;5;67m14.1.0[0m
 |
 [0;32mOK[0m
/users/pahlawat/.local/lib/python3.12/site-packages/ase/io/cif.py:408: UserWarning: crystal system 'Orthorhombic' is not interpreted for space group Spacegroup(62, setting=1). This may result in wrong setting!
  warnings.warn(
/users/pahlawat/.local/lib/python3.12/site-packages/spglib/spglib.py:115: DeprecationWarning: dict interface (SpglibDataset['number']) is deprecated.Use attribute interface ({self.__class__.__name__}.{key}) instead
  warnings.warn(
/users/pahlawat/.local/lib/python3.12/site-packages/spglib/spglib.py:115: DeprecationWarning: dict interface (SpglibDataset['international']) is deprecated.Use attribute interface ({self.__class__.__name__}.{key}) instead
  warnings.warn(
/users/pahlawat/.local/lib/python3.12/site-packages/spglib/spglib.py:115: DeprecationWarning: dict interface (SpglibDataset['hall']) is deprecated.Use attribute interface ({self.__class__.__name__}.{key}) instead
  warnings.warn(
To get the best performance, it is recommended to adjust the number of threads by setting the environment variables OMP_NUM_THREADS, DP_INTRA_OP_PARALLELISM_THREADS, and DP_INTER_OP_PARALLELISM_THREADS. See https://deepmd.rtfd.io/parallelism/ for more information.
You can use the environment variable DP_INFER_BATCH_SIZE tocontrol the inference batch size (nframes * natoms). The default value is 1024.
/users/pahlawat/.local/lib/python3.12/site-packages/ase/filters.py:600: RuntimeWarning: logm result may be inaccurate, approximate err = 2.7410256920623735e-13
  pos[natoms:] = self.logm(pos[natoms:]) * self.exp_cell_factor
/users/pahlawat/.local/lib/python3.12/site-packages/ase/filters.py:600: RuntimeWarning: logm result may be inaccurate, approximate err = 2.714183233153297e-13
  pos[natoms:] = self.logm(pos[natoms:]) * self.exp_cell_factor
/users/pahlawat/.local/lib/python3.12/site-packages/ase/filters.py:600: RuntimeWarning: logm result may be inaccurate, approximate err = 2.7585816819863964e-13
  pos[natoms:] = self.logm(pos[natoms:]) * self.exp_cell_factor
/users/pahlawat/.local/lib/python3.12/site-packages/ase/filters.py:600: RuntimeWarning: logm result may be inaccurate, approximate err = 2.7199253420772946e-13
  pos[natoms:] = self.logm(pos[natoms:]) * self.exp_cell_factor
/users/pahlawat/.local/lib/python3.12/site-packages/ase/filters.py:600: RuntimeWarning: logm result may be inaccurate, approximate err = 2.759685958141221e-13
  pos[natoms:] = self.logm(pos[natoms:]) * self.exp_cell_factor
/users/pahlawat/.local/lib/python3.12/site-packages/ase/filters.py:600: RuntimeWarning: logm result may be inaccurate, approximate err = 2.802341521293751e-13
  pos[natoms:] = self.logm(pos[natoms:]) * self.exp_cell_factor
/users/pahlawat/.local/lib/python3.12/site-packages/ase/filters.py:600: RuntimeWarning: logm result may be inaccurate, approximate err = 2.7915685247707226e-13
  pos[natoms:] = self.logm(pos[natoms:]) * self.exp_cell_factor
/users/pahlawat/.local/lib/python3.12/site-packages/ase/filters.py:600: RuntimeWarning: logm result may be inaccurate, approximate err = 2.7762321771156044e-13
  pos[natoms:] = self.logm(pos[natoms:]) * self.exp_cell_factor
/users/pahlawat/.local/lib/python3.12/site-packages/ase/filters.py:600: RuntimeWarning: logm result may be inaccurate, approximate err = 2.8178325671851103e-13
  pos[natoms:] = self.logm(pos[natoms:]) * self.exp_cell_factor
/users/pahlawat/.local/lib/python3.12/site-packages/ase/filters.py:600: RuntimeWarning: logm result may be inaccurate, approximate err = 2.8382154492395834e-13
  pos[natoms:] = self.logm(pos[natoms:]) * self.exp_cell_factor
/users/pahlawat/.local/lib/python3.12/site-packages/ase/filters.py:600: RuntimeWarning: logm result may be inaccurate, approximate err = 2.785856498011211e-13
  pos[natoms:] = self.logm(pos[natoms:]) * self.exp_cell_factor
/users/pahlawat/.local/lib/python3.12/site-packages/ase/filters.py:600: RuntimeWarning: logm result may be inaccurate, approximate err = 2.8815527575823003e-13
  pos[natoms:] = self.logm(pos[natoms:]) * self.exp_cell_factor
/users/pahlawat/.local/lib/python3.12/site-packages/ase/filters.py:600: RuntimeWarning: logm result may be inaccurate, approximate err = 2.887120862277484e-13
  pos[natoms:] = self.logm(pos[natoms:]) * self.exp_cell_factor
/users/pahlawat/.local/lib/python3.12/site-packages/ase/filters.py:600: RuntimeWarning: logm result may be inaccurate, approximate err = 2.9088639230300183e-13
  pos[natoms:] = self.logm(pos[natoms:]) * self.exp_cell_factor
/users/pahlawat/.local/lib/python3.12/site-packages/ase/filters.py:600: RuntimeWarning: logm result may be inaccurate, approximate err = 2.9627196199721366e-13
  pos[natoms:] = self.logm(pos[natoms:]) * self.exp_cell_factor
/users/pahlawat/.local/lib/python3.12/site-packages/ase/filters.py:600: RuntimeWarning: logm result may be inaccurate, approximate err = 2.8740486763020894e-13
  pos[natoms:] = self.logm(pos[natoms:]) * self.exp_cell_factor
/users/pahlawat/.local/lib/python3.12/site-packages/ase/filters.py:600: RuntimeWarning: logm result may be inaccurate, approximate err = 2.862712878805113e-13
  pos[natoms:] = self.logm(pos[natoms:]) * self.exp_cell_factor
/users/pahlawat/.local/lib/python3.12/site-packages/ase/filters.py:600: RuntimeWarning: logm result may be inaccurate, approximate err = 2.8935966154159135e-13
  pos[natoms:] = self.logm(pos[natoms:]) * self.exp_cell_factor
/users/pahlawat/.local/lib/python3.12/site-packages/ase/filters.py:600: RuntimeWarning: logm result may be inaccurate, approximate err = 2.8350018177762956e-13
  pos[natoms:] = self.logm(pos[natoms:]) * self.exp_cell_factor
/users/pahlawat/.local/lib/python3.12/site-packages/ase/filters.py:600: RuntimeWarning: logm result may be inaccurate, approximate err = 2.878147639177668e-13
  pos[natoms:] = self.logm(pos[natoms:]) * self.exp_cell_factor
/users/pahlawat/.local/lib/python3.12/site-packages/ase/filters.py:600: RuntimeWarning: logm result may be inaccurate, approximate err = 2.9053851639679616e-13
  pos[natoms:] = self.logm(pos[natoms:]) * self.exp_cell_factor
/users/pahlawat/.local/lib/python3.12/site-packages/ase/filters.py:600: RuntimeWarning: logm result may be inaccurate, approximate err = 2.8844884154618116e-13
  pos[natoms:] = self.logm(pos[natoms:]) * self.exp_cell_factor
/users/pahlawat/.local/lib/python3.12/site-packages/ase/filters.py:600: RuntimeWarning: logm result may be inaccurate, approximate err = 2.8682110273960973e-13
  pos[natoms:] = self.logm(pos[natoms:]) * self.exp_cell_factor
/users/pahlawat/.local/lib/python3.12/site-packages/ase/filters.py:600: RuntimeWarning: logm result may be inaccurate, approximate err = 2.8784539562879763e-13
  pos[natoms:] = self.logm(pos[natoms:]) * self.exp_cell_factor
/users/pahlawat/.local/lib/python3.12/site-packages/ase/filters.py:600: RuntimeWarning: logm result may be inaccurate, approximate err = 2.9445930337264966e-13
  pos[natoms:] = self.logm(pos[natoms:]) * self.exp_cell_factor
/users/pahlawat/.local/lib/python3.12/site-packages/ase/filters.py:600: RuntimeWarning: logm result may be inaccurate, approximate err = 2.932414661615888e-13
  pos[natoms:] = self.logm(pos[natoms:]) * self.exp_cell_factor
/users/pahlawat/.local/lib/python3.12/site-packages/ase/filters.py:600: RuntimeWarning: logm result may be inaccurate, approximate err = 2.932071970837801e-13
  pos[natoms:] = self.logm(pos[natoms:]) * self.exp_cell_factor
/users/pahlawat/.local/lib/python3.12/site-packages/ase/filters.py:600: RuntimeWarning: logm result may be inaccurate, approximate err = 2.9234353245922407e-13
  pos[natoms:] = self.logm(pos[natoms:]) * self.exp_cell_factor
/users/pahlawat/.local/lib/python3.12/site-packages/ase/filters.py:600: RuntimeWarning: logm result may be inaccurate, approximate err = 2.93708122545628e-13
  pos[natoms:] = self.logm(pos[natoms:]) * self.exp_cell_factor
/users/pahlawat/.local/lib/python3.12/site-packages/ase/filters.py:600: RuntimeWarning: logm result may be inaccurate, approximate err = 2.974444412856495e-13
  pos[natoms:] = self.logm(pos[natoms:]) * self.exp_cell_factor
/users/pahlawat/.local/lib/python3.12/site-packages/ase/filters.py:600: RuntimeWarning: logm result may be inaccurate, approximate err = 2.8777356870293404e-13
  pos[natoms:] = self.logm(pos[natoms:]) * self.exp_cell_factor
/users/pahlawat/.local/lib/python3.12/site-packages/ase/filters.py:600: RuntimeWarning: logm result may be inaccurate, approximate err = 2.9495676079720563e-13
  pos[natoms:] = self.logm(pos[natoms:]) * self.exp_cell_factor
/users/pahlawat/.local/lib/python3.12/site-packages/ase/filters.py:600: RuntimeWarning: logm result may be inaccurate, approximate err = 2.9326962976343513e-13
  pos[natoms:] = self.logm(pos[natoms:]) * self.exp_cell_factor
/users/pahlawat/.local/lib/python3.12/site-packages/ase/filters.py:600: RuntimeWarning: logm result may be inaccurate, approximate err = 2.921326103444916e-13
  pos[natoms:] = self.logm(pos[natoms:]) * self.exp_cell_factor
/users/pahlawat/.local/lib/python3.12/site-packages/ase/filters.py:600: RuntimeWarning: logm result may be inaccurate, approximate err = 2.8661486375654183e-13
  pos[natoms:] = self.logm(pos[natoms:]) * self.exp_cell_factor
/users/pahlawat/.local/lib/python3.12/site-packages/ase/filters.py:600: RuntimeWarning: logm result may be inaccurate, approximate err = 2.858407734741629e-13
  pos[natoms:] = self.logm(pos[natoms:]) * self.exp_cell_factor
/users/pahlawat/.local/lib/python3.12/site-packages/ase/filters.py:600: RuntimeWarning: logm result may be inaccurate, approximate err = 2.8761916648662843e-13
  pos[natoms:] = self.logm(pos[natoms:]) * self.exp_cell_factor
/users/pahlawat/.local/lib/python3.12/site-packages/ase/filters.py:600: RuntimeWarning: logm result may be inaccurate, approximate err = 2.920429333185835e-13
  pos[natoms:] = self.logm(pos[natoms:]) * self.exp_cell_factor
/users/pahlawat/.local/lib/python3.12/site-packages/ase/filters.py:600: RuntimeWarning: logm result may be inaccurate, approximate err = 2.9019544087888756e-13
  pos[natoms:] = self.logm(pos[natoms:]) * self.exp_cell_factor
/users/pahlawat/.local/lib/python3.12/site-packages/ase/filters.py:600: RuntimeWarning: logm result may be inaccurate, approximate err = 2.9106813564672993e-13
  pos[natoms:] = self.logm(pos[natoms:]) * self.exp_cell_factor
/users/pahlawat/.local/lib/python3.12/site-packages/ase/filters.py:600: RuntimeWarning: logm result may be inaccurate, approximate err = 2.9413110289112454e-13
  pos[natoms:] = self.logm(pos[natoms:]) * self.exp_cell_factor
/users/pahlawat/.local/lib/python3.12/site-packages/ase/filters.py:600: RuntimeWarning: logm result may be inaccurate, approximate err = 2.9908167090318746e-13
  pos[natoms:] = self.logm(pos[natoms:]) * self.exp_cell_factor
/users/pahlawat/.local/lib/python3.12/site-packages/ase/filters.py:600: RuntimeWarning: logm result may be inaccurate, approximate err = 2.9716167865597107e-13
  pos[natoms:] = self.logm(pos[natoms:]) * self.exp_cell_factor
/users/pahlawat/.local/lib/python3.12/site-packages/ase/filters.py:600: RuntimeWarning: logm result may be inaccurate, approximate err = 3.0349303221924846e-13
  pos[natoms:] = self.logm(pos[natoms:]) * self.exp_cell_factor
/users/pahlawat/.local/lib/python3.12/site-packages/ase/filters.py:600: RuntimeWarning: logm result may be inaccurate, approximate err = 2.9543788442488437e-13
  pos[natoms:] = self.logm(pos[natoms:]) * self.exp_cell_factor
/users/pahlawat/.local/lib/python3.12/site-packages/ase/filters.py:600: RuntimeWarning: logm result may be inaccurate, approximate err = 2.934465168099219e-13
  pos[natoms:] = self.logm(pos[natoms:]) * self.exp_cell_factor
/users/pahlawat/.local/lib/python3.12/site-packages/ase/filters.py:600: RuntimeWarning: logm result may be inaccurate, approximate err = 2.9269094035136364e-13
  pos[natoms:] = self.logm(pos[natoms:]) * self.exp_cell_factor
/users/pahlawat/.local/lib/python3.12/site-packages/ase/filters.py:600: RuntimeWarning: logm result may be inaccurate, approximate err = 2.9271378155179444e-13
  pos[natoms:] = self.logm(pos[natoms:]) * self.exp_cell_factor
/users/pahlawat/.local/lib/python3.12/site-packages/ase/filters.py:600: RuntimeWarning: logm result may be inaccurate, approximate err = 2.941290353873937e-13
  pos[natoms:] = self.logm(pos[natoms:]) * self.exp_cell_factor
/users/pahlawat/.local/lib/python3.12/site-packages/ase/filters.py:600: RuntimeWarning: logm result may be inaccurate, approximate err = 2.9203763256905034e-13
  pos[natoms:] = self.logm(pos[natoms:]) * self.exp_cell_factor
/users/pahlawat/.local/lib/python3.12/site-packages/ase/filters.py:600: RuntimeWarning: logm result may be inaccurate, approximate err = 2.9752355000929186e-13
  pos[natoms:] = self.logm(pos[natoms:]) * self.exp_cell_factor
/users/pahlawat/.local/lib/python3.12/site-packages/ase/filters.py:600: RuntimeWarning: logm result may be inaccurate, approximate err = 2.9378104757684037e-13
  pos[natoms:] = self.logm(pos[natoms:]) * self.exp_cell_factor
/users/pahlawat/.local/lib/python3.12/site-packages/ase/filters.py:600: RuntimeWarning: logm result may be inaccurate, approximate err = 2.926474314347147e-13
  pos[natoms:] = self.logm(pos[natoms:]) * self.exp_cell_factor
/users/pahlawat/.local/lib/python3.12/site-packages/ase/filters.py:600: RuntimeWarning: logm result may be inaccurate, approximate err = 2.907949265548505e-13
  pos[natoms:] = self.logm(pos[natoms:]) * self.exp_cell_factor
/users/pahlawat/.local/lib/python3.12/site-packages/ase/filters.py:600: RuntimeWarning: logm result may be inaccurate, approximate err = 2.9686401385666007e-13
  pos[natoms:] = self.logm(pos[natoms:]) * self.exp_cell_factor
/users/pahlawat/.local/lib/python3.12/site-packages/ase/filters.py:600: RuntimeWarning: logm result may be inaccurate, approximate err = 3.003576909328903e-13
  pos[natoms:] = self.logm(pos[natoms:]) * self.exp_cell_factor
/users/pahlawat/.local/lib/python3.12/site-packages/ase/filters.py:600: RuntimeWarning: logm result may be inaccurate, approximate err = 2.9483094709141386e-13
  pos[natoms:] = self.logm(pos[natoms:]) * self.exp_cell_factor
/users/pahlawat/.local/lib/python3.12/site-packages/ase/filters.py:600: RuntimeWarning: logm result may be inaccurate, approximate err = 2.975167497360587e-13
  pos[natoms:] = self.logm(pos[natoms:]) * self.exp_cell_factor
/users/pahlawat/.local/lib/python3.12/site-packages/ase/filters.py:600: RuntimeWarning: logm result may be inaccurate, approximate err = 3.0602244983553337e-13
  pos[natoms:] = self.logm(pos[natoms:]) * self.exp_cell_factor
/users/pahlawat/.local/lib/python3.12/site-packages/ase/filters.py:600: RuntimeWarning: logm result may be inaccurate, approximate err = 3.0384412316935293e-13
  pos[natoms:] = self.logm(pos[natoms:]) * self.exp_cell_factor
/users/pahlawat/.local/lib/python3.12/site-packages/ase/filters.py:600: RuntimeWarning: logm result may be inaccurate, approximate err = 3.056856497096989e-13
  pos[natoms:] = self.logm(pos[natoms:]) * self.exp_cell_factor
/users/pahlawat/.local/lib/python3.12/site-packages/ase/filters.py:600: RuntimeWarning: logm result may be inaccurate, approximate err = 2.973975904374461e-13
  pos[natoms:] = self.logm(pos[natoms:]) * self.exp_cell_factor
/users/pahlawat/.local/lib/python3.12/site-packages/ase/filters.py:600: RuntimeWarning: logm result may be inaccurate, approximate err = 3.0120062104406307e-13
  pos[natoms:] = self.logm(pos[natoms:]) * self.exp_cell_factor
/users/pahlawat/.local/lib/python3.12/site-packages/ase/filters.py:600: RuntimeWarning: logm result may be inaccurate, approximate err = 3.0210808447980416e-13
  pos[natoms:] = self.logm(pos[natoms:]) * self.exp_cell_factor
/users/pahlawat/.local/lib/python3.12/site-packages/ase/filters.py:600: RuntimeWarning: logm result may be inaccurate, approximate err = 3.0135875734275015e-13
  pos[natoms:] = self.logm(pos[natoms:]) * self.exp_cell_factor
/users/pahlawat/.local/lib/python3.12/site-packages/ase/filters.py:600: RuntimeWarning: logm result may be inaccurate, approximate err = 2.992618303792878e-13
  pos[natoms:] = self.logm(pos[natoms:]) * self.exp_cell_factor
/users/pahlawat/.local/lib/python3.12/site-packages/ase/filters.py:600: RuntimeWarning: logm result may be inaccurate, approximate err = 3.031625770188922e-13
  pos[natoms:] = self.logm(pos[natoms:]) * self.exp_cell_factor
/users/pahlawat/.local/lib/python3.12/site-packages/ase/filters.py:600: RuntimeWarning: logm result may be inaccurate, approximate err = 3.086084099292097e-13
  pos[natoms:] = self.logm(pos[natoms:]) * self.exp_cell_factor
/users/pahlawat/.local/lib/python3.12/site-packages/ase/filters.py:600: RuntimeWarning: logm result may be inaccurate, approximate err = 3.0509909693381234e-13
  pos[natoms:] = self.logm(pos[natoms:]) * self.exp_cell_factor
/users/pahlawat/.local/lib/python3.12/site-packages/ase/filters.py:600: RuntimeWarning: logm result may be inaccurate, approximate err = 3.0367953460028303e-13
  pos[natoms:] = self.logm(pos[natoms:]) * self.exp_cell_factor
/users/pahlawat/.local/lib/python3.12/site-packages/ase/filters.py:600: RuntimeWarning: logm result may be inaccurate, approximate err = 3.041894189070133e-13
  pos[natoms:] = self.logm(pos[natoms:]) * self.exp_cell_factor
/users/pahlawat/.local/lib/python3.12/site-packages/ase/filters.py:600: RuntimeWarning: logm result may be inaccurate, approximate err = 3.1038393595817597e-13
  pos[natoms:] = self.logm(pos[natoms:]) * self.exp_cell_factor
/users/pahlawat/.local/lib/python3.12/site-packages/ase/filters.py:600: RuntimeWarning: logm result may be inaccurate, approximate err = 3.050752943694268e-13
  pos[natoms:] = self.logm(pos[natoms:]) * self.exp_cell_factor
/users/pahlawat/.local/lib/python3.12/site-packages/ase/filters.py:600: RuntimeWarning: logm result may be inaccurate, approximate err = 3.051004135214167e-13
  pos[natoms:] = self.logm(pos[natoms:]) * self.exp_cell_factor
/users/pahlawat/.local/lib/python3.12/site-packages/ase/filters.py:600: RuntimeWarning: logm result may be inaccurate, approximate err = 3.122489678754269e-13
  pos[natoms:] = self.logm(pos[natoms:]) * self.exp_cell_factor
/users/pahlawat/.local/lib/python3.12/site-packages/ase/filters.py:600: RuntimeWarning: logm result may be inaccurate, approximate err = 3.102706650860924e-13
  pos[natoms:] = self.logm(pos[natoms:]) * self.exp_cell_factor
/users/pahlawat/.local/lib/python3.12/site-packages/ase/filters.py:600: RuntimeWarning: logm result may be inaccurate, approximate err = 3.0798638316509307e-13
  pos[natoms:] = self.logm(pos[natoms:]) * self.exp_cell_factor
/users/pahlawat/.local/lib/python3.12/site-packages/ase/filters.py:600: RuntimeWarning: logm result may be inaccurate, approximate err = 3.1244447597263686e-13
  pos[natoms:] = self.logm(pos[natoms:]) * self.exp_cell_factor
/users/pahlawat/.local/lib/python3.12/site-packages/ase/filters.py:600: RuntimeWarning: logm result may be inaccurate, approximate err = 3.051700228646961e-13
  pos[natoms:] = self.logm(pos[natoms:]) * self.exp_cell_factor
/users/pahlawat/.local/lib/python3.12/site-packages/ase/filters.py:600: RuntimeWarning: logm result may be inaccurate, approximate err = 3.06067664509879e-13
  pos[natoms:] = self.logm(pos[natoms:]) * self.exp_cell_factor
/users/pahlawat/.local/lib/python3.12/site-packages/ase/filters.py:600: RuntimeWarning: logm result may be inaccurate, approximate err = 3.0680112188355626e-13
  pos[natoms:] = self.logm(pos[natoms:]) * self.exp_cell_factor
/users/pahlawat/.local/lib/python3.12/site-packages/ase/filters.py:600: RuntimeWarning: logm result may be inaccurate, approximate err = 3.0460815981764866e-13
  pos[natoms:] = self.logm(pos[natoms:]) * self.exp_cell_factor
/users/pahlawat/.local/lib/python3.12/site-packages/ase/filters.py:600: RuntimeWarning: logm result may be inaccurate, approximate err = 3.078396470664103e-13
  pos[natoms:] = self.logm(pos[natoms:]) * self.exp_cell_factor
/users/pahlawat/.local/lib/python3.12/site-packages/ase/filters.py:600: RuntimeWarning: logm result may be inaccurate, approximate err = 3.0921854603546165e-13
  pos[natoms:] = self.logm(pos[natoms:]) * self.exp_cell_factor
/users/pahlawat/.local/lib/python3.12/site-packages/ase/filters.py:600: RuntimeWarning: logm result may be inaccurate, approximate err = 3.115848243321384e-13
  pos[natoms:] = self.logm(pos[natoms:]) * self.exp_cell_factor
/users/pahlawat/.local/lib/python3.12/site-packages/ase/filters.py:600: RuntimeWarning: logm result may be inaccurate, approximate err = 3.0792725519713324e-13
  pos[natoms:] = self.logm(pos[natoms:]) * self.exp_cell_factor
/users/pahlawat/.local/lib/python3.12/site-packages/ase/filters.py:600: RuntimeWarning: logm result may be inaccurate, approximate err = 3.060817941602619e-13
  pos[natoms:] = self.logm(pos[natoms:]) * self.exp_cell_factor
/users/pahlawat/.local/lib/python3.12/site-packages/ase/filters.py:600: RuntimeWarning: logm result may be inaccurate, approximate err = 3.13736723479158e-13
  pos[natoms:] = self.logm(pos[natoms:]) * self.exp_cell_factor
/users/pahlawat/.local/lib/python3.12/site-packages/ase/filters.py:600: RuntimeWarning: logm result may be inaccurate, approximate err = 3.0918326932856207e-13
  pos[natoms:] = self.logm(pos[natoms:]) * self.exp_cell_factor
/users/pahlawat/.local/lib/python3.12/site-packages/ase/filters.py:600: RuntimeWarning: logm result may be inaccurate, approximate err = 3.096577112730032e-13
  pos[natoms:] = self.logm(pos[natoms:]) * self.exp_cell_factor
/users/pahlawat/.local/lib/python3.12/site-packages/ase/filters.py:600: RuntimeWarning: logm result may be inaccurate, approximate err = 3.086199818271418e-13
  pos[natoms:] = self.logm(pos[natoms:]) * self.exp_cell_factor
/users/pahlawat/.local/lib/python3.12/site-packages/ase/filters.py:600: RuntimeWarning: logm result may be inaccurate, approximate err = 3.099139788709338e-13
  pos[natoms:] = self.logm(pos[natoms:]) * self.exp_cell_factor
/users/pahlawat/.local/lib/python3.12/site-packages/ase/filters.py:600: RuntimeWarning: logm result may be inaccurate, approximate err = 3.082088833344036e-13
  pos[natoms:] = self.logm(pos[natoms:]) * self.exp_cell_factor
/users/pahlawat/.local/lib/python3.12/site-packages/ase/filters.py:600: RuntimeWarning: logm result may be inaccurate, approximate err = 3.063793841840044e-13
  pos[natoms:] = self.logm(pos[natoms:]) * self.exp_cell_factor
/users/pahlawat/.local/lib/python3.12/site-packages/ase/filters.py:600: RuntimeWarning: logm result may be inaccurate, approximate err = 3.1814387001618447e-13
  pos[natoms:] = self.logm(pos[natoms:]) * self.exp_cell_factor
/users/pahlawat/.local/lib/python3.12/site-packages/ase/filters.py:600: RuntimeWarning: logm result may be inaccurate, approximate err = 3.0916683695222395e-13
  pos[natoms:] = self.logm(pos[natoms:]) * self.exp_cell_factor
/users/pahlawat/.local/lib/python3.12/site-packages/ase/filters.py:600: RuntimeWarning: logm result may be inaccurate, approximate err = 3.0249981784452235e-13
  pos[natoms:] = self.logm(pos[natoms:]) * self.exp_cell_factor
/users/pahlawat/.local/lib/python3.12/site-packages/ase/filters.py:600: RuntimeWarning: logm result may be inaccurate, approximate err = 3.102120426512991e-13
  pos[natoms:] = self.logm(pos[natoms:]) * self.exp_cell_factor
/users/pahlawat/.local/lib/python3.12/site-packages/ase/filters.py:600: RuntimeWarning: logm result may be inaccurate, approximate err = 3.018603097367979e-13
  pos[natoms:] = self.logm(pos[natoms:]) * self.exp_cell_factor
/users/pahlawat/.local/lib/python3.12/site-packages/ase/filters.py:600: RuntimeWarning: logm result may be inaccurate, approximate err = 3.113791259690413e-13
  pos[natoms:] = self.logm(pos[natoms:]) * self.exp_cell_factor
/users/pahlawat/.local/lib/python3.12/site-packages/ase/filters.py:600: RuntimeWarning: logm result may be inaccurate, approximate err = 3.0299344985066434e-13
  pos[natoms:] = self.logm(pos[natoms:]) * self.exp_cell_factor
/users/pahlawat/.local/lib/python3.12/site-packages/ase/filters.py:600: RuntimeWarning: logm result may be inaccurate, approximate err = 3.069944777614328e-13
  pos[natoms:] = self.logm(pos[natoms:]) * self.exp_cell_factor
/users/pahlawat/.local/lib/python3.12/site-packages/ase/filters.py:600: RuntimeWarning: logm result may be inaccurate, approximate err = 3.0531823075881677e-13
  pos[natoms:] = self.logm(pos[natoms:]) * self.exp_cell_factor
/users/pahlawat/.local/lib/python3.12/site-packages/ase/filters.py:600: RuntimeWarning: logm result may be inaccurate, approximate err = 3.0330693964746325e-13
  pos[natoms:] = self.logm(pos[natoms:]) * self.exp_cell_factor
/users/pahlawat/.local/lib/python3.12/site-packages/ase/filters.py:600: RuntimeWarning: logm result may be inaccurate, approximate err = 3.0464205563218603e-13
  pos[natoms:] = self.logm(pos[natoms:]) * self.exp_cell_factor
/users/pahlawat/.local/lib/python3.12/site-packages/ase/filters.py:600: RuntimeWarning: logm result may be inaccurate, approximate err = 3.0798919583870837e-13
  pos[natoms:] = self.logm(pos[natoms:]) * self.exp_cell_factor
/users/pahlawat/.local/lib/python3.12/site-packages/ase/filters.py:600: RuntimeWarning: logm result may be inaccurate, approximate err = 3.103376017612e-13
  pos[natoms:] = self.logm(pos[natoms:]) * self.exp_cell_factor
/users/pahlawat/.local/lib/python3.12/site-packages/ase/filters.py:600: RuntimeWarning: logm result may be inaccurate, approximate err = 3.0900654774011237e-13
  pos[natoms:] = self.logm(pos[natoms:]) * self.exp_cell_factor
/users/pahlawat/.local/lib/python3.12/site-packages/ase/filters.py:600: RuntimeWarning: logm result may be inaccurate, approximate err = 3.0918064132746336e-13
  pos[natoms:] = self.logm(pos[natoms:]) * self.exp_cell_factor
/users/pahlawat/.local/lib/python3.12/site-packages/ase/filters.py:600: RuntimeWarning: logm result may be inaccurate, approximate err = 3.135379820814577e-13
  pos[natoms:] = self.logm(pos[natoms:]) * self.exp_cell_factor
/users/pahlawat/.local/lib/python3.12/site-packages/ase/filters.py:600: RuntimeWarning: logm result may be inaccurate, approximate err = 3.0451982839494083e-13
  pos[natoms:] = self.logm(pos[natoms:]) * self.exp_cell_factor
/users/pahlawat/.local/lib/python3.12/site-packages/ase/filters.py:600: RuntimeWarning: logm result may be inaccurate, approximate err = 3.065343024511453e-13
  pos[natoms:] = self.logm(pos[natoms:]) * self.exp_cell_factor
/users/pahlawat/.local/lib/python3.12/site-packages/ase/filters.py:600: RuntimeWarning: logm result may be inaccurate, approximate err = 3.1405465678189553e-13
  pos[natoms:] = self.logm(pos[natoms:]) * self.exp_cell_factor
/users/pahlawat/.local/lib/python3.12/site-packages/ase/filters.py:600: RuntimeWarning: logm result may be inaccurate, approximate err = 3.145426838146099e-13
  pos[natoms:] = self.logm(pos[natoms:]) * self.exp_cell_factor
/users/pahlawat/.local/lib/python3.12/site-packages/ase/filters.py:600: RuntimeWarning: logm result may be inaccurate, approximate err = 3.039992730201293e-13
  pos[natoms:] = self.logm(pos[natoms:]) * self.exp_cell_factor
/users/pahlawat/.local/lib/python3.12/site-packages/ase/filters.py:600: RuntimeWarning: logm result may be inaccurate, approximate err = 3.039955163047764e-13
  pos[natoms:] = self.logm(pos[natoms:]) * self.exp_cell_factor
/users/pahlawat/.local/lib/python3.12/site-packages/ase/filters.py:600: RuntimeWarning: logm result may be inaccurate, approximate err = 3.0817234271615977e-13
  pos[natoms:] = self.logm(pos[natoms:]) * self.exp_cell_factor
/users/pahlawat/.local/lib/python3.12/site-packages/ase/filters.py:600: RuntimeWarning: logm result may be inaccurate, approximate err = 3.0767105571701957e-13
  pos[natoms:] = self.logm(pos[natoms:]) * self.exp_cell_factor
/users/pahlawat/.local/lib/python3.12/site-packages/ase/filters.py:600: RuntimeWarning: logm result may be inaccurate, approximate err = 3.044983369266704e-13
  pos[natoms:] = self.logm(pos[natoms:]) * self.exp_cell_factor
/users/pahlawat/.local/lib/python3.12/site-packages/ase/filters.py:600: RuntimeWarning: logm result may be inaccurate, approximate err = 3.0533773035527446e-13
  pos[natoms:] = self.logm(pos[natoms:]) * self.exp_cell_factor
/users/pahlawat/.local/lib/python3.12/site-packages/ase/filters.py:600: RuntimeWarning: logm result may be inaccurate, approximate err = 3.1269637646830067e-13
  pos[natoms:] = self.logm(pos[natoms:]) * self.exp_cell_factor
/users/pahlawat/.local/lib/python3.12/site-packages/ase/filters.py:600: RuntimeWarning: logm result may be inaccurate, approximate err = 3.070116790644808e-13
  pos[natoms:] = self.logm(pos[natoms:]) * self.exp_cell_factor
/users/pahlawat/.local/lib/python3.12/site-packages/ase/filters.py:600: RuntimeWarning: logm result may be inaccurate, approximate err = 3.0768106842573467e-13
  pos[natoms:] = self.logm(pos[natoms:]) * self.exp_cell_factor
/users/pahlawat/.local/lib/python3.12/site-packages/ase/filters.py:600: RuntimeWarning: logm result may be inaccurate, approximate err = 3.0567419011326555e-13
  pos[natoms:] = self.logm(pos[natoms:]) * self.exp_cell_factor
/users/pahlawat/.local/lib/python3.12/site-packages/ase/filters.py:600: RuntimeWarning: logm result may be inaccurate, approximate err = 3.0366657848702935e-13
  pos[natoms:] = self.logm(pos[natoms:]) * self.exp_cell_factor
/users/pahlawat/.local/lib/python3.12/site-packages/spglib/spglib.py:115: DeprecationWarning: dict interface (SpglibDataset['number']) is deprecated.Use attribute interface ({self.__class__.__name__}.{key}) instead
  warnings.warn(
/users/pahlawat/.local/lib/python3.12/site-packages/spglib/spglib.py:115: DeprecationWarning: dict interface (SpglibDataset['international']) is deprecated.Use attribute interface ({self.__class__.__name__}.{key}) instead
  warnings.warn(
/users/pahlawat/.local/lib/python3.12/site-packages/spglib/spglib.py:115: DeprecationWarning: dict interface (SpglibDataset['hall']) is deprecated.Use attribute interface ({self.__class__.__name__}.{key}) instead
  warnings.warn(
