[38;5;127mlibs[0m/[38;5;172mnvidia-cuda[0m/[38;5;67m11.8.0[0m/[38;5;68mbin[0m
 |
 [0;32mOK[0m
[38;5;127mcompilers[0m/[38;5;172mgcc[0m/[38;5;67m14.1.0[0m
 |
 [0;32mOK[0m
/users/pahlawat/.local/lib/python3.12/site-packages/ase/io/cif.py:408: UserWarning: crystal system 'tetragonal' is not interpreted for space group Spacegroup(127, setting=1). This may result in wrong setting!
  warnings.warn(
/users/pahlawat/.local/lib/python3.12/site-packages/spglib/spglib.py:115: DeprecationWarning: dict interface (SpglibDataset['number']) is deprecated.Use attribute interface ({self.__class__.__name__}.{key}) instead
  warnings.warn(
/users/pahlawat/.local/lib/python3.12/site-packages/spglib/spglib.py:115: DeprecationWarning: dict interface (SpglibDataset['international']) is deprecated.Use attribute interface ({self.__class__.__name__}.{key}) instead
  warnings.warn(
/users/pahlawat/.local/lib/python3.12/site-packages/spglib/spglib.py:115: DeprecationWarning: dict interface (SpglibDataset['hall']) is deprecated.Use attribute interface ({self.__class__.__name__}.{key}) instead
  warnings.warn(
To get the best performance, it is recommended to adjust the number of threads by setting the environment variables OMP_NUM_THREADS, DP_INTRA_OP_PARALLELISM_THREADS, and DP_INTER_OP_PARALLELISM_THREADS. See https://deepmd.rtfd.io/parallelism/ for more information.
You can use the environment variable DP_INFER_BATCH_SIZE tocontrol the inference batch size (nframes * natoms). The default value is 1024.
/users/pahlawat/.local/lib/python3.12/site-packages/ase/filters.py:600: RuntimeWarning: logm result may be inaccurate, approximate err = 2.774708767880444e-13
  pos[natoms:] = self.logm(pos[natoms:]) * self.exp_cell_factor
/users/pahlawat/.local/lib/python3.12/site-packages/ase/filters.py:600: RuntimeWarning: logm result may be inaccurate, approximate err = 2.731452703454262e-13
  pos[natoms:] = self.logm(pos[natoms:]) * self.exp_cell_factor
/users/pahlawat/.local/lib/python3.12/site-packages/ase/filters.py:600: RuntimeWarning: logm result may be inaccurate, approximate err = 2.747002538325497e-13
  pos[natoms:] = self.logm(pos[natoms:]) * self.exp_cell_factor
/users/pahlawat/.local/lib/python3.12/site-packages/ase/filters.py:600: RuntimeWarning: logm result may be inaccurate, approximate err = 2.7660939923189977e-13
  pos[natoms:] = self.logm(pos[natoms:]) * self.exp_cell_factor
/users/pahlawat/.local/lib/python3.12/site-packages/ase/filters.py:600: RuntimeWarning: logm result may be inaccurate, approximate err = 2.690950887472132e-13
  pos[natoms:] = self.logm(pos[natoms:]) * self.exp_cell_factor
/users/pahlawat/.local/lib/python3.12/site-packages/ase/filters.py:600: RuntimeWarning: logm result may be inaccurate, approximate err = 2.739961814502952e-13
  pos[natoms:] = self.logm(pos[natoms:]) * self.exp_cell_factor
/users/pahlawat/.local/lib/python3.12/site-packages/ase/filters.py:600: RuntimeWarning: logm result may be inaccurate, approximate err = 2.762435060435004e-13
  pos[natoms:] = self.logm(pos[natoms:]) * self.exp_cell_factor
/users/pahlawat/.local/lib/python3.12/site-packages/ase/filters.py:600: RuntimeWarning: logm result may be inaccurate, approximate err = 2.726628495904081e-13
  pos[natoms:] = self.logm(pos[natoms:]) * self.exp_cell_factor
/users/pahlawat/.local/lib/python3.12/site-packages/ase/filters.py:600: RuntimeWarning: logm result may be inaccurate, approximate err = 2.72861158789744e-13
  pos[natoms:] = self.logm(pos[natoms:]) * self.exp_cell_factor
/users/pahlawat/.local/lib/python3.12/site-packages/ase/filters.py:600: RuntimeWarning: logm result may be inaccurate, approximate err = 2.750999138431781e-13
  pos[natoms:] = self.logm(pos[natoms:]) * self.exp_cell_factor
/users/pahlawat/.local/lib/python3.12/site-packages/ase/filters.py:600: RuntimeWarning: logm result may be inaccurate, approximate err = 2.7474437559613716e-13
  pos[natoms:] = self.logm(pos[natoms:]) * self.exp_cell_factor
/users/pahlawat/.local/lib/python3.12/site-packages/ase/filters.py:600: RuntimeWarning: logm result may be inaccurate, approximate err = 2.7595895265951135e-13
  pos[natoms:] = self.logm(pos[natoms:]) * self.exp_cell_factor
/users/pahlawat/.local/lib/python3.12/site-packages/ase/filters.py:600: RuntimeWarning: logm result may be inaccurate, approximate err = 2.778337397423725e-13
  pos[natoms:] = self.logm(pos[natoms:]) * self.exp_cell_factor
/users/pahlawat/.local/lib/python3.12/site-packages/ase/filters.py:600: RuntimeWarning: logm result may be inaccurate, approximate err = 2.7586246581021364e-13
  pos[natoms:] = self.logm(pos[natoms:]) * self.exp_cell_factor
/users/pahlawat/.local/lib/python3.12/site-packages/ase/filters.py:600: RuntimeWarning: logm result may be inaccurate, approximate err = 2.7965342096260906e-13
  pos[natoms:] = self.logm(pos[natoms:]) * self.exp_cell_factor
/users/pahlawat/.local/lib/python3.12/site-packages/ase/filters.py:600: RuntimeWarning: logm result may be inaccurate, approximate err = 2.784011387472935e-13
  pos[natoms:] = self.logm(pos[natoms:]) * self.exp_cell_factor
/users/pahlawat/.local/lib/python3.12/site-packages/ase/filters.py:600: RuntimeWarning: logm result may be inaccurate, approximate err = 2.812864529460041e-13
  pos[natoms:] = self.logm(pos[natoms:]) * self.exp_cell_factor
/users/pahlawat/.local/lib/python3.12/site-packages/ase/filters.py:600: RuntimeWarning: logm result may be inaccurate, approximate err = 2.7945788400976507e-13
  pos[natoms:] = self.logm(pos[natoms:]) * self.exp_cell_factor
/users/pahlawat/.local/lib/python3.12/site-packages/ase/filters.py:600: RuntimeWarning: logm result may be inaccurate, approximate err = 2.817012100051668e-13
  pos[natoms:] = self.logm(pos[natoms:]) * self.exp_cell_factor
/users/pahlawat/.local/lib/python3.12/site-packages/ase/filters.py:600: RuntimeWarning: logm result may be inaccurate, approximate err = 2.8263373286656276e-13
  pos[natoms:] = self.logm(pos[natoms:]) * self.exp_cell_factor
/users/pahlawat/.local/lib/python3.12/site-packages/ase/filters.py:600: RuntimeWarning: logm result may be inaccurate, approximate err = 2.8245099809205273e-13
  pos[natoms:] = self.logm(pos[natoms:]) * self.exp_cell_factor
/users/pahlawat/.local/lib/python3.12/site-packages/ase/filters.py:600: RuntimeWarning: logm result may be inaccurate, approximate err = 2.761436672839144e-13
  pos[natoms:] = self.logm(pos[natoms:]) * self.exp_cell_factor
/users/pahlawat/.local/lib/python3.12/site-packages/ase/filters.py:600: RuntimeWarning: logm result may be inaccurate, approximate err = 2.7524667704985283e-13
  pos[natoms:] = self.logm(pos[natoms:]) * self.exp_cell_factor
/users/pahlawat/.local/lib/python3.12/site-packages/ase/filters.py:600: RuntimeWarning: logm result may be inaccurate, approximate err = 2.800383405825538e-13
  pos[natoms:] = self.logm(pos[natoms:]) * self.exp_cell_factor
/users/pahlawat/.local/lib/python3.12/site-packages/ase/filters.py:600: RuntimeWarning: logm result may be inaccurate, approximate err = 2.79747181569754e-13
  pos[natoms:] = self.logm(pos[natoms:]) * self.exp_cell_factor
/users/pahlawat/.local/lib/python3.12/site-packages/ase/filters.py:600: RuntimeWarning: logm result may be inaccurate, approximate err = 2.8581476965765255e-13
  pos[natoms:] = self.logm(pos[natoms:]) * self.exp_cell_factor
/users/pahlawat/.local/lib/python3.12/site-packages/ase/filters.py:600: RuntimeWarning: logm result may be inaccurate, approximate err = 2.8707015229922383e-13
  pos[natoms:] = self.logm(pos[natoms:]) * self.exp_cell_factor
/users/pahlawat/.local/lib/python3.12/site-packages/ase/filters.py:600: RuntimeWarning: logm result may be inaccurate, approximate err = 2.845139767166483e-13
  pos[natoms:] = self.logm(pos[natoms:]) * self.exp_cell_factor
/users/pahlawat/.local/lib/python3.12/site-packages/ase/filters.py:600: RuntimeWarning: logm result may be inaccurate, approximate err = 2.8295203919379663e-13
  pos[natoms:] = self.logm(pos[natoms:]) * self.exp_cell_factor
/users/pahlawat/.local/lib/python3.12/site-packages/ase/filters.py:600: RuntimeWarning: logm result may be inaccurate, approximate err = 2.8658124459405273e-13
  pos[natoms:] = self.logm(pos[natoms:]) * self.exp_cell_factor
/users/pahlawat/.local/lib/python3.12/site-packages/ase/filters.py:600: RuntimeWarning: logm result may be inaccurate, approximate err = 2.876209120587392e-13
  pos[natoms:] = self.logm(pos[natoms:]) * self.exp_cell_factor
/users/pahlawat/.local/lib/python3.12/site-packages/ase/filters.py:600: RuntimeWarning: logm result may be inaccurate, approximate err = 2.8460854104249665e-13
  pos[natoms:] = self.logm(pos[natoms:]) * self.exp_cell_factor
/users/pahlawat/.local/lib/python3.12/site-packages/ase/filters.py:600: RuntimeWarning: logm result may be inaccurate, approximate err = 2.865729796569324e-13
  pos[natoms:] = self.logm(pos[natoms:]) * self.exp_cell_factor
/users/pahlawat/.local/lib/python3.12/site-packages/ase/filters.py:600: RuntimeWarning: logm result may be inaccurate, approximate err = 2.826276956517252e-13
  pos[natoms:] = self.logm(pos[natoms:]) * self.exp_cell_factor
/users/pahlawat/.local/lib/python3.12/site-packages/ase/filters.py:600: RuntimeWarning: logm result may be inaccurate, approximate err = 2.9438365944008357e-13
  pos[natoms:] = self.logm(pos[natoms:]) * self.exp_cell_factor
/users/pahlawat/.local/lib/python3.12/site-packages/ase/filters.py:600: RuntimeWarning: logm result may be inaccurate, approximate err = 2.91023786487821e-13
  pos[natoms:] = self.logm(pos[natoms:]) * self.exp_cell_factor
/users/pahlawat/.local/lib/python3.12/site-packages/ase/filters.py:600: RuntimeWarning: logm result may be inaccurate, approximate err = 2.8997224721559077e-13
  pos[natoms:] = self.logm(pos[natoms:]) * self.exp_cell_factor
/users/pahlawat/.local/lib/python3.12/site-packages/ase/filters.py:600: RuntimeWarning: logm result may be inaccurate, approximate err = 2.904847829974246e-13
  pos[natoms:] = self.logm(pos[natoms:]) * self.exp_cell_factor
/users/pahlawat/.local/lib/python3.12/site-packages/ase/filters.py:600: RuntimeWarning: logm result may be inaccurate, approximate err = 2.8939420447876477e-13
  pos[natoms:] = self.logm(pos[natoms:]) * self.exp_cell_factor
/users/pahlawat/.local/lib/python3.12/site-packages/ase/filters.py:600: RuntimeWarning: logm result may be inaccurate, approximate err = 2.898095033861474e-13
  pos[natoms:] = self.logm(pos[natoms:]) * self.exp_cell_factor
/users/pahlawat/.local/lib/python3.12/site-packages/ase/filters.py:600: RuntimeWarning: logm result may be inaccurate, approximate err = 2.925300744368972e-13
  pos[natoms:] = self.logm(pos[natoms:]) * self.exp_cell_factor
/users/pahlawat/.local/lib/python3.12/site-packages/ase/filters.py:600: RuntimeWarning: logm result may be inaccurate, approximate err = 2.8843598665780007e-13
  pos[natoms:] = self.logm(pos[natoms:]) * self.exp_cell_factor
/users/pahlawat/.local/lib/python3.12/site-packages/ase/filters.py:600: RuntimeWarning: logm result may be inaccurate, approximate err = 2.8760314736551786e-13
  pos[natoms:] = self.logm(pos[natoms:]) * self.exp_cell_factor
/users/pahlawat/.local/lib/python3.12/site-packages/ase/filters.py:600: RuntimeWarning: logm result may be inaccurate, approximate err = 2.9344367771745564e-13
  pos[natoms:] = self.logm(pos[natoms:]) * self.exp_cell_factor
/users/pahlawat/.local/lib/python3.12/site-packages/ase/filters.py:600: RuntimeWarning: logm result may be inaccurate, approximate err = 2.9020417612716965e-13
  pos[natoms:] = self.logm(pos[natoms:]) * self.exp_cell_factor
/users/pahlawat/.local/lib/python3.12/site-packages/ase/filters.py:600: RuntimeWarning: logm result may be inaccurate, approximate err = 2.8698380552826874e-13
  pos[natoms:] = self.logm(pos[natoms:]) * self.exp_cell_factor
/users/pahlawat/.local/lib/python3.12/site-packages/ase/filters.py:600: RuntimeWarning: logm result may be inaccurate, approximate err = 2.867156802865077e-13
  pos[natoms:] = self.logm(pos[natoms:]) * self.exp_cell_factor
/users/pahlawat/.local/lib/python3.12/site-packages/ase/filters.py:600: RuntimeWarning: logm result may be inaccurate, approximate err = 2.8720579278448377e-13
  pos[natoms:] = self.logm(pos[natoms:]) * self.exp_cell_factor
/users/pahlawat/.local/lib/python3.12/site-packages/ase/filters.py:600: RuntimeWarning: logm result may be inaccurate, approximate err = 2.8778517210630913e-13
  pos[natoms:] = self.logm(pos[natoms:]) * self.exp_cell_factor
/users/pahlawat/.local/lib/python3.12/site-packages/ase/filters.py:600: RuntimeWarning: logm result may be inaccurate, approximate err = 2.8739238592473996e-13
  pos[natoms:] = self.logm(pos[natoms:]) * self.exp_cell_factor
/users/pahlawat/.local/lib/python3.12/site-packages/ase/filters.py:600: RuntimeWarning: logm result may be inaccurate, approximate err = 2.908886067811684e-13
  pos[natoms:] = self.logm(pos[natoms:]) * self.exp_cell_factor
/users/pahlawat/.local/lib/python3.12/site-packages/ase/filters.py:600: RuntimeWarning: logm result may be inaccurate, approximate err = 2.8802109714300656e-13
  pos[natoms:] = self.logm(pos[natoms:]) * self.exp_cell_factor
/users/pahlawat/.local/lib/python3.12/site-packages/ase/filters.py:600: RuntimeWarning: logm result may be inaccurate, approximate err = 2.906453540319623e-13
  pos[natoms:] = self.logm(pos[natoms:]) * self.exp_cell_factor
/users/pahlawat/.local/lib/python3.12/site-packages/ase/filters.py:600: RuntimeWarning: logm result may be inaccurate, approximate err = 2.8584722596224804e-13
  pos[natoms:] = self.logm(pos[natoms:]) * self.exp_cell_factor
/users/pahlawat/.local/lib/python3.12/site-packages/ase/filters.py:600: RuntimeWarning: logm result may be inaccurate, approximate err = 2.898484439707981e-13
  pos[natoms:] = self.logm(pos[natoms:]) * self.exp_cell_factor
/users/pahlawat/.local/lib/python3.12/site-packages/ase/filters.py:600: RuntimeWarning: logm result may be inaccurate, approximate err = 2.880258790481152e-13
  pos[natoms:] = self.logm(pos[natoms:]) * self.exp_cell_factor
/users/pahlawat/.local/lib/python3.12/site-packages/ase/filters.py:600: RuntimeWarning: logm result may be inaccurate, approximate err = 2.908393214038484e-13
  pos[natoms:] = self.logm(pos[natoms:]) * self.exp_cell_factor
/users/pahlawat/.local/lib/python3.12/site-packages/ase/filters.py:600: RuntimeWarning: logm result may be inaccurate, approximate err = 2.875812425644784e-13
  pos[natoms:] = self.logm(pos[natoms:]) * self.exp_cell_factor
/users/pahlawat/.local/lib/python3.12/site-packages/ase/filters.py:600: RuntimeWarning: logm result may be inaccurate, approximate err = 2.9277488631410565e-13
  pos[natoms:] = self.logm(pos[natoms:]) * self.exp_cell_factor
/users/pahlawat/.local/lib/python3.12/site-packages/ase/filters.py:600: RuntimeWarning: logm result may be inaccurate, approximate err = 2.8840952339848883e-13
  pos[natoms:] = self.logm(pos[natoms:]) * self.exp_cell_factor
/users/pahlawat/.local/lib/python3.12/site-packages/ase/filters.py:600: RuntimeWarning: logm result may be inaccurate, approximate err = 2.890921614578932e-13
  pos[natoms:] = self.logm(pos[natoms:]) * self.exp_cell_factor
/users/pahlawat/.local/lib/python3.12/site-packages/ase/filters.py:600: RuntimeWarning: logm result may be inaccurate, approximate err = 2.8978249220349626e-13
  pos[natoms:] = self.logm(pos[natoms:]) * self.exp_cell_factor
/users/pahlawat/.local/lib/python3.12/site-packages/ase/filters.py:600: RuntimeWarning: logm result may be inaccurate, approximate err = 2.9172545445476747e-13
  pos[natoms:] = self.logm(pos[natoms:]) * self.exp_cell_factor
/users/pahlawat/.local/lib/python3.12/site-packages/ase/filters.py:600: RuntimeWarning: logm result may be inaccurate, approximate err = 2.86055766426415e-13
  pos[natoms:] = self.logm(pos[natoms:]) * self.exp_cell_factor
/users/pahlawat/.local/lib/python3.12/site-packages/ase/filters.py:600: RuntimeWarning: logm result may be inaccurate, approximate err = 2.8592418676892123e-13
  pos[natoms:] = self.logm(pos[natoms:]) * self.exp_cell_factor
/users/pahlawat/.local/lib/python3.12/site-packages/ase/filters.py:600: RuntimeWarning: logm result may be inaccurate, approximate err = 2.9427731450002185e-13
  pos[natoms:] = self.logm(pos[natoms:]) * self.exp_cell_factor
/users/pahlawat/.local/lib/python3.12/site-packages/ase/filters.py:600: RuntimeWarning: logm result may be inaccurate, approximate err = 2.908239374786945e-13
  pos[natoms:] = self.logm(pos[natoms:]) * self.exp_cell_factor
/users/pahlawat/.local/lib/python3.12/site-packages/ase/filters.py:600: RuntimeWarning: logm result may be inaccurate, approximate err = 2.901330025668116e-13
  pos[natoms:] = self.logm(pos[natoms:]) * self.exp_cell_factor
/users/pahlawat/.local/lib/python3.12/site-packages/ase/filters.py:600: RuntimeWarning: logm result may be inaccurate, approximate err = 2.9132360586762695e-13
  pos[natoms:] = self.logm(pos[natoms:]) * self.exp_cell_factor
/users/pahlawat/.local/lib/python3.12/site-packages/ase/filters.py:600: RuntimeWarning: logm result may be inaccurate, approximate err = 2.868428253638501e-13
  pos[natoms:] = self.logm(pos[natoms:]) * self.exp_cell_factor
/users/pahlawat/.local/lib/python3.12/site-packages/ase/filters.py:600: RuntimeWarning: logm result may be inaccurate, approximate err = 2.8975969430745965e-13
  pos[natoms:] = self.logm(pos[natoms:]) * self.exp_cell_factor
/users/pahlawat/.local/lib/python3.12/site-packages/ase/filters.py:600: RuntimeWarning: logm result may be inaccurate, approximate err = 2.8820356134351276e-13
  pos[natoms:] = self.logm(pos[natoms:]) * self.exp_cell_factor
/users/pahlawat/.local/lib/python3.12/site-packages/ase/filters.py:600: RuntimeWarning: logm result may be inaccurate, approximate err = 2.923318877192452e-13
  pos[natoms:] = self.logm(pos[natoms:]) * self.exp_cell_factor
/users/pahlawat/.local/lib/python3.12/site-packages/ase/filters.py:600: RuntimeWarning: logm result may be inaccurate, approximate err = 2.907929635629749e-13
  pos[natoms:] = self.logm(pos[natoms:]) * self.exp_cell_factor
/users/pahlawat/.local/lib/python3.12/site-packages/ase/filters.py:600: RuntimeWarning: logm result may be inaccurate, approximate err = 2.9236677454782634e-13
  pos[natoms:] = self.logm(pos[natoms:]) * self.exp_cell_factor
/users/pahlawat/.local/lib/python3.12/site-packages/ase/filters.py:600: RuntimeWarning: logm result may be inaccurate, approximate err = 2.8709448639873494e-13
  pos[natoms:] = self.logm(pos[natoms:]) * self.exp_cell_factor
/users/pahlawat/.local/lib/python3.12/site-packages/ase/filters.py:600: RuntimeWarning: logm result may be inaccurate, approximate err = 2.847055042290591e-13
  pos[natoms:] = self.logm(pos[natoms:]) * self.exp_cell_factor
/users/pahlawat/.local/lib/python3.12/site-packages/ase/filters.py:600: RuntimeWarning: logm result may be inaccurate, approximate err = 2.881509413264063e-13
  pos[natoms:] = self.logm(pos[natoms:]) * self.exp_cell_factor
/users/pahlawat/.local/lib/python3.12/site-packages/ase/filters.py:600: RuntimeWarning: logm result may be inaccurate, approximate err = 2.900552402668146e-13
  pos[natoms:] = self.logm(pos[natoms:]) * self.exp_cell_factor
/users/pahlawat/.local/lib/python3.12/site-packages/ase/filters.py:600: RuntimeWarning: logm result may be inaccurate, approximate err = 2.9006679251909084e-13
  pos[natoms:] = self.logm(pos[natoms:]) * self.exp_cell_factor
/users/pahlawat/.local/lib/python3.12/site-packages/ase/filters.py:600: RuntimeWarning: logm result may be inaccurate, approximate err = 2.854201339870182e-13
  pos[natoms:] = self.logm(pos[natoms:]) * self.exp_cell_factor
/users/pahlawat/.local/lib/python3.12/site-packages/ase/filters.py:600: RuntimeWarning: logm result may be inaccurate, approximate err = 2.9592293362471497e-13
  pos[natoms:] = self.logm(pos[natoms:]) * self.exp_cell_factor
/users/pahlawat/.local/lib/python3.12/site-packages/ase/filters.py:600: RuntimeWarning: logm result may be inaccurate, approximate err = 2.899006182981129e-13
  pos[natoms:] = self.logm(pos[natoms:]) * self.exp_cell_factor
/users/pahlawat/.local/lib/python3.12/site-packages/ase/filters.py:600: RuntimeWarning: logm result may be inaccurate, approximate err = 2.909380711699724e-13
  pos[natoms:] = self.logm(pos[natoms:]) * self.exp_cell_factor
/users/pahlawat/.local/lib/python3.12/site-packages/ase/filters.py:600: RuntimeWarning: logm result may be inaccurate, approximate err = 2.907708198922225e-13
  pos[natoms:] = self.logm(pos[natoms:]) * self.exp_cell_factor
/users/pahlawat/.local/lib/python3.12/site-packages/ase/filters.py:600: RuntimeWarning: logm result may be inaccurate, approximate err = 2.8991660456213564e-13
  pos[natoms:] = self.logm(pos[natoms:]) * self.exp_cell_factor
/users/pahlawat/.local/lib/python3.12/site-packages/ase/filters.py:600: RuntimeWarning: logm result may be inaccurate, approximate err = 2.911282706612275e-13
  pos[natoms:] = self.logm(pos[natoms:]) * self.exp_cell_factor
/users/pahlawat/.local/lib/python3.12/site-packages/ase/filters.py:600: RuntimeWarning: logm result may be inaccurate, approximate err = 2.9148120726857026e-13
  pos[natoms:] = self.logm(pos[natoms:]) * self.exp_cell_factor
/users/pahlawat/.local/lib/python3.12/site-packages/ase/filters.py:600: RuntimeWarning: logm result may be inaccurate, approximate err = 2.859818497372781e-13
  pos[natoms:] = self.logm(pos[natoms:]) * self.exp_cell_factor
/users/pahlawat/.local/lib/python3.12/site-packages/ase/filters.py:600: RuntimeWarning: logm result may be inaccurate, approximate err = 2.902988763555121e-13
  pos[natoms:] = self.logm(pos[natoms:]) * self.exp_cell_factor
/users/pahlawat/.local/lib/python3.12/site-packages/ase/filters.py:600: RuntimeWarning: logm result may be inaccurate, approximate err = 2.88420617278462e-13
  pos[natoms:] = self.logm(pos[natoms:]) * self.exp_cell_factor
/users/pahlawat/.local/lib/python3.12/site-packages/ase/filters.py:600: RuntimeWarning: logm result may be inaccurate, approximate err = 2.901618759784574e-13
  pos[natoms:] = self.logm(pos[natoms:]) * self.exp_cell_factor
/users/pahlawat/.local/lib/python3.12/site-packages/ase/filters.py:600: RuntimeWarning: logm result may be inaccurate, approximate err = 2.84846892088251e-13
  pos[natoms:] = self.logm(pos[natoms:]) * self.exp_cell_factor
/users/pahlawat/.local/lib/python3.12/site-packages/ase/filters.py:600: RuntimeWarning: logm result may be inaccurate, approximate err = 2.878038386803479e-13
  pos[natoms:] = self.logm(pos[natoms:]) * self.exp_cell_factor
/users/pahlawat/.local/lib/python3.12/site-packages/ase/filters.py:600: RuntimeWarning: logm result may be inaccurate, approximate err = 2.880125157630073e-13
  pos[natoms:] = self.logm(pos[natoms:]) * self.exp_cell_factor
/users/pahlawat/.local/lib/python3.12/site-packages/ase/filters.py:600: RuntimeWarning: logm result may be inaccurate, approximate err = 2.909876209219658e-13
  pos[natoms:] = self.logm(pos[natoms:]) * self.exp_cell_factor
/users/pahlawat/.local/lib/python3.12/site-packages/ase/filters.py:600: RuntimeWarning: logm result may be inaccurate, approximate err = 2.867381621945276e-13
  pos[natoms:] = self.logm(pos[natoms:]) * self.exp_cell_factor
/users/pahlawat/.local/lib/python3.12/site-packages/ase/filters.py:600: RuntimeWarning: logm result may be inaccurate, approximate err = 2.907758807139716e-13
  pos[natoms:] = self.logm(pos[natoms:]) * self.exp_cell_factor
/users/pahlawat/.local/lib/python3.12/site-packages/ase/filters.py:600: RuntimeWarning: logm result may be inaccurate, approximate err = 2.889709200352472e-13
  pos[natoms:] = self.logm(pos[natoms:]) * self.exp_cell_factor
/users/pahlawat/.local/lib/python3.12/site-packages/ase/filters.py:600: RuntimeWarning: logm result may be inaccurate, approximate err = 2.8390946838094633e-13
  pos[natoms:] = self.logm(pos[natoms:]) * self.exp_cell_factor
/users/pahlawat/.local/lib/python3.12/site-packages/ase/filters.py:600: RuntimeWarning: logm result may be inaccurate, approximate err = 2.9012180899403917e-13
  pos[natoms:] = self.logm(pos[natoms:]) * self.exp_cell_factor
/users/pahlawat/.local/lib/python3.12/site-packages/ase/filters.py:600: RuntimeWarning: logm result may be inaccurate, approximate err = 2.846077630371995e-13
  pos[natoms:] = self.logm(pos[natoms:]) * self.exp_cell_factor
/users/pahlawat/.local/lib/python3.12/site-packages/ase/filters.py:600: RuntimeWarning: logm result may be inaccurate, approximate err = 2.87892891214158e-13
  pos[natoms:] = self.logm(pos[natoms:]) * self.exp_cell_factor
/users/pahlawat/.local/lib/python3.12/site-packages/ase/filters.py:600: RuntimeWarning: logm result may be inaccurate, approximate err = 2.880750995020485e-13
  pos[natoms:] = self.logm(pos[natoms:]) * self.exp_cell_factor
/users/pahlawat/.local/lib/python3.12/site-packages/ase/filters.py:600: RuntimeWarning: logm result may be inaccurate, approximate err = 2.887780899777488e-13
  pos[natoms:] = self.logm(pos[natoms:]) * self.exp_cell_factor
/users/pahlawat/.local/lib/python3.12/site-packages/ase/filters.py:600: RuntimeWarning: logm result may be inaccurate, approximate err = 2.893104652246209e-13
  pos[natoms:] = self.logm(pos[natoms:]) * self.exp_cell_factor
/users/pahlawat/.local/lib/python3.12/site-packages/ase/filters.py:600: RuntimeWarning: logm result may be inaccurate, approximate err = 2.894995551890198e-13
  pos[natoms:] = self.logm(pos[natoms:]) * self.exp_cell_factor
/users/pahlawat/.local/lib/python3.12/site-packages/ase/filters.py:600: RuntimeWarning: logm result may be inaccurate, approximate err = 2.9021178092792917e-13
  pos[natoms:] = self.logm(pos[natoms:]) * self.exp_cell_factor
/users/pahlawat/.local/lib/python3.12/site-packages/ase/filters.py:600: RuntimeWarning: logm result may be inaccurate, approximate err = 2.892029850038493e-13
  pos[natoms:] = self.logm(pos[natoms:]) * self.exp_cell_factor
/users/pahlawat/.local/lib/python3.12/site-packages/ase/filters.py:600: RuntimeWarning: logm result may be inaccurate, approximate err = 2.868175819261513e-13
  pos[natoms:] = self.logm(pos[natoms:]) * self.exp_cell_factor
/users/pahlawat/.local/lib/python3.12/site-packages/ase/filters.py:600: RuntimeWarning: logm result may be inaccurate, approximate err = 2.915131055308102e-13
  pos[natoms:] = self.logm(pos[natoms:]) * self.exp_cell_factor
/users/pahlawat/.local/lib/python3.12/site-packages/ase/filters.py:600: RuntimeWarning: logm result may be inaccurate, approximate err = 2.877165591152668e-13
  pos[natoms:] = self.logm(pos[natoms:]) * self.exp_cell_factor
/users/pahlawat/.local/lib/python3.12/site-packages/ase/filters.py:600: RuntimeWarning: logm result may be inaccurate, approximate err = 2.8978902727252673e-13
  pos[natoms:] = self.logm(pos[natoms:]) * self.exp_cell_factor
/users/pahlawat/.local/lib/python3.12/site-packages/ase/filters.py:600: RuntimeWarning: logm result may be inaccurate, approximate err = 2.9030897666473154e-13
  pos[natoms:] = self.logm(pos[natoms:]) * self.exp_cell_factor
/users/pahlawat/.local/lib/python3.12/site-packages/ase/filters.py:600: RuntimeWarning: logm result may be inaccurate, approximate err = 2.9013868968866135e-13
  pos[natoms:] = self.logm(pos[natoms:]) * self.exp_cell_factor
/users/pahlawat/.local/lib/python3.12/site-packages/ase/filters.py:600: RuntimeWarning: logm result may be inaccurate, approximate err = 2.8789837230705337e-13
  pos[natoms:] = self.logm(pos[natoms:]) * self.exp_cell_factor
/users/pahlawat/.local/lib/python3.12/site-packages/ase/filters.py:600: RuntimeWarning: logm result may be inaccurate, approximate err = 2.8772900639774894e-13
  pos[natoms:] = self.logm(pos[natoms:]) * self.exp_cell_factor
/users/pahlawat/.local/lib/python3.12/site-packages/ase/filters.py:600: RuntimeWarning: logm result may be inaccurate, approximate err = 2.839352186036028e-13
  pos[natoms:] = self.logm(pos[natoms:]) * self.exp_cell_factor
/users/pahlawat/.local/lib/python3.12/site-packages/ase/filters.py:600: RuntimeWarning: logm result may be inaccurate, approximate err = 2.891187818460361e-13
  pos[natoms:] = self.logm(pos[natoms:]) * self.exp_cell_factor
/users/pahlawat/.local/lib/python3.12/site-packages/ase/filters.py:600: RuntimeWarning: logm result may be inaccurate, approximate err = 2.8308355599960906e-13
  pos[natoms:] = self.logm(pos[natoms:]) * self.exp_cell_factor
/users/pahlawat/.local/lib/python3.12/site-packages/ase/filters.py:600: RuntimeWarning: logm result may be inaccurate, approximate err = 2.849901674796799e-13
  pos[natoms:] = self.logm(pos[natoms:]) * self.exp_cell_factor
/users/pahlawat/.local/lib/python3.12/site-packages/ase/filters.py:600: RuntimeWarning: logm result may be inaccurate, approximate err = 2.8776240539741474e-13
  pos[natoms:] = self.logm(pos[natoms:]) * self.exp_cell_factor
/users/pahlawat/.local/lib/python3.12/site-packages/ase/filters.py:600: RuntimeWarning: logm result may be inaccurate, approximate err = 2.8449419565124453e-13
  pos[natoms:] = self.logm(pos[natoms:]) * self.exp_cell_factor
/users/pahlawat/.local/lib/python3.12/site-packages/ase/filters.py:600: RuntimeWarning: logm result may be inaccurate, approximate err = 2.8122756491358293e-13
  pos[natoms:] = self.logm(pos[natoms:]) * self.exp_cell_factor
/users/pahlawat/.local/lib/python3.12/site-packages/ase/filters.py:600: RuntimeWarning: logm result may be inaccurate, approximate err = 2.8245016635447154e-13
  pos[natoms:] = self.logm(pos[natoms:]) * self.exp_cell_factor
/users/pahlawat/.local/lib/python3.12/site-packages/ase/filters.py:600: RuntimeWarning: logm result may be inaccurate, approximate err = 2.8557507017566014e-13
  pos[natoms:] = self.logm(pos[natoms:]) * self.exp_cell_factor
/users/pahlawat/.local/lib/python3.12/site-packages/ase/filters.py:600: RuntimeWarning: logm result may be inaccurate, approximate err = 2.8058793276559545e-13
  pos[natoms:] = self.logm(pos[natoms:]) * self.exp_cell_factor
/users/pahlawat/.local/lib/python3.12/site-packages/ase/filters.py:600: RuntimeWarning: logm result may be inaccurate, approximate err = 2.868264542997769e-13
  pos[natoms:] = self.logm(pos[natoms:]) * self.exp_cell_factor
/users/pahlawat/.local/lib/python3.12/site-packages/ase/filters.py:600: RuntimeWarning: logm result may be inaccurate, approximate err = 2.8270694611082847e-13
  pos[natoms:] = self.logm(pos[natoms:]) * self.exp_cell_factor
/users/pahlawat/.local/lib/python3.12/site-packages/ase/filters.py:600: RuntimeWarning: logm result may be inaccurate, approximate err = 2.849533392623464e-13
  pos[natoms:] = self.logm(pos[natoms:]) * self.exp_cell_factor
/users/pahlawat/.local/lib/python3.12/site-packages/ase/filters.py:600: RuntimeWarning: logm result may be inaccurate, approximate err = 2.8875215208789655e-13
  pos[natoms:] = self.logm(pos[natoms:]) * self.exp_cell_factor
/users/pahlawat/.local/lib/python3.12/site-packages/ase/filters.py:600: RuntimeWarning: logm result may be inaccurate, approximate err = 2.825390701551552e-13
  pos[natoms:] = self.logm(pos[natoms:]) * self.exp_cell_factor
/users/pahlawat/.local/lib/python3.12/site-packages/ase/filters.py:600: RuntimeWarning: logm result may be inaccurate, approximate err = 2.844351026860291e-13
  pos[natoms:] = self.logm(pos[natoms:]) * self.exp_cell_factor
/users/pahlawat/.local/lib/python3.12/site-packages/ase/filters.py:600: RuntimeWarning: logm result may be inaccurate, approximate err = 2.844330850059152e-13
  pos[natoms:] = self.logm(pos[natoms:]) * self.exp_cell_factor
/users/pahlawat/.local/lib/python3.12/site-packages/ase/filters.py:600: RuntimeWarning: logm result may be inaccurate, approximate err = 2.8495996261000125e-13
  pos[natoms:] = self.logm(pos[natoms:]) * self.exp_cell_factor
/users/pahlawat/.local/lib/python3.12/site-packages/ase/filters.py:600: RuntimeWarning: logm result may be inaccurate, approximate err = 2.8513059615537236e-13
  pos[natoms:] = self.logm(pos[natoms:]) * self.exp_cell_factor
/users/pahlawat/.local/lib/python3.12/site-packages/ase/filters.py:600: RuntimeWarning: logm result may be inaccurate, approximate err = 2.918637231020564e-13
  pos[natoms:] = self.logm(pos[natoms:]) * self.exp_cell_factor
/users/pahlawat/.local/lib/python3.12/site-packages/ase/filters.py:600: RuntimeWarning: logm result may be inaccurate, approximate err = 2.8530424522557367e-13
  pos[natoms:] = self.logm(pos[natoms:]) * self.exp_cell_factor
/users/pahlawat/.local/lib/python3.12/site-packages/ase/filters.py:600: RuntimeWarning: logm result may be inaccurate, approximate err = 2.865095727000004e-13
  pos[natoms:] = self.logm(pos[natoms:]) * self.exp_cell_factor
/users/pahlawat/.local/lib/python3.12/site-packages/ase/filters.py:600: RuntimeWarning: logm result may be inaccurate, approximate err = 2.851243140853359e-13
  pos[natoms:] = self.logm(pos[natoms:]) * self.exp_cell_factor
/users/pahlawat/.local/lib/python3.12/site-packages/ase/filters.py:600: RuntimeWarning: logm result may be inaccurate, approximate err = 2.844369797956102e-13
  pos[natoms:] = self.logm(pos[natoms:]) * self.exp_cell_factor
/users/pahlawat/.local/lib/python3.12/site-packages/ase/filters.py:600: RuntimeWarning: logm result may be inaccurate, approximate err = 2.8651163984120113e-13
  pos[natoms:] = self.logm(pos[natoms:]) * self.exp_cell_factor
/users/pahlawat/.local/lib/python3.12/site-packages/ase/filters.py:600: RuntimeWarning: logm result may be inaccurate, approximate err = 2.8685496536360267e-13
  pos[natoms:] = self.logm(pos[natoms:]) * self.exp_cell_factor
/users/pahlawat/.local/lib/python3.12/site-packages/ase/filters.py:600: RuntimeWarning: logm result may be inaccurate, approximate err = 2.887603719005711e-13
  pos[natoms:] = self.logm(pos[natoms:]) * self.exp_cell_factor
/users/pahlawat/.local/lib/python3.12/site-packages/ase/filters.py:600: RuntimeWarning: logm result may be inaccurate, approximate err = 2.858225665324795e-13
  pos[natoms:] = self.logm(pos[natoms:]) * self.exp_cell_factor
/users/pahlawat/.local/lib/python3.12/site-packages/ase/filters.py:600: RuntimeWarning: logm result may be inaccurate, approximate err = 2.8203021525777556e-13
  pos[natoms:] = self.logm(pos[natoms:]) * self.exp_cell_factor
/users/pahlawat/.local/lib/python3.12/site-packages/ase/filters.py:600: RuntimeWarning: logm result may be inaccurate, approximate err = 2.851440144727752e-13
  pos[natoms:] = self.logm(pos[natoms:]) * self.exp_cell_factor
/users/pahlawat/.local/lib/python3.12/site-packages/ase/filters.py:600: RuntimeWarning: logm result may be inaccurate, approximate err = 2.870567072194218e-13
  pos[natoms:] = self.logm(pos[natoms:]) * self.exp_cell_factor
/users/pahlawat/.local/lib/python3.12/site-packages/ase/filters.py:600: RuntimeWarning: logm result may be inaccurate, approximate err = 2.8656107635978886e-13
  pos[natoms:] = self.logm(pos[natoms:]) * self.exp_cell_factor
/users/pahlawat/.local/lib/python3.12/site-packages/ase/filters.py:600: RuntimeWarning: logm result may be inaccurate, approximate err = 2.858810289158493e-13
  pos[natoms:] = self.logm(pos[natoms:]) * self.exp_cell_factor
/users/pahlawat/.local/lib/python3.12/site-packages/ase/filters.py:600: RuntimeWarning: logm result may be inaccurate, approximate err = 2.8261533872022024e-13
  pos[natoms:] = self.logm(pos[natoms:]) * self.exp_cell_factor
/users/pahlawat/.local/lib/python3.12/site-packages/ase/filters.py:600: RuntimeWarning: logm result may be inaccurate, approximate err = 2.8517064122100655e-13
  pos[natoms:] = self.logm(pos[natoms:]) * self.exp_cell_factor
/users/pahlawat/.local/lib/python3.12/site-packages/ase/filters.py:600: RuntimeWarning: logm result may be inaccurate, approximate err = 2.8549470634009894e-13
  pos[natoms:] = self.logm(pos[natoms:]) * self.exp_cell_factor
/users/pahlawat/.local/lib/python3.12/site-packages/ase/filters.py:600: RuntimeWarning: logm result may be inaccurate, approximate err = 2.8359783439483566e-13
  pos[natoms:] = self.logm(pos[natoms:]) * self.exp_cell_factor
/users/pahlawat/.local/lib/python3.12/site-packages/ase/filters.py:600: RuntimeWarning: logm result may be inaccurate, approximate err = 2.8291017397502533e-13
  pos[natoms:] = self.logm(pos[natoms:]) * self.exp_cell_factor
/users/pahlawat/.local/lib/python3.12/site-packages/ase/filters.py:600: RuntimeWarning: logm result may be inaccurate, approximate err = 2.8015143581916985e-13
  pos[natoms:] = self.logm(pos[natoms:]) * self.exp_cell_factor
/users/pahlawat/.local/lib/python3.12/site-packages/ase/filters.py:600: RuntimeWarning: logm result may be inaccurate, approximate err = 2.884417167764341e-13
  pos[natoms:] = self.logm(pos[natoms:]) * self.exp_cell_factor
/users/pahlawat/.local/lib/python3.12/site-packages/ase/filters.py:600: RuntimeWarning: logm result may be inaccurate, approximate err = 2.856780402155447e-13
  pos[natoms:] = self.logm(pos[natoms:]) * self.exp_cell_factor
/users/pahlawat/.local/lib/python3.12/site-packages/ase/filters.py:600: RuntimeWarning: logm result may be inaccurate, approximate err = 2.905133399022396e-13
  pos[natoms:] = self.logm(pos[natoms:]) * self.exp_cell_factor
/users/pahlawat/.local/lib/python3.12/site-packages/ase/filters.py:600: RuntimeWarning: logm result may be inaccurate, approximate err = 2.8844166781743866e-13
  pos[natoms:] = self.logm(pos[natoms:]) * self.exp_cell_factor
/users/pahlawat/.local/lib/python3.12/site-packages/ase/filters.py:600: RuntimeWarning: logm result may be inaccurate, approximate err = 2.872336716562104e-13
  pos[natoms:] = self.logm(pos[natoms:]) * self.exp_cell_factor
/users/pahlawat/.local/lib/python3.12/site-packages/ase/filters.py:600: RuntimeWarning: logm result may be inaccurate, approximate err = 2.849866721219596e-13
  pos[natoms:] = self.logm(pos[natoms:]) * self.exp_cell_factor
/users/pahlawat/.local/lib/python3.12/site-packages/ase/filters.py:600: RuntimeWarning: logm result may be inaccurate, approximate err = 2.8325947165268743e-13
  pos[natoms:] = self.logm(pos[natoms:]) * self.exp_cell_factor
/users/pahlawat/.local/lib/python3.12/site-packages/ase/filters.py:600: RuntimeWarning: logm result may be inaccurate, approximate err = 2.8377738402380365e-13
  pos[natoms:] = self.logm(pos[natoms:]) * self.exp_cell_factor
/users/pahlawat/.local/lib/python3.12/site-packages/ase/filters.py:600: RuntimeWarning: logm result may be inaccurate, approximate err = 2.8567724762860337e-13
  pos[natoms:] = self.logm(pos[natoms:]) * self.exp_cell_factor
/users/pahlawat/.local/lib/python3.12/site-packages/ase/filters.py:600: RuntimeWarning: logm result may be inaccurate, approximate err = 2.8412317355313234e-13
  pos[natoms:] = self.logm(pos[natoms:]) * self.exp_cell_factor
/users/pahlawat/.local/lib/python3.12/site-packages/ase/filters.py:600: RuntimeWarning: logm result may be inaccurate, approximate err = 2.8274059370833336e-13
  pos[natoms:] = self.logm(pos[natoms:]) * self.exp_cell_factor
/users/pahlawat/.local/lib/python3.12/site-packages/ase/filters.py:600: RuntimeWarning: logm result may be inaccurate, approximate err = 2.8394957826910373e-13
  pos[natoms:] = self.logm(pos[natoms:]) * self.exp_cell_factor
/users/pahlawat/.local/lib/python3.12/site-packages/ase/filters.py:600: RuntimeWarning: logm result may be inaccurate, approximate err = 2.823951978225792e-13
  pos[natoms:] = self.logm(pos[natoms:]) * self.exp_cell_factor
/users/pahlawat/.local/lib/python3.12/site-packages/ase/filters.py:600: RuntimeWarning: logm result may be inaccurate, approximate err = 2.8463988757090385e-13
  pos[natoms:] = self.logm(pos[natoms:]) * self.exp_cell_factor
/users/pahlawat/.local/lib/python3.12/site-packages/ase/filters.py:600: RuntimeWarning: logm result may be inaccurate, approximate err = 2.832576694218522e-13
  pos[natoms:] = self.logm(pos[natoms:]) * self.exp_cell_factor
/users/pahlawat/.local/lib/python3.12/site-packages/ase/filters.py:600: RuntimeWarning: logm result may be inaccurate, approximate err = 2.8965424559783577e-13
  pos[natoms:] = self.logm(pos[natoms:]) * self.exp_cell_factor
/users/pahlawat/.local/lib/python3.12/site-packages/ase/filters.py:600: RuntimeWarning: logm result may be inaccurate, approximate err = 2.8602555822934123e-13
  pos[natoms:] = self.logm(pos[natoms:]) * self.exp_cell_factor
/users/pahlawat/.local/lib/python3.12/site-packages/ase/filters.py:600: RuntimeWarning: logm result may be inaccurate, approximate err = 2.818759527272419e-13
  pos[natoms:] = self.logm(pos[natoms:]) * self.exp_cell_factor
/users/pahlawat/.local/lib/python3.12/site-packages/ase/filters.py:600: RuntimeWarning: logm result may be inaccurate, approximate err = 2.8601922197559497e-13
  pos[natoms:] = self.logm(pos[natoms:]) * self.exp_cell_factor
/users/pahlawat/.local/lib/python3.12/site-packages/ase/filters.py:600: RuntimeWarning: logm result may be inaccurate, approximate err = 2.9120031370848936e-13
  pos[natoms:] = self.logm(pos[natoms:]) * self.exp_cell_factor
/users/pahlawat/.local/lib/python3.12/site-packages/ase/filters.py:600: RuntimeWarning: logm result may be inaccurate, approximate err = 2.8757531761299395e-13
  pos[natoms:] = self.logm(pos[natoms:]) * self.exp_cell_factor
/users/pahlawat/.local/lib/python3.12/site-packages/spglib/spglib.py:115: DeprecationWarning: dict interface (SpglibDataset['number']) is deprecated.Use attribute interface ({self.__class__.__name__}.{key}) instead
  warnings.warn(
/users/pahlawat/.local/lib/python3.12/site-packages/spglib/spglib.py:115: DeprecationWarning: dict interface (SpglibDataset['international']) is deprecated.Use attribute interface ({self.__class__.__name__}.{key}) instead
  warnings.warn(
/users/pahlawat/.local/lib/python3.12/site-packages/spglib/spglib.py:115: DeprecationWarning: dict interface (SpglibDataset['hall']) is deprecated.Use attribute interface ({self.__class__.__name__}.{key}) instead
  warnings.warn(
