[38;5;127mlibs[0m/[38;5;172mnvidia-cuda[0m/[38;5;67m11.8.0[0m/[38;5;68mbin[0m
 |
 [0;32mOK[0m
[38;5;127mcompilers[0m/[38;5;172mgcc[0m/[38;5;67m14.1.0[0m
 |
 [0;32mOK[0m
/users/pahlawat/.local/lib/python3.12/site-packages/spglib/spglib.py:115: DeprecationWarning: dict interface (SpglibDataset['number']) is deprecated.Use attribute interface ({self.__class__.__name__}.{key}) instead
  warnings.warn(
/users/pahlawat/.local/lib/python3.12/site-packages/spglib/spglib.py:115: DeprecationWarning: dict interface (SpglibDataset['international']) is deprecated.Use attribute interface ({self.__class__.__name__}.{key}) instead
  warnings.warn(
/users/pahlawat/.local/lib/python3.12/site-packages/spglib/spglib.py:115: DeprecationWarning: dict interface (SpglibDataset['hall']) is deprecated.Use attribute interface ({self.__class__.__name__}.{key}) instead
  warnings.warn(
To get the best performance, it is recommended to adjust the number of threads by setting the environment variables OMP_NUM_THREADS, DP_INTRA_OP_PARALLELISM_THREADS, and DP_INTER_OP_PARALLELISM_THREADS. See https://deepmd.rtfd.io/parallelism/ for more information.
You can use the environment variable DP_INFER_BATCH_SIZE tocontrol the inference batch size (nframes * natoms). The default value is 1024.
/users/pahlawat/.local/lib/python3.12/site-packages/ase/filters.py:600: RuntimeWarning: logm result may be inaccurate, approximate err = 2.7349233878826854e-13
  pos[natoms:] = self.logm(pos[natoms:]) * self.exp_cell_factor
/users/pahlawat/.local/lib/python3.12/site-packages/ase/filters.py:600: RuntimeWarning: logm result may be inaccurate, approximate err = 2.7617927275862466e-13
  pos[natoms:] = self.logm(pos[natoms:]) * self.exp_cell_factor
/users/pahlawat/.local/lib/python3.12/site-packages/ase/filters.py:600: RuntimeWarning: logm result may be inaccurate, approximate err = 2.7440463847736557e-13
  pos[natoms:] = self.logm(pos[natoms:]) * self.exp_cell_factor
/users/pahlawat/.local/lib/python3.12/site-packages/ase/filters.py:600: RuntimeWarning: logm result may be inaccurate, approximate err = 2.753861973181475e-13
  pos[natoms:] = self.logm(pos[natoms:]) * self.exp_cell_factor
/users/pahlawat/.local/lib/python3.12/site-packages/ase/filters.py:600: RuntimeWarning: logm result may be inaccurate, approximate err = 2.7306561871598433e-13
  pos[natoms:] = self.logm(pos[natoms:]) * self.exp_cell_factor
/users/pahlawat/.local/lib/python3.12/site-packages/ase/filters.py:600: RuntimeWarning: logm result may be inaccurate, approximate err = 2.749483514119038e-13
  pos[natoms:] = self.logm(pos[natoms:]) * self.exp_cell_factor
/users/pahlawat/.local/lib/python3.12/site-packages/ase/filters.py:600: RuntimeWarning: logm result may be inaccurate, approximate err = 2.776191221237585e-13
  pos[natoms:] = self.logm(pos[natoms:]) * self.exp_cell_factor
/users/pahlawat/.local/lib/python3.12/site-packages/ase/filters.py:600: RuntimeWarning: logm result may be inaccurate, approximate err = 2.7994078683794705e-13
  pos[natoms:] = self.logm(pos[natoms:]) * self.exp_cell_factor
/users/pahlawat/.local/lib/python3.12/site-packages/ase/filters.py:600: RuntimeWarning: logm result may be inaccurate, approximate err = 2.7490236615022417e-13
  pos[natoms:] = self.logm(pos[natoms:]) * self.exp_cell_factor
/users/pahlawat/.local/lib/python3.12/site-packages/ase/filters.py:600: RuntimeWarning: logm result may be inaccurate, approximate err = 2.7663690043067393e-13
  pos[natoms:] = self.logm(pos[natoms:]) * self.exp_cell_factor
/users/pahlawat/.local/lib/python3.12/site-packages/ase/filters.py:600: RuntimeWarning: logm result may be inaccurate, approximate err = 2.7601948479982315e-13
  pos[natoms:] = self.logm(pos[natoms:]) * self.exp_cell_factor
/users/pahlawat/.local/lib/python3.12/site-packages/ase/filters.py:600: RuntimeWarning: logm result may be inaccurate, approximate err = 2.794257915874734e-13
  pos[natoms:] = self.logm(pos[natoms:]) * self.exp_cell_factor
/users/pahlawat/.local/lib/python3.12/site-packages/ase/filters.py:600: RuntimeWarning: logm result may be inaccurate, approximate err = 2.770826413293431e-13
  pos[natoms:] = self.logm(pos[natoms:]) * self.exp_cell_factor
/users/pahlawat/.local/lib/python3.12/site-packages/ase/filters.py:600: RuntimeWarning: logm result may be inaccurate, approximate err = 2.761532637622661e-13
  pos[natoms:] = self.logm(pos[natoms:]) * self.exp_cell_factor
/users/pahlawat/.local/lib/python3.12/site-packages/ase/filters.py:600: RuntimeWarning: logm result may be inaccurate, approximate err = 2.856362600095747e-13
  pos[natoms:] = self.logm(pos[natoms:]) * self.exp_cell_factor
/users/pahlawat/.local/lib/python3.12/site-packages/ase/filters.py:600: RuntimeWarning: logm result may be inaccurate, approximate err = 2.817111576612718e-13
  pos[natoms:] = self.logm(pos[natoms:]) * self.exp_cell_factor
/users/pahlawat/.local/lib/python3.12/site-packages/ase/filters.py:600: RuntimeWarning: logm result may be inaccurate, approximate err = 2.8569645795883257e-13
  pos[natoms:] = self.logm(pos[natoms:]) * self.exp_cell_factor
/users/pahlawat/.local/lib/python3.12/site-packages/ase/filters.py:600: RuntimeWarning: logm result may be inaccurate, approximate err = 2.86678913876815e-13
  pos[natoms:] = self.logm(pos[natoms:]) * self.exp_cell_factor
/users/pahlawat/.local/lib/python3.12/site-packages/ase/filters.py:600: RuntimeWarning: logm result may be inaccurate, approximate err = 2.835990469594046e-13
  pos[natoms:] = self.logm(pos[natoms:]) * self.exp_cell_factor
/users/pahlawat/.local/lib/python3.12/site-packages/ase/filters.py:600: RuntimeWarning: logm result may be inaccurate, approximate err = 2.85136900018288e-13
  pos[natoms:] = self.logm(pos[natoms:]) * self.exp_cell_factor
/users/pahlawat/.local/lib/python3.12/site-packages/ase/filters.py:600: RuntimeWarning: logm result may be inaccurate, approximate err = 2.863780714160849e-13
  pos[natoms:] = self.logm(pos[natoms:]) * self.exp_cell_factor
/users/pahlawat/.local/lib/python3.12/site-packages/ase/filters.py:600: RuntimeWarning: logm result may be inaccurate, approximate err = 2.8836528227962314e-13
  pos[natoms:] = self.logm(pos[natoms:]) * self.exp_cell_factor
/users/pahlawat/.local/lib/python3.12/site-packages/ase/filters.py:600: RuntimeWarning: logm result may be inaccurate, approximate err = 2.8712258704954863e-13
  pos[natoms:] = self.logm(pos[natoms:]) * self.exp_cell_factor
/users/pahlawat/.local/lib/python3.12/site-packages/ase/filters.py:600: RuntimeWarning: logm result may be inaccurate, approximate err = 2.8597140552959944e-13
  pos[natoms:] = self.logm(pos[natoms:]) * self.exp_cell_factor
/users/pahlawat/.local/lib/python3.12/site-packages/ase/filters.py:600: RuntimeWarning: logm result may be inaccurate, approximate err = 2.8498072353408154e-13
  pos[natoms:] = self.logm(pos[natoms:]) * self.exp_cell_factor
/users/pahlawat/.local/lib/python3.12/site-packages/ase/filters.py:600: RuntimeWarning: logm result may be inaccurate, approximate err = 2.8467249932810843e-13
  pos[natoms:] = self.logm(pos[natoms:]) * self.exp_cell_factor
/users/pahlawat/.local/lib/python3.12/site-packages/ase/filters.py:600: RuntimeWarning: logm result may be inaccurate, approximate err = 2.853962120250882e-13
  pos[natoms:] = self.logm(pos[natoms:]) * self.exp_cell_factor
/users/pahlawat/.local/lib/python3.12/site-packages/ase/filters.py:600: RuntimeWarning: logm result may be inaccurate, approximate err = 2.884575896530508e-13
  pos[natoms:] = self.logm(pos[natoms:]) * self.exp_cell_factor
/users/pahlawat/.local/lib/python3.12/site-packages/ase/filters.py:600: RuntimeWarning: logm result may be inaccurate, approximate err = 2.888001443389118e-13
  pos[natoms:] = self.logm(pos[natoms:]) * self.exp_cell_factor
/users/pahlawat/.local/lib/python3.12/site-packages/ase/filters.py:600: RuntimeWarning: logm result may be inaccurate, approximate err = 2.904342914532235e-13
  pos[natoms:] = self.logm(pos[natoms:]) * self.exp_cell_factor
/users/pahlawat/.local/lib/python3.12/site-packages/ase/filters.py:600: RuntimeWarning: logm result may be inaccurate, approximate err = 2.8433487956280515e-13
  pos[natoms:] = self.logm(pos[natoms:]) * self.exp_cell_factor
/users/pahlawat/.local/lib/python3.12/site-packages/ase/filters.py:600: RuntimeWarning: logm result may be inaccurate, approximate err = 2.8243315285394446e-13
  pos[natoms:] = self.logm(pos[natoms:]) * self.exp_cell_factor
/users/pahlawat/.local/lib/python3.12/site-packages/ase/filters.py:600: RuntimeWarning: logm result may be inaccurate, approximate err = 2.911002186431483e-13
  pos[natoms:] = self.logm(pos[natoms:]) * self.exp_cell_factor
/users/pahlawat/.local/lib/python3.12/site-packages/ase/filters.py:600: RuntimeWarning: logm result may be inaccurate, approximate err = 2.8085464185105854e-13
  pos[natoms:] = self.logm(pos[natoms:]) * self.exp_cell_factor
/users/pahlawat/.local/lib/python3.12/site-packages/ase/filters.py:600: RuntimeWarning: logm result may be inaccurate, approximate err = 2.796233751732429e-13
  pos[natoms:] = self.logm(pos[natoms:]) * self.exp_cell_factor
/users/pahlawat/.local/lib/python3.12/site-packages/ase/filters.py:600: RuntimeWarning: logm result may be inaccurate, approximate err = 2.9082385249875604e-13
  pos[natoms:] = self.logm(pos[natoms:]) * self.exp_cell_factor
/users/pahlawat/.local/lib/python3.12/site-packages/ase/filters.py:600: RuntimeWarning: logm result may be inaccurate, approximate err = 2.872835618527066e-13
  pos[natoms:] = self.logm(pos[natoms:]) * self.exp_cell_factor
/users/pahlawat/.local/lib/python3.12/site-packages/ase/filters.py:600: RuntimeWarning: logm result may be inaccurate, approximate err = 2.866428810116071e-13
  pos[natoms:] = self.logm(pos[natoms:]) * self.exp_cell_factor
/users/pahlawat/.local/lib/python3.12/site-packages/ase/filters.py:600: RuntimeWarning: logm result may be inaccurate, approximate err = 2.866482511131856e-13
  pos[natoms:] = self.logm(pos[natoms:]) * self.exp_cell_factor
/users/pahlawat/.local/lib/python3.12/site-packages/ase/filters.py:600: RuntimeWarning: logm result may be inaccurate, approximate err = 2.828031346153469e-13
  pos[natoms:] = self.logm(pos[natoms:]) * self.exp_cell_factor
/users/pahlawat/.local/lib/python3.12/site-packages/ase/filters.py:600: RuntimeWarning: logm result may be inaccurate, approximate err = 2.8877423638162365e-13
  pos[natoms:] = self.logm(pos[natoms:]) * self.exp_cell_factor
/users/pahlawat/.local/lib/python3.12/site-packages/ase/filters.py:600: RuntimeWarning: logm result may be inaccurate, approximate err = 2.816553205425589e-13
  pos[natoms:] = self.logm(pos[natoms:]) * self.exp_cell_factor
/users/pahlawat/.local/lib/python3.12/site-packages/ase/filters.py:600: RuntimeWarning: logm result may be inaccurate, approximate err = 2.863854908612461e-13
  pos[natoms:] = self.logm(pos[natoms:]) * self.exp_cell_factor
/users/pahlawat/.local/lib/python3.12/site-packages/ase/filters.py:600: RuntimeWarning: logm result may be inaccurate, approximate err = 2.8894425740782315e-13
  pos[natoms:] = self.logm(pos[natoms:]) * self.exp_cell_factor
/users/pahlawat/.local/lib/python3.12/site-packages/ase/filters.py:600: RuntimeWarning: logm result may be inaccurate, approximate err = 2.867795283992212e-13
  pos[natoms:] = self.logm(pos[natoms:]) * self.exp_cell_factor
/users/pahlawat/.local/lib/python3.12/site-packages/ase/filters.py:600: RuntimeWarning: logm result may be inaccurate, approximate err = 2.8848012166440485e-13
  pos[natoms:] = self.logm(pos[natoms:]) * self.exp_cell_factor
/users/pahlawat/.local/lib/python3.12/site-packages/ase/filters.py:600: RuntimeWarning: logm result may be inaccurate, approximate err = 2.8341776261710193e-13
  pos[natoms:] = self.logm(pos[natoms:]) * self.exp_cell_factor
/users/pahlawat/.local/lib/python3.12/site-packages/ase/filters.py:600: RuntimeWarning: logm result may be inaccurate, approximate err = 2.8784223786865673e-13
  pos[natoms:] = self.logm(pos[natoms:]) * self.exp_cell_factor
/users/pahlawat/.local/lib/python3.12/site-packages/ase/filters.py:600: RuntimeWarning: logm result may be inaccurate, approximate err = 2.8410609038558145e-13
  pos[natoms:] = self.logm(pos[natoms:]) * self.exp_cell_factor
/users/pahlawat/.local/lib/python3.12/site-packages/ase/filters.py:600: RuntimeWarning: logm result may be inaccurate, approximate err = 2.880838595882945e-13
  pos[natoms:] = self.logm(pos[natoms:]) * self.exp_cell_factor
/users/pahlawat/.local/lib/python3.12/site-packages/ase/filters.py:600: RuntimeWarning: logm result may be inaccurate, approximate err = 2.8323076759319083e-13
  pos[natoms:] = self.logm(pos[natoms:]) * self.exp_cell_factor
/users/pahlawat/.local/lib/python3.12/site-packages/ase/filters.py:600: RuntimeWarning: logm result may be inaccurate, approximate err = 2.886058683535301e-13
  pos[natoms:] = self.logm(pos[natoms:]) * self.exp_cell_factor
/users/pahlawat/.local/lib/python3.12/site-packages/ase/filters.py:600: RuntimeWarning: logm result may be inaccurate, approximate err = 2.846004094228094e-13
  pos[natoms:] = self.logm(pos[natoms:]) * self.exp_cell_factor
/users/pahlawat/.local/lib/python3.12/site-packages/ase/filters.py:600: RuntimeWarning: logm result may be inaccurate, approximate err = 2.849577230066539e-13
  pos[natoms:] = self.logm(pos[natoms:]) * self.exp_cell_factor
/users/pahlawat/.local/lib/python3.12/site-packages/ase/filters.py:600: RuntimeWarning: logm result may be inaccurate, approximate err = 2.8801366122987416e-13
  pos[natoms:] = self.logm(pos[natoms:]) * self.exp_cell_factor
/users/pahlawat/.local/lib/python3.12/site-packages/ase/filters.py:600: RuntimeWarning: logm result may be inaccurate, approximate err = 2.897602372454037e-13
  pos[natoms:] = self.logm(pos[natoms:]) * self.exp_cell_factor
/users/pahlawat/.local/lib/python3.12/site-packages/ase/filters.py:600: RuntimeWarning: logm result may be inaccurate, approximate err = 2.892260240694647e-13
  pos[natoms:] = self.logm(pos[natoms:]) * self.exp_cell_factor
/users/pahlawat/.local/lib/python3.12/site-packages/ase/filters.py:600: RuntimeWarning: logm result may be inaccurate, approximate err = 2.8280478678048065e-13
  pos[natoms:] = self.logm(pos[natoms:]) * self.exp_cell_factor
/users/pahlawat/.local/lib/python3.12/site-packages/ase/filters.py:600: RuntimeWarning: logm result may be inaccurate, approximate err = 2.872840839940573e-13
  pos[natoms:] = self.logm(pos[natoms:]) * self.exp_cell_factor
/users/pahlawat/.local/lib/python3.12/site-packages/ase/filters.py:600: RuntimeWarning: logm result may be inaccurate, approximate err = 2.9125119565247207e-13
  pos[natoms:] = self.logm(pos[natoms:]) * self.exp_cell_factor
/users/pahlawat/.local/lib/python3.12/site-packages/ase/filters.py:600: RuntimeWarning: logm result may be inaccurate, approximate err = 2.7961861159269013e-13
  pos[natoms:] = self.logm(pos[natoms:]) * self.exp_cell_factor
/users/pahlawat/.local/lib/python3.12/site-packages/ase/filters.py:600: RuntimeWarning: logm result may be inaccurate, approximate err = 2.877008683703962e-13
  pos[natoms:] = self.logm(pos[natoms:]) * self.exp_cell_factor
/users/pahlawat/.local/lib/python3.12/site-packages/ase/filters.py:600: RuntimeWarning: logm result may be inaccurate, approximate err = 2.8809473280537985e-13
  pos[natoms:] = self.logm(pos[natoms:]) * self.exp_cell_factor
/users/pahlawat/.local/lib/python3.12/site-packages/ase/filters.py:600: RuntimeWarning: logm result may be inaccurate, approximate err = 2.871200171420469e-13
  pos[natoms:] = self.logm(pos[natoms:]) * self.exp_cell_factor
/users/pahlawat/.local/lib/python3.12/site-packages/ase/filters.py:600: RuntimeWarning: logm result may be inaccurate, approximate err = 2.890179017038971e-13
  pos[natoms:] = self.logm(pos[natoms:]) * self.exp_cell_factor
/users/pahlawat/.local/lib/python3.12/site-packages/ase/filters.py:600: RuntimeWarning: logm result may be inaccurate, approximate err = 2.892665222082871e-13
  pos[natoms:] = self.logm(pos[natoms:]) * self.exp_cell_factor
/users/pahlawat/.local/lib/python3.12/site-packages/ase/filters.py:600: RuntimeWarning: logm result may be inaccurate, approximate err = 2.8747478008959416e-13
  pos[natoms:] = self.logm(pos[natoms:]) * self.exp_cell_factor
/users/pahlawat/.local/lib/python3.12/site-packages/ase/filters.py:600: RuntimeWarning: logm result may be inaccurate, approximate err = 2.9078905545432185e-13
  pos[natoms:] = self.logm(pos[natoms:]) * self.exp_cell_factor
/users/pahlawat/.local/lib/python3.12/site-packages/ase/filters.py:600: RuntimeWarning: logm result may be inaccurate, approximate err = 2.8444001261615496e-13
  pos[natoms:] = self.logm(pos[natoms:]) * self.exp_cell_factor
/users/pahlawat/.local/lib/python3.12/site-packages/ase/filters.py:600: RuntimeWarning: logm result may be inaccurate, approximate err = 2.8239890032180967e-13
  pos[natoms:] = self.logm(pos[natoms:]) * self.exp_cell_factor
/users/pahlawat/.local/lib/python3.12/site-packages/ase/filters.py:600: RuntimeWarning: logm result may be inaccurate, approximate err = 2.838462247970155e-13
  pos[natoms:] = self.logm(pos[natoms:]) * self.exp_cell_factor
/users/pahlawat/.local/lib/python3.12/site-packages/ase/filters.py:600: RuntimeWarning: logm result may be inaccurate, approximate err = 2.878691636552152e-13
  pos[natoms:] = self.logm(pos[natoms:]) * self.exp_cell_factor
/users/pahlawat/.local/lib/python3.12/site-packages/ase/filters.py:600: RuntimeWarning: logm result may be inaccurate, approximate err = 2.895665454405597e-13
  pos[natoms:] = self.logm(pos[natoms:]) * self.exp_cell_factor
/users/pahlawat/.local/lib/python3.12/site-packages/ase/filters.py:600: RuntimeWarning: logm result may be inaccurate, approximate err = 2.8539404512312145e-13
  pos[natoms:] = self.logm(pos[natoms:]) * self.exp_cell_factor
/users/pahlawat/.local/lib/python3.12/site-packages/ase/filters.py:600: RuntimeWarning: logm result may be inaccurate, approximate err = 2.9163089695163417e-13
  pos[natoms:] = self.logm(pos[natoms:]) * self.exp_cell_factor
/users/pahlawat/.local/lib/python3.12/site-packages/ase/filters.py:600: RuntimeWarning: logm result may be inaccurate, approximate err = 2.9257867290957034e-13
  pos[natoms:] = self.logm(pos[natoms:]) * self.exp_cell_factor
/users/pahlawat/.local/lib/python3.12/site-packages/ase/filters.py:600: RuntimeWarning: logm result may be inaccurate, approximate err = 2.901060823052056e-13
  pos[natoms:] = self.logm(pos[natoms:]) * self.exp_cell_factor
/users/pahlawat/.local/lib/python3.12/site-packages/ase/filters.py:600: RuntimeWarning: logm result may be inaccurate, approximate err = 2.851235961863629e-13
  pos[natoms:] = self.logm(pos[natoms:]) * self.exp_cell_factor
/users/pahlawat/.local/lib/python3.12/site-packages/ase/filters.py:600: RuntimeWarning: logm result may be inaccurate, approximate err = 2.9183833185673273e-13
  pos[natoms:] = self.logm(pos[natoms:]) * self.exp_cell_factor
/users/pahlawat/.local/lib/python3.12/site-packages/ase/filters.py:600: RuntimeWarning: logm result may be inaccurate, approximate err = 2.8936307667157197e-13
  pos[natoms:] = self.logm(pos[natoms:]) * self.exp_cell_factor
/users/pahlawat/.local/lib/python3.12/site-packages/ase/filters.py:600: RuntimeWarning: logm result may be inaccurate, approximate err = 2.937718472942889e-13
  pos[natoms:] = self.logm(pos[natoms:]) * self.exp_cell_factor
/users/pahlawat/.local/lib/python3.12/site-packages/ase/filters.py:600: RuntimeWarning: logm result may be inaccurate, approximate err = 2.8832839933366414e-13
  pos[natoms:] = self.logm(pos[natoms:]) * self.exp_cell_factor
/users/pahlawat/.local/lib/python3.12/site-packages/ase/filters.py:600: RuntimeWarning: logm result may be inaccurate, approximate err = 2.877924960018639e-13
  pos[natoms:] = self.logm(pos[natoms:]) * self.exp_cell_factor
/users/pahlawat/.local/lib/python3.12/site-packages/ase/filters.py:600: RuntimeWarning: logm result may be inaccurate, approximate err = 2.934382405488768e-13
  pos[natoms:] = self.logm(pos[natoms:]) * self.exp_cell_factor
/users/pahlawat/.local/lib/python3.12/site-packages/ase/filters.py:600: RuntimeWarning: logm result may be inaccurate, approximate err = 2.884545989756367e-13
  pos[natoms:] = self.logm(pos[natoms:]) * self.exp_cell_factor
/users/pahlawat/.local/lib/python3.12/site-packages/ase/filters.py:600: RuntimeWarning: logm result may be inaccurate, approximate err = 2.8615973019806735e-13
  pos[natoms:] = self.logm(pos[natoms:]) * self.exp_cell_factor
/users/pahlawat/.local/lib/python3.12/site-packages/ase/filters.py:600: RuntimeWarning: logm result may be inaccurate, approximate err = 2.8638121074529706e-13
  pos[natoms:] = self.logm(pos[natoms:]) * self.exp_cell_factor
/users/pahlawat/.local/lib/python3.12/site-packages/ase/filters.py:600: RuntimeWarning: logm result may be inaccurate, approximate err = 2.859831923915736e-13
  pos[natoms:] = self.logm(pos[natoms:]) * self.exp_cell_factor
/users/pahlawat/.local/lib/python3.12/site-packages/ase/filters.py:600: RuntimeWarning: logm result may be inaccurate, approximate err = 2.9200607231223926e-13
  pos[natoms:] = self.logm(pos[natoms:]) * self.exp_cell_factor
/users/pahlawat/.local/lib/python3.12/site-packages/ase/filters.py:600: RuntimeWarning: logm result may be inaccurate, approximate err = 2.8148746880085585e-13
  pos[natoms:] = self.logm(pos[natoms:]) * self.exp_cell_factor
/users/pahlawat/.local/lib/python3.12/site-packages/ase/filters.py:600: RuntimeWarning: logm result may be inaccurate, approximate err = 2.8414284302623526e-13
  pos[natoms:] = self.logm(pos[natoms:]) * self.exp_cell_factor
/users/pahlawat/.local/lib/python3.12/site-packages/ase/filters.py:600: RuntimeWarning: logm result may be inaccurate, approximate err = 2.8509643474775773e-13
  pos[natoms:] = self.logm(pos[natoms:]) * self.exp_cell_factor
/users/pahlawat/.local/lib/python3.12/site-packages/ase/filters.py:600: RuntimeWarning: logm result may be inaccurate, approximate err = 2.9148922335423714e-13
  pos[natoms:] = self.logm(pos[natoms:]) * self.exp_cell_factor
/users/pahlawat/.local/lib/python3.12/site-packages/ase/filters.py:600: RuntimeWarning: logm result may be inaccurate, approximate err = 2.8739817412077736e-13
  pos[natoms:] = self.logm(pos[natoms:]) * self.exp_cell_factor
/users/pahlawat/.local/lib/python3.12/site-packages/ase/filters.py:600: RuntimeWarning: logm result may be inaccurate, approximate err = 2.908927946579805e-13
  pos[natoms:] = self.logm(pos[natoms:]) * self.exp_cell_factor
/users/pahlawat/.local/lib/python3.12/site-packages/ase/filters.py:600: RuntimeWarning: logm result may be inaccurate, approximate err = 2.8528166109140307e-13
  pos[natoms:] = self.logm(pos[natoms:]) * self.exp_cell_factor
/users/pahlawat/.local/lib/python3.12/site-packages/ase/filters.py:600: RuntimeWarning: logm result may be inaccurate, approximate err = 2.8656907285900104e-13
  pos[natoms:] = self.logm(pos[natoms:]) * self.exp_cell_factor
/users/pahlawat/.local/lib/python3.12/site-packages/ase/filters.py:600: RuntimeWarning: logm result may be inaccurate, approximate err = 2.8994288237280213e-13
  pos[natoms:] = self.logm(pos[natoms:]) * self.exp_cell_factor
/users/pahlawat/.local/lib/python3.12/site-packages/ase/filters.py:600: RuntimeWarning: logm result may be inaccurate, approximate err = 2.9492697097506274e-13
  pos[natoms:] = self.logm(pos[natoms:]) * self.exp_cell_factor
/users/pahlawat/.local/lib/python3.12/site-packages/ase/filters.py:600: RuntimeWarning: logm result may be inaccurate, approximate err = 2.885679481748701e-13
  pos[natoms:] = self.logm(pos[natoms:]) * self.exp_cell_factor
/users/pahlawat/.local/lib/python3.12/site-packages/ase/filters.py:600: RuntimeWarning: logm result may be inaccurate, approximate err = 2.8845946642360826e-13
  pos[natoms:] = self.logm(pos[natoms:]) * self.exp_cell_factor
/users/pahlawat/.local/lib/python3.12/site-packages/ase/filters.py:600: RuntimeWarning: logm result may be inaccurate, approximate err = 2.8929126348382435e-13
  pos[natoms:] = self.logm(pos[natoms:]) * self.exp_cell_factor
/users/pahlawat/.local/lib/python3.12/site-packages/ase/filters.py:600: RuntimeWarning: logm result may be inaccurate, approximate err = 2.845117603718079e-13
  pos[natoms:] = self.logm(pos[natoms:]) * self.exp_cell_factor
/users/pahlawat/.local/lib/python3.12/site-packages/ase/filters.py:600: RuntimeWarning: logm result may be inaccurate, approximate err = 2.891189138087611e-13
  pos[natoms:] = self.logm(pos[natoms:]) * self.exp_cell_factor
/users/pahlawat/.local/lib/python3.12/site-packages/ase/filters.py:600: RuntimeWarning: logm result may be inaccurate, approximate err = 2.876954472324941e-13
  pos[natoms:] = self.logm(pos[natoms:]) * self.exp_cell_factor
/users/pahlawat/.local/lib/python3.12/site-packages/ase/filters.py:600: RuntimeWarning: logm result may be inaccurate, approximate err = 2.88158730438836e-13
  pos[natoms:] = self.logm(pos[natoms:]) * self.exp_cell_factor
/users/pahlawat/.local/lib/python3.12/site-packages/ase/filters.py:600: RuntimeWarning: logm result may be inaccurate, approximate err = 2.8710948734074883e-13
  pos[natoms:] = self.logm(pos[natoms:]) * self.exp_cell_factor
/users/pahlawat/.local/lib/python3.12/site-packages/ase/filters.py:600: RuntimeWarning: logm result may be inaccurate, approximate err = 2.882306026285977e-13
  pos[natoms:] = self.logm(pos[natoms:]) * self.exp_cell_factor
/users/pahlawat/.local/lib/python3.12/site-packages/ase/filters.py:600: RuntimeWarning: logm result may be inaccurate, approximate err = 2.8699035358949905e-13
  pos[natoms:] = self.logm(pos[natoms:]) * self.exp_cell_factor
/users/pahlawat/.local/lib/python3.12/site-packages/ase/filters.py:600: RuntimeWarning: logm result may be inaccurate, approximate err = 2.9094020196044757e-13
  pos[natoms:] = self.logm(pos[natoms:]) * self.exp_cell_factor
/users/pahlawat/.local/lib/python3.12/site-packages/ase/filters.py:600: RuntimeWarning: logm result may be inaccurate, approximate err = 2.8748777908681774e-13
  pos[natoms:] = self.logm(pos[natoms:]) * self.exp_cell_factor
/users/pahlawat/.local/lib/python3.12/site-packages/ase/filters.py:600: RuntimeWarning: logm result may be inaccurate, approximate err = 2.889912775592511e-13
  pos[natoms:] = self.logm(pos[natoms:]) * self.exp_cell_factor
/users/pahlawat/.local/lib/python3.12/site-packages/ase/filters.py:600: RuntimeWarning: logm result may be inaccurate, approximate err = 2.922146370594797e-13
  pos[natoms:] = self.logm(pos[natoms:]) * self.exp_cell_factor
/users/pahlawat/.local/lib/python3.12/site-packages/ase/filters.py:600: RuntimeWarning: logm result may be inaccurate, approximate err = 2.900092242402634e-13
  pos[natoms:] = self.logm(pos[natoms:]) * self.exp_cell_factor
/users/pahlawat/.local/lib/python3.12/site-packages/ase/filters.py:600: RuntimeWarning: logm result may be inaccurate, approximate err = 2.888467433572186e-13
  pos[natoms:] = self.logm(pos[natoms:]) * self.exp_cell_factor
/users/pahlawat/.local/lib/python3.12/site-packages/ase/filters.py:600: RuntimeWarning: logm result may be inaccurate, approximate err = 2.9354649325812273e-13
  pos[natoms:] = self.logm(pos[natoms:]) * self.exp_cell_factor
/users/pahlawat/.local/lib/python3.12/site-packages/ase/filters.py:600: RuntimeWarning: logm result may be inaccurate, approximate err = 2.8885539296911814e-13
  pos[natoms:] = self.logm(pos[natoms:]) * self.exp_cell_factor
/users/pahlawat/.local/lib/python3.12/site-packages/ase/filters.py:600: RuntimeWarning: logm result may be inaccurate, approximate err = 2.8934827474547544e-13
  pos[natoms:] = self.logm(pos[natoms:]) * self.exp_cell_factor
/users/pahlawat/.local/lib/python3.12/site-packages/ase/filters.py:600: RuntimeWarning: logm result may be inaccurate, approximate err = 2.894655717800949e-13
  pos[natoms:] = self.logm(pos[natoms:]) * self.exp_cell_factor
/users/pahlawat/.local/lib/python3.12/site-packages/ase/filters.py:600: RuntimeWarning: logm result may be inaccurate, approximate err = 2.9190385776187614e-13
  pos[natoms:] = self.logm(pos[natoms:]) * self.exp_cell_factor
/users/pahlawat/.local/lib/python3.12/site-packages/ase/filters.py:600: RuntimeWarning: logm result may be inaccurate, approximate err = 2.9119269262185084e-13
  pos[natoms:] = self.logm(pos[natoms:]) * self.exp_cell_factor
/users/pahlawat/.local/lib/python3.12/site-packages/ase/filters.py:600: RuntimeWarning: logm result may be inaccurate, approximate err = 2.84036919308025e-13
  pos[natoms:] = self.logm(pos[natoms:]) * self.exp_cell_factor
/users/pahlawat/.local/lib/python3.12/site-packages/ase/filters.py:600: RuntimeWarning: logm result may be inaccurate, approximate err = 2.9162819188440294e-13
  pos[natoms:] = self.logm(pos[natoms:]) * self.exp_cell_factor
/users/pahlawat/.local/lib/python3.12/site-packages/ase/filters.py:600: RuntimeWarning: logm result may be inaccurate, approximate err = 2.825271344169148e-13
  pos[natoms:] = self.logm(pos[natoms:]) * self.exp_cell_factor
/users/pahlawat/.local/lib/python3.12/site-packages/ase/filters.py:600: RuntimeWarning: logm result may be inaccurate, approximate err = 2.9481661442893916e-13
  pos[natoms:] = self.logm(pos[natoms:]) * self.exp_cell_factor
/users/pahlawat/.local/lib/python3.12/site-packages/ase/filters.py:600: RuntimeWarning: logm result may be inaccurate, approximate err = 2.919744212747366e-13
  pos[natoms:] = self.logm(pos[natoms:]) * self.exp_cell_factor
/users/pahlawat/.local/lib/python3.12/site-packages/ase/filters.py:600: RuntimeWarning: logm result may be inaccurate, approximate err = 2.890544577712718e-13
  pos[natoms:] = self.logm(pos[natoms:]) * self.exp_cell_factor
/users/pahlawat/.local/lib/python3.12/site-packages/ase/filters.py:600: RuntimeWarning: logm result may be inaccurate, approximate err = 2.931946902582933e-13
  pos[natoms:] = self.logm(pos[natoms:]) * self.exp_cell_factor
/users/pahlawat/.local/lib/python3.12/site-packages/ase/filters.py:600: RuntimeWarning: logm result may be inaccurate, approximate err = 2.9943708796882856e-13
  pos[natoms:] = self.logm(pos[natoms:]) * self.exp_cell_factor
/users/pahlawat/.local/lib/python3.12/site-packages/ase/filters.py:600: RuntimeWarning: logm result may be inaccurate, approximate err = 2.8743990083655115e-13
  pos[natoms:] = self.logm(pos[natoms:]) * self.exp_cell_factor
/users/pahlawat/.local/lib/python3.12/site-packages/ase/filters.py:600: RuntimeWarning: logm result may be inaccurate, approximate err = 2.8990403909266525e-13
  pos[natoms:] = self.logm(pos[natoms:]) * self.exp_cell_factor
/users/pahlawat/.local/lib/python3.12/site-packages/ase/filters.py:600: RuntimeWarning: logm result may be inaccurate, approximate err = 2.9018526184529986e-13
  pos[natoms:] = self.logm(pos[natoms:]) * self.exp_cell_factor
/users/pahlawat/.local/lib/python3.12/site-packages/ase/filters.py:600: RuntimeWarning: logm result may be inaccurate, approximate err = 2.9234550541375957e-13
  pos[natoms:] = self.logm(pos[natoms:]) * self.exp_cell_factor
/users/pahlawat/.local/lib/python3.12/site-packages/ase/filters.py:600: RuntimeWarning: logm result may be inaccurate, approximate err = 2.949879356791224e-13
  pos[natoms:] = self.logm(pos[natoms:]) * self.exp_cell_factor
/users/pahlawat/.local/lib/python3.12/site-packages/ase/filters.py:600: RuntimeWarning: logm result may be inaccurate, approximate err = 2.921498666807592e-13
  pos[natoms:] = self.logm(pos[natoms:]) * self.exp_cell_factor
/users/pahlawat/.local/lib/python3.12/site-packages/ase/filters.py:600: RuntimeWarning: logm result may be inaccurate, approximate err = 2.9095129980195985e-13
  pos[natoms:] = self.logm(pos[natoms:]) * self.exp_cell_factor
/users/pahlawat/.local/lib/python3.12/site-packages/ase/filters.py:600: RuntimeWarning: logm result may be inaccurate, approximate err = 2.9187572194633965e-13
  pos[natoms:] = self.logm(pos[natoms:]) * self.exp_cell_factor
/users/pahlawat/.local/lib/python3.12/site-packages/ase/filters.py:600: RuntimeWarning: logm result may be inaccurate, approximate err = 2.899659957844881e-13
  pos[natoms:] = self.logm(pos[natoms:]) * self.exp_cell_factor
/users/pahlawat/.local/lib/python3.12/site-packages/ase/filters.py:600: RuntimeWarning: logm result may be inaccurate, approximate err = 2.8449087939360914e-13
  pos[natoms:] = self.logm(pos[natoms:]) * self.exp_cell_factor
/users/pahlawat/.local/lib/python3.12/site-packages/ase/filters.py:600: RuntimeWarning: logm result may be inaccurate, approximate err = 2.914658293126494e-13
  pos[natoms:] = self.logm(pos[natoms:]) * self.exp_cell_factor
/users/pahlawat/.local/lib/python3.12/site-packages/ase/filters.py:600: RuntimeWarning: logm result may be inaccurate, approximate err = 2.9225270220724037e-13
  pos[natoms:] = self.logm(pos[natoms:]) * self.exp_cell_factor
/users/pahlawat/.local/lib/python3.12/site-packages/ase/filters.py:600: RuntimeWarning: logm result may be inaccurate, approximate err = 2.883271911827621e-13
  pos[natoms:] = self.logm(pos[natoms:]) * self.exp_cell_factor
/users/pahlawat/.local/lib/python3.12/site-packages/spglib/spglib.py:115: DeprecationWarning: dict interface (SpglibDataset['number']) is deprecated.Use attribute interface ({self.__class__.__name__}.{key}) instead
  warnings.warn(
/users/pahlawat/.local/lib/python3.12/site-packages/spglib/spglib.py:115: DeprecationWarning: dict interface (SpglibDataset['international']) is deprecated.Use attribute interface ({self.__class__.__name__}.{key}) instead
  warnings.warn(
/users/pahlawat/.local/lib/python3.12/site-packages/spglib/spglib.py:115: DeprecationWarning: dict interface (SpglibDataset['hall']) is deprecated.Use attribute interface ({self.__class__.__name__}.{key}) instead
  warnings.warn(
