[38;5;127mapps[0m/[38;5;172manaconda3[0m/[38;5;67m2024.06[0m/[38;5;68mbin[0m
 |
 [0;32mOK[0m
2025-02-05 15:11:36.419489: E external/local_xla/xla/stream_executor/cuda/cuda_fft.cc:479] Unable to register cuFFT factory: Attempting to register factory for plugin cuFFT when one has already been registered
2025-02-05 15:11:36.442783: E external/local_xla/xla/stream_executor/cuda/cuda_dnn.cc:10575] Unable to register cuDNN factory: Attempting to register factory for plugin cuDNN when one has already been registered
2025-02-05 15:11:36.442872: E external/local_xla/xla/stream_executor/cuda/cuda_blas.cc:1442] Unable to register cuBLAS factory: Attempting to register factory for plugin cuBLAS when one has already been registered
2025-02-05 15:11:36.457432: I tensorflow/core/platform/cpu_feature_guard.cc:210] This TensorFlow binary is optimized to use available CPU instructions in performance-critical operations.
To enable the following instructions: AVX2 FMA, in other operations, rebuild TensorFlow with the appropriate compiler flags.
2025-02-05 15:11:37.550945: W tensorflow/compiler/tf2tensorrt/utils/py_utils.cc:38] TF-TRT Warning: Could not find TensorRT
/mnt/scratch2/q13camb_scratch/perovskites/installation_stuff/grace/lib/python3.11/site-packages/ase/io/cif.py:408: UserWarning: crystal system 'Orthorhombic' is not interpreted for space group Spacegroup(62, setting=1). This may result in wrong setting!
  warnings.warn(
WARNING: All log messages before absl::InitializeLog() is called are written to STDERR
I0000 00:00:1738768302.755902 2403111 service.cc:145] XLA service 0x10e156d0 initialized for platform Host (this does not guarantee that XLA will be used). Devices:
I0000 00:00:1738768302.756020 2403111 service.cc:153]   StreamExecutor device (0): Host, Default Version
2025-02-05 15:11:43.096597: I tensorflow/compiler/mlir/tensorflow/utils/dump_mlir_util.cc:268] disabling MLIR crash reproducer, set env var `MLIR_CRASH_REPRODUCER_DIRECTORY` to enable.
I0000 00:00:1738768311.565570 2403111 device_compiler.h:188] Compiled cluster using XLA!  This line is logged at most once for the lifetime of the process.
/mnt/scratch2/q13camb_scratch/perovskites/installation_stuff/grace/lib/python3.11/site-packages/ase/filters.py:600: RuntimeWarning: logm result may be inaccurate, approximate err = 2.7004397543430314e-13
  pos[natoms:] = self.logm(pos[natoms:]) * self.exp_cell_factor
/mnt/scratch2/q13camb_scratch/perovskites/installation_stuff/grace/lib/python3.11/site-packages/ase/filters.py:600: RuntimeWarning: logm result may be inaccurate, approximate err = 2.760516794623503e-13
  pos[natoms:] = self.logm(pos[natoms:]) * self.exp_cell_factor
/mnt/scratch2/q13camb_scratch/perovskites/installation_stuff/grace/lib/python3.11/site-packages/ase/filters.py:600: RuntimeWarning: logm result may be inaccurate, approximate err = 2.737649464128968e-13
  pos[natoms:] = self.logm(pos[natoms:]) * self.exp_cell_factor
/mnt/scratch2/q13camb_scratch/perovskites/installation_stuff/grace/lib/python3.11/site-packages/ase/filters.py:600: RuntimeWarning: logm result may be inaccurate, approximate err = 2.699233304966436e-13
  pos[natoms:] = self.logm(pos[natoms:]) * self.exp_cell_factor
/mnt/scratch2/q13camb_scratch/perovskites/installation_stuff/grace/lib/python3.11/site-packages/ase/filters.py:600: RuntimeWarning: logm result may be inaccurate, approximate err = 2.7347319455419446e-13
  pos[natoms:] = self.logm(pos[natoms:]) * self.exp_cell_factor
/mnt/scratch2/q13camb_scratch/perovskites/installation_stuff/grace/lib/python3.11/site-packages/ase/filters.py:600: RuntimeWarning: logm result may be inaccurate, approximate err = 2.7360327563990224e-13
  pos[natoms:] = self.logm(pos[natoms:]) * self.exp_cell_factor
/mnt/scratch2/q13camb_scratch/perovskites/installation_stuff/grace/lib/python3.11/site-packages/ase/filters.py:600: RuntimeWarning: logm result may be inaccurate, approximate err = 2.7461372938449977e-13
  pos[natoms:] = self.logm(pos[natoms:]) * self.exp_cell_factor
/mnt/scratch2/q13camb_scratch/perovskites/installation_stuff/grace/lib/python3.11/site-packages/ase/filters.py:600: RuntimeWarning: logm result may be inaccurate, approximate err = 2.758159648587751e-13
  pos[natoms:] = self.logm(pos[natoms:]) * self.exp_cell_factor
/mnt/scratch2/q13camb_scratch/perovskites/installation_stuff/grace/lib/python3.11/site-packages/ase/filters.py:600: RuntimeWarning: logm result may be inaccurate, approximate err = 2.8042784751161637e-13
  pos[natoms:] = self.logm(pos[natoms:]) * self.exp_cell_factor
/mnt/scratch2/q13camb_scratch/perovskites/installation_stuff/grace/lib/python3.11/site-packages/ase/filters.py:600: RuntimeWarning: logm result may be inaccurate, approximate err = 2.745538201973814e-13
  pos[natoms:] = self.logm(pos[natoms:]) * self.exp_cell_factor
/mnt/scratch2/q13camb_scratch/perovskites/installation_stuff/grace/lib/python3.11/site-packages/ase/filters.py:600: RuntimeWarning: logm result may be inaccurate, approximate err = 2.786163460581795e-13
  pos[natoms:] = self.logm(pos[natoms:]) * self.exp_cell_factor
/mnt/scratch2/q13camb_scratch/perovskites/installation_stuff/grace/lib/python3.11/site-packages/ase/filters.py:600: RuntimeWarning: logm result may be inaccurate, approximate err = 2.8057629951792615e-13
  pos[natoms:] = self.logm(pos[natoms:]) * self.exp_cell_factor
/mnt/scratch2/q13camb_scratch/perovskites/installation_stuff/grace/lib/python3.11/site-packages/ase/filters.py:600: RuntimeWarning: logm result may be inaccurate, approximate err = 2.781018590745046e-13
  pos[natoms:] = self.logm(pos[natoms:]) * self.exp_cell_factor
/mnt/scratch2/q13camb_scratch/perovskites/installation_stuff/grace/lib/python3.11/site-packages/ase/filters.py:600: RuntimeWarning: logm result may be inaccurate, approximate err = 2.7608084002887193e-13
  pos[natoms:] = self.logm(pos[natoms:]) * self.exp_cell_factor
/mnt/scratch2/q13camb_scratch/perovskites/installation_stuff/grace/lib/python3.11/site-packages/ase/filters.py:600: RuntimeWarning: logm result may be inaccurate, approximate err = 2.8018644438254175e-13
  pos[natoms:] = self.logm(pos[natoms:]) * self.exp_cell_factor
/mnt/scratch2/q13camb_scratch/perovskites/installation_stuff/grace/lib/python3.11/site-packages/ase/filters.py:600: RuntimeWarning: logm result may be inaccurate, approximate err = 2.8687223870734593e-13
  pos[natoms:] = self.logm(pos[natoms:]) * self.exp_cell_factor
/mnt/scratch2/q13camb_scratch/perovskites/installation_stuff/grace/lib/python3.11/site-packages/ase/filters.py:600: RuntimeWarning: logm result may be inaccurate, approximate err = 2.844883649989895e-13
  pos[natoms:] = self.logm(pos[natoms:]) * self.exp_cell_factor
/mnt/scratch2/q13camb_scratch/perovskites/installation_stuff/grace/lib/python3.11/site-packages/ase/filters.py:600: RuntimeWarning: logm result may be inaccurate, approximate err = 2.8469135731947657e-13
  pos[natoms:] = self.logm(pos[natoms:]) * self.exp_cell_factor
/mnt/scratch2/q13camb_scratch/perovskites/installation_stuff/grace/lib/python3.11/site-packages/ase/filters.py:600: RuntimeWarning: logm result may be inaccurate, approximate err = 2.883000299574268e-13
  pos[natoms:] = self.logm(pos[natoms:]) * self.exp_cell_factor
/mnt/scratch2/q13camb_scratch/perovskites/installation_stuff/grace/lib/python3.11/site-packages/ase/filters.py:600: RuntimeWarning: logm result may be inaccurate, approximate err = 2.918356064434289e-13
  pos[natoms:] = self.logm(pos[natoms:]) * self.exp_cell_factor
/mnt/scratch2/q13camb_scratch/perovskites/installation_stuff/grace/lib/python3.11/site-packages/ase/filters.py:600: RuntimeWarning: logm result may be inaccurate, approximate err = 2.895792958295433e-13
  pos[natoms:] = self.logm(pos[natoms:]) * self.exp_cell_factor
/mnt/scratch2/q13camb_scratch/perovskites/installation_stuff/grace/lib/python3.11/site-packages/ase/filters.py:600: RuntimeWarning: logm result may be inaccurate, approximate err = 2.914761976356883e-13
  pos[natoms:] = self.logm(pos[natoms:]) * self.exp_cell_factor
/mnt/scratch2/q13camb_scratch/perovskites/installation_stuff/grace/lib/python3.11/site-packages/ase/filters.py:600: RuntimeWarning: logm result may be inaccurate, approximate err = 2.8905706921923866e-13
  pos[natoms:] = self.logm(pos[natoms:]) * self.exp_cell_factor
/mnt/scratch2/q13camb_scratch/perovskites/installation_stuff/grace/lib/python3.11/site-packages/ase/filters.py:600: RuntimeWarning: logm result may be inaccurate, approximate err = 2.9181434055385406e-13
  pos[natoms:] = self.logm(pos[natoms:]) * self.exp_cell_factor
/mnt/scratch2/q13camb_scratch/perovskites/installation_stuff/grace/lib/python3.11/site-packages/ase/filters.py:600: RuntimeWarning: logm result may be inaccurate, approximate err = 2.872713997676636e-13
  pos[natoms:] = self.logm(pos[natoms:]) * self.exp_cell_factor
/mnt/scratch2/q13camb_scratch/perovskites/installation_stuff/grace/lib/python3.11/site-packages/ase/filters.py:600: RuntimeWarning: logm result may be inaccurate, approximate err = 2.874962547101359e-13
  pos[natoms:] = self.logm(pos[natoms:]) * self.exp_cell_factor
/mnt/scratch2/q13camb_scratch/perovskites/installation_stuff/grace/lib/python3.11/site-packages/ase/filters.py:600: RuntimeWarning: logm result may be inaccurate, approximate err = 2.950883881786288e-13
  pos[natoms:] = self.logm(pos[natoms:]) * self.exp_cell_factor
/mnt/scratch2/q13camb_scratch/perovskites/installation_stuff/grace/lib/python3.11/site-packages/ase/filters.py:600: RuntimeWarning: logm result may be inaccurate, approximate err = 2.9008242698227296e-13
  pos[natoms:] = self.logm(pos[natoms:]) * self.exp_cell_factor
/mnt/scratch2/q13camb_scratch/perovskites/installation_stuff/grace/lib/python3.11/site-packages/ase/filters.py:600: RuntimeWarning: logm result may be inaccurate, approximate err = 2.8697581957553036e-13
  pos[natoms:] = self.logm(pos[natoms:]) * self.exp_cell_factor
/mnt/scratch2/q13camb_scratch/perovskites/installation_stuff/grace/lib/python3.11/site-packages/ase/filters.py:600: RuntimeWarning: logm result may be inaccurate, approximate err = 2.885250217019257e-13
  pos[natoms:] = self.logm(pos[natoms:]) * self.exp_cell_factor
/mnt/scratch2/q13camb_scratch/perovskites/installation_stuff/grace/lib/python3.11/site-packages/ase/filters.py:600: RuntimeWarning: logm result may be inaccurate, approximate err = 2.8748691776611916e-13
  pos[natoms:] = self.logm(pos[natoms:]) * self.exp_cell_factor
/mnt/scratch2/q13camb_scratch/perovskites/installation_stuff/grace/lib/python3.11/site-packages/ase/filters.py:600: RuntimeWarning: logm result may be inaccurate, approximate err = 2.9066074574620585e-13
  pos[natoms:] = self.logm(pos[natoms:]) * self.exp_cell_factor
/mnt/scratch2/q13camb_scratch/perovskites/installation_stuff/grace/lib/python3.11/site-packages/ase/filters.py:600: RuntimeWarning: logm result may be inaccurate, approximate err = 2.911009643385497e-13
  pos[natoms:] = self.logm(pos[natoms:]) * self.exp_cell_factor
/mnt/scratch2/q13camb_scratch/perovskites/installation_stuff/grace/lib/python3.11/site-packages/ase/filters.py:600: RuntimeWarning: logm result may be inaccurate, approximate err = 2.900265439577323e-13
  pos[natoms:] = self.logm(pos[natoms:]) * self.exp_cell_factor
/mnt/scratch2/q13camb_scratch/perovskites/installation_stuff/grace/lib/python3.11/site-packages/ase/filters.py:600: RuntimeWarning: logm result may be inaccurate, approximate err = 2.9125647947919993e-13
  pos[natoms:] = self.logm(pos[natoms:]) * self.exp_cell_factor
/mnt/scratch2/q13camb_scratch/perovskites/installation_stuff/grace/lib/python3.11/site-packages/ase/filters.py:600: RuntimeWarning: logm result may be inaccurate, approximate err = 2.8917271794060955e-13
  pos[natoms:] = self.logm(pos[natoms:]) * self.exp_cell_factor
/mnt/scratch2/q13camb_scratch/perovskites/installation_stuff/grace/lib/python3.11/site-packages/ase/filters.py:600: RuntimeWarning: logm result may be inaccurate, approximate err = 2.9226240557572904e-13
  pos[natoms:] = self.logm(pos[natoms:]) * self.exp_cell_factor
/mnt/scratch2/q13camb_scratch/perovskites/installation_stuff/grace/lib/python3.11/site-packages/ase/filters.py:600: RuntimeWarning: logm result may be inaccurate, approximate err = 2.8965446300606584e-13
  pos[natoms:] = self.logm(pos[natoms:]) * self.exp_cell_factor
/mnt/scratch2/q13camb_scratch/perovskites/installation_stuff/grace/lib/python3.11/site-packages/ase/filters.py:600: RuntimeWarning: logm result may be inaccurate, approximate err = 2.9083447558572606e-13
  pos[natoms:] = self.logm(pos[natoms:]) * self.exp_cell_factor
/mnt/scratch2/q13camb_scratch/perovskites/installation_stuff/grace/lib/python3.11/site-packages/ase/filters.py:600: RuntimeWarning: logm result may be inaccurate, approximate err = 2.8787921991527926e-13
  pos[natoms:] = self.logm(pos[natoms:]) * self.exp_cell_factor
/mnt/scratch2/q13camb_scratch/perovskites/installation_stuff/grace/lib/python3.11/site-packages/ase/filters.py:600: RuntimeWarning: logm result may be inaccurate, approximate err = 2.893785144267412e-13
  pos[natoms:] = self.logm(pos[natoms:]) * self.exp_cell_factor
/mnt/scratch2/q13camb_scratch/perovskites/installation_stuff/grace/lib/python3.11/site-packages/ase/filters.py:600: RuntimeWarning: logm result may be inaccurate, approximate err = 2.910539494435051e-13
  pos[natoms:] = self.logm(pos[natoms:]) * self.exp_cell_factor
/mnt/scratch2/q13camb_scratch/perovskites/installation_stuff/grace/lib/python3.11/site-packages/ase/filters.py:600: RuntimeWarning: logm result may be inaccurate, approximate err = 2.8719614604262535e-13
  pos[natoms:] = self.logm(pos[natoms:]) * self.exp_cell_factor
/mnt/scratch2/q13camb_scratch/perovskites/installation_stuff/grace/lib/python3.11/site-packages/ase/filters.py:600: RuntimeWarning: logm result may be inaccurate, approximate err = 2.905605289506092e-13
  pos[natoms:] = self.logm(pos[natoms:]) * self.exp_cell_factor
/mnt/scratch2/q13camb_scratch/perovskites/installation_stuff/grace/lib/python3.11/site-packages/ase/filters.py:600: RuntimeWarning: logm result may be inaccurate, approximate err = 2.8802346139637264e-13
  pos[natoms:] = self.logm(pos[natoms:]) * self.exp_cell_factor
/mnt/scratch2/q13camb_scratch/perovskites/installation_stuff/grace/lib/python3.11/site-packages/ase/filters.py:600: RuntimeWarning: logm result may be inaccurate, approximate err = 2.8686329835593737e-13
  pos[natoms:] = self.logm(pos[natoms:]) * self.exp_cell_factor
/mnt/scratch2/q13camb_scratch/perovskites/installation_stuff/grace/lib/python3.11/site-packages/ase/filters.py:600: RuntimeWarning: logm result may be inaccurate, approximate err = 2.8789511399135537e-13
  pos[natoms:] = self.logm(pos[natoms:]) * self.exp_cell_factor
/mnt/scratch2/q13camb_scratch/perovskites/installation_stuff/grace/lib/python3.11/site-packages/ase/filters.py:600: RuntimeWarning: logm result may be inaccurate, approximate err = 2.8885368668349876e-13
  pos[natoms:] = self.logm(pos[natoms:]) * self.exp_cell_factor
/mnt/scratch2/q13camb_scratch/perovskites/installation_stuff/grace/lib/python3.11/site-packages/ase/filters.py:600: RuntimeWarning: logm result may be inaccurate, approximate err = 2.906567543206995e-13
  pos[natoms:] = self.logm(pos[natoms:]) * self.exp_cell_factor
/mnt/scratch2/q13camb_scratch/perovskites/installation_stuff/grace/lib/python3.11/site-packages/ase/filters.py:600: RuntimeWarning: logm result may be inaccurate, approximate err = 2.856754472100818e-13
  pos[natoms:] = self.logm(pos[natoms:]) * self.exp_cell_factor
/mnt/scratch2/q13camb_scratch/perovskites/installation_stuff/grace/lib/python3.11/site-packages/ase/filters.py:600: RuntimeWarning: logm result may be inaccurate, approximate err = 2.912902652830575e-13
  pos[natoms:] = self.logm(pos[natoms:]) * self.exp_cell_factor
/mnt/scratch2/q13camb_scratch/perovskites/installation_stuff/grace/lib/python3.11/site-packages/ase/filters.py:600: RuntimeWarning: logm result may be inaccurate, approximate err = 2.937684491422326e-13
  pos[natoms:] = self.logm(pos[natoms:]) * self.exp_cell_factor
/mnt/scratch2/q13camb_scratch/perovskites/installation_stuff/grace/lib/python3.11/site-packages/ase/filters.py:600: RuntimeWarning: logm result may be inaccurate, approximate err = 2.933656293625759e-13
  pos[natoms:] = self.logm(pos[natoms:]) * self.exp_cell_factor
/mnt/scratch2/q13camb_scratch/perovskites/installation_stuff/grace/lib/python3.11/site-packages/ase/filters.py:600: RuntimeWarning: logm result may be inaccurate, approximate err = 2.9479321622224453e-13
  pos[natoms:] = self.logm(pos[natoms:]) * self.exp_cell_factor
/mnt/scratch2/q13camb_scratch/perovskites/installation_stuff/grace/lib/python3.11/site-packages/ase/filters.py:600: RuntimeWarning: logm result may be inaccurate, approximate err = 2.9459157746615707e-13
  pos[natoms:] = self.logm(pos[natoms:]) * self.exp_cell_factor
/mnt/scratch2/q13camb_scratch/perovskites/installation_stuff/grace/lib/python3.11/site-packages/ase/filters.py:600: RuntimeWarning: logm result may be inaccurate, approximate err = 2.909568727143498e-13
  pos[natoms:] = self.logm(pos[natoms:]) * self.exp_cell_factor
/mnt/scratch2/q13camb_scratch/perovskites/installation_stuff/grace/lib/python3.11/site-packages/ase/filters.py:600: RuntimeWarning: logm result may be inaccurate, approximate err = 2.9305724529532453e-13
  pos[natoms:] = self.logm(pos[natoms:]) * self.exp_cell_factor
/mnt/scratch2/q13camb_scratch/perovskites/installation_stuff/grace/lib/python3.11/site-packages/ase/filters.py:600: RuntimeWarning: logm result may be inaccurate, approximate err = 2.930758061584807e-13
  pos[natoms:] = self.logm(pos[natoms:]) * self.exp_cell_factor
/mnt/scratch2/q13camb_scratch/perovskites/installation_stuff/grace/lib/python3.11/site-packages/ase/filters.py:600: RuntimeWarning: logm result may be inaccurate, approximate err = 2.9269744587850484e-13
  pos[natoms:] = self.logm(pos[natoms:]) * self.exp_cell_factor
/mnt/scratch2/q13camb_scratch/perovskites/installation_stuff/grace/lib/python3.11/site-packages/ase/filters.py:600: RuntimeWarning: logm result may be inaccurate, approximate err = 2.9653549185082986e-13
  pos[natoms:] = self.logm(pos[natoms:]) * self.exp_cell_factor
/mnt/scratch2/q13camb_scratch/perovskites/installation_stuff/grace/lib/python3.11/site-packages/ase/filters.py:600: RuntimeWarning: logm result may be inaccurate, approximate err = 2.9637302533424883e-13
  pos[natoms:] = self.logm(pos[natoms:]) * self.exp_cell_factor
/mnt/scratch2/q13camb_scratch/perovskites/installation_stuff/grace/lib/python3.11/site-packages/ase/filters.py:600: RuntimeWarning: logm result may be inaccurate, approximate err = 2.9193896397628144e-13
  pos[natoms:] = self.logm(pos[natoms:]) * self.exp_cell_factor
/mnt/scratch2/q13camb_scratch/perovskites/installation_stuff/grace/lib/python3.11/site-packages/ase/filters.py:600: RuntimeWarning: logm result may be inaccurate, approximate err = 2.943356058309734e-13
  pos[natoms:] = self.logm(pos[natoms:]) * self.exp_cell_factor
/mnt/scratch2/q13camb_scratch/perovskites/installation_stuff/grace/lib/python3.11/site-packages/ase/filters.py:600: RuntimeWarning: logm result may be inaccurate, approximate err = 2.9690078272872426e-13
  pos[natoms:] = self.logm(pos[natoms:]) * self.exp_cell_factor
/mnt/scratch2/q13camb_scratch/perovskites/installation_stuff/grace/lib/python3.11/site-packages/ase/filters.py:600: RuntimeWarning: logm result may be inaccurate, approximate err = 2.963880470759135e-13
  pos[natoms:] = self.logm(pos[natoms:]) * self.exp_cell_factor
/mnt/scratch2/q13camb_scratch/perovskites/installation_stuff/grace/lib/python3.11/site-packages/ase/filters.py:600: RuntimeWarning: logm result may be inaccurate, approximate err = 2.94505537650161e-13
  pos[natoms:] = self.logm(pos[natoms:]) * self.exp_cell_factor
/mnt/scratch2/q13camb_scratch/perovskites/installation_stuff/grace/lib/python3.11/site-packages/ase/filters.py:600: RuntimeWarning: logm result may be inaccurate, approximate err = 2.914257065920789e-13
  pos[natoms:] = self.logm(pos[natoms:]) * self.exp_cell_factor
/mnt/scratch2/q13camb_scratch/perovskites/installation_stuff/grace/lib/python3.11/site-packages/ase/filters.py:600: RuntimeWarning: logm result may be inaccurate, approximate err = 2.9688163219486516e-13
  pos[natoms:] = self.logm(pos[natoms:]) * self.exp_cell_factor
/mnt/scratch2/q13camb_scratch/perovskites/installation_stuff/grace/lib/python3.11/site-packages/ase/filters.py:600: RuntimeWarning: logm result may be inaccurate, approximate err = 2.963552981975037e-13
  pos[natoms:] = self.logm(pos[natoms:]) * self.exp_cell_factor
/mnt/scratch2/q13camb_scratch/perovskites/installation_stuff/grace/lib/python3.11/site-packages/ase/filters.py:600: RuntimeWarning: logm result may be inaccurate, approximate err = 2.9824133329752446e-13
  pos[natoms:] = self.logm(pos[natoms:]) * self.exp_cell_factor
/mnt/scratch2/q13camb_scratch/perovskites/installation_stuff/grace/lib/python3.11/site-packages/ase/filters.py:600: RuntimeWarning: logm result may be inaccurate, approximate err = 2.943270784268575e-13
  pos[natoms:] = self.logm(pos[natoms:]) * self.exp_cell_factor
/mnt/scratch2/q13camb_scratch/perovskites/installation_stuff/grace/lib/python3.11/site-packages/ase/filters.py:600: RuntimeWarning: logm result may be inaccurate, approximate err = 2.917745503129325e-13
  pos[natoms:] = self.logm(pos[natoms:]) * self.exp_cell_factor
/mnt/scratch2/q13camb_scratch/perovskites/installation_stuff/grace/lib/python3.11/site-packages/ase/filters.py:600: RuntimeWarning: logm result may be inaccurate, approximate err = 2.9501530400836766e-13
  pos[natoms:] = self.logm(pos[natoms:]) * self.exp_cell_factor
/mnt/scratch2/q13camb_scratch/perovskites/installation_stuff/grace/lib/python3.11/site-packages/ase/filters.py:600: RuntimeWarning: logm result may be inaccurate, approximate err = 2.977226091558931e-13
  pos[natoms:] = self.logm(pos[natoms:]) * self.exp_cell_factor
/mnt/scratch2/q13camb_scratch/perovskites/installation_stuff/grace/lib/python3.11/site-packages/ase/filters.py:600: RuntimeWarning: logm result may be inaccurate, approximate err = 2.951611362586616e-13
  pos[natoms:] = self.logm(pos[natoms:]) * self.exp_cell_factor
/mnt/scratch2/q13camb_scratch/perovskites/installation_stuff/grace/lib/python3.11/site-packages/ase/filters.py:600: RuntimeWarning: logm result may be inaccurate, approximate err = 2.890292829495443e-13
  pos[natoms:] = self.logm(pos[natoms:]) * self.exp_cell_factor
/mnt/scratch2/q13camb_scratch/perovskites/installation_stuff/grace/lib/python3.11/site-packages/ase/filters.py:600: RuntimeWarning: logm result may be inaccurate, approximate err = 2.987446886109449e-13
  pos[natoms:] = self.logm(pos[natoms:]) * self.exp_cell_factor
/mnt/scratch2/q13camb_scratch/perovskites/installation_stuff/grace/lib/python3.11/site-packages/ase/filters.py:600: RuntimeWarning: logm result may be inaccurate, approximate err = 2.9549116239925e-13
  pos[natoms:] = self.logm(pos[natoms:]) * self.exp_cell_factor
/mnt/scratch2/q13camb_scratch/perovskites/installation_stuff/grace/lib/python3.11/site-packages/ase/filters.py:600: RuntimeWarning: logm result may be inaccurate, approximate err = 2.953478584276484e-13
  pos[natoms:] = self.logm(pos[natoms:]) * self.exp_cell_factor
/mnt/scratch2/q13camb_scratch/perovskites/installation_stuff/grace/lib/python3.11/site-packages/ase/filters.py:600: RuntimeWarning: logm result may be inaccurate, approximate err = 2.911854620267942e-13
  pos[natoms:] = self.logm(pos[natoms:]) * self.exp_cell_factor
/mnt/scratch2/q13camb_scratch/perovskites/installation_stuff/grace/lib/python3.11/site-packages/ase/filters.py:600: RuntimeWarning: logm result may be inaccurate, approximate err = 2.9428051534783197e-13
  pos[natoms:] = self.logm(pos[natoms:]) * self.exp_cell_factor
/mnt/scratch2/q13camb_scratch/perovskites/installation_stuff/grace/lib/python3.11/site-packages/ase/filters.py:600: RuntimeWarning: logm result may be inaccurate, approximate err = 2.9710792409539803e-13
  pos[natoms:] = self.logm(pos[natoms:]) * self.exp_cell_factor
/mnt/scratch2/q13camb_scratch/perovskites/installation_stuff/grace/lib/python3.11/site-packages/ase/filters.py:600: RuntimeWarning: logm result may be inaccurate, approximate err = 2.961133387365887e-13
  pos[natoms:] = self.logm(pos[natoms:]) * self.exp_cell_factor
/mnt/scratch2/q13camb_scratch/perovskites/installation_stuff/grace/lib/python3.11/site-packages/ase/filters.py:600: RuntimeWarning: logm result may be inaccurate, approximate err = 2.938677649937256e-13
  pos[natoms:] = self.logm(pos[natoms:]) * self.exp_cell_factor
/mnt/scratch2/q13camb_scratch/perovskites/installation_stuff/grace/lib/python3.11/site-packages/ase/filters.py:600: RuntimeWarning: logm result may be inaccurate, approximate err = 2.9722358323730654e-13
  pos[natoms:] = self.logm(pos[natoms:]) * self.exp_cell_factor
/mnt/scratch2/q13camb_scratch/perovskites/installation_stuff/grace/lib/python3.11/site-packages/ase/filters.py:600: RuntimeWarning: logm result may be inaccurate, approximate err = 2.9615799854951277e-13
  pos[natoms:] = self.logm(pos[natoms:]) * self.exp_cell_factor
/mnt/scratch2/q13camb_scratch/perovskites/installation_stuff/grace/lib/python3.11/site-packages/ase/filters.py:600: RuntimeWarning: logm result may be inaccurate, approximate err = 2.978358707286701e-13
  pos[natoms:] = self.logm(pos[natoms:]) * self.exp_cell_factor
/mnt/scratch2/q13camb_scratch/perovskites/installation_stuff/grace/lib/python3.11/site-packages/ase/filters.py:600: RuntimeWarning: logm result may be inaccurate, approximate err = 2.9031012271612704e-13
  pos[natoms:] = self.logm(pos[natoms:]) * self.exp_cell_factor
/mnt/scratch2/q13camb_scratch/perovskites/installation_stuff/grace/lib/python3.11/site-packages/ase/filters.py:600: RuntimeWarning: logm result may be inaccurate, approximate err = 2.9797097689847543e-13
  pos[natoms:] = self.logm(pos[natoms:]) * self.exp_cell_factor
/mnt/scratch2/q13camb_scratch/perovskites/installation_stuff/grace/lib/python3.11/site-packages/ase/filters.py:600: RuntimeWarning: logm result may be inaccurate, approximate err = 2.9257643626747616e-13
  pos[natoms:] = self.logm(pos[natoms:]) * self.exp_cell_factor
/mnt/scratch2/q13camb_scratch/perovskites/installation_stuff/grace/lib/python3.11/site-packages/ase/filters.py:600: RuntimeWarning: logm result may be inaccurate, approximate err = 2.927900449579934e-13
  pos[natoms:] = self.logm(pos[natoms:]) * self.exp_cell_factor
/mnt/scratch2/q13camb_scratch/perovskites/installation_stuff/grace/lib/python3.11/site-packages/ase/filters.py:600: RuntimeWarning: logm result may be inaccurate, approximate err = 2.945147066460895e-13
  pos[natoms:] = self.logm(pos[natoms:]) * self.exp_cell_factor
/mnt/scratch2/q13camb_scratch/perovskites/installation_stuff/grace/lib/python3.11/site-packages/ase/filters.py:600: RuntimeWarning: logm result may be inaccurate, approximate err = 2.900645465558739e-13
  pos[natoms:] = self.logm(pos[natoms:]) * self.exp_cell_factor
/mnt/scratch2/q13camb_scratch/perovskites/installation_stuff/grace/lib/python3.11/site-packages/ase/filters.py:600: RuntimeWarning: logm result may be inaccurate, approximate err = 2.9734994093759203e-13
  pos[natoms:] = self.logm(pos[natoms:]) * self.exp_cell_factor
/mnt/scratch2/q13camb_scratch/perovskites/installation_stuff/grace/lib/python3.11/site-packages/ase/filters.py:600: RuntimeWarning: logm result may be inaccurate, approximate err = 2.962710985826578e-13
  pos[natoms:] = self.logm(pos[natoms:]) * self.exp_cell_factor
/mnt/scratch2/q13camb_scratch/perovskites/installation_stuff/grace/lib/python3.11/site-packages/ase/filters.py:600: RuntimeWarning: logm result may be inaccurate, approximate err = 2.946069236125963e-13
  pos[natoms:] = self.logm(pos[natoms:]) * self.exp_cell_factor
/mnt/scratch2/q13camb_scratch/perovskites/installation_stuff/grace/lib/python3.11/site-packages/ase/filters.py:600: RuntimeWarning: logm result may be inaccurate, approximate err = 2.97201481398939e-13
  pos[natoms:] = self.logm(pos[natoms:]) * self.exp_cell_factor
/mnt/scratch2/q13camb_scratch/perovskites/installation_stuff/grace/lib/python3.11/site-packages/ase/filters.py:600: RuntimeWarning: logm result may be inaccurate, approximate err = 2.9720964122533703e-13
  pos[natoms:] = self.logm(pos[natoms:]) * self.exp_cell_factor
/mnt/scratch2/q13camb_scratch/perovskites/installation_stuff/grace/lib/python3.11/site-packages/ase/filters.py:600: RuntimeWarning: logm result may be inaccurate, approximate err = 2.93065423181134e-13
  pos[natoms:] = self.logm(pos[natoms:]) * self.exp_cell_factor
/mnt/scratch2/q13camb_scratch/perovskites/installation_stuff/grace/lib/python3.11/site-packages/ase/filters.py:600: RuntimeWarning: logm result may be inaccurate, approximate err = 2.93224490924149e-13
  pos[natoms:] = self.logm(pos[natoms:]) * self.exp_cell_factor
/mnt/scratch2/q13camb_scratch/perovskites/installation_stuff/grace/lib/python3.11/site-packages/ase/filters.py:600: RuntimeWarning: logm result may be inaccurate, approximate err = 2.9686577102502876e-13
  pos[natoms:] = self.logm(pos[natoms:]) * self.exp_cell_factor
/mnt/scratch2/q13camb_scratch/perovskites/installation_stuff/grace/lib/python3.11/site-packages/ase/filters.py:600: RuntimeWarning: logm result may be inaccurate, approximate err = 2.881414994190527e-13
  pos[natoms:] = self.logm(pos[natoms:]) * self.exp_cell_factor
/mnt/scratch2/q13camb_scratch/perovskites/installation_stuff/grace/lib/python3.11/site-packages/ase/filters.py:600: RuntimeWarning: logm result may be inaccurate, approximate err = 2.9441954579598935e-13
  pos[natoms:] = self.logm(pos[natoms:]) * self.exp_cell_factor
/mnt/scratch2/q13camb_scratch/perovskites/installation_stuff/grace/lib/python3.11/site-packages/ase/filters.py:600: RuntimeWarning: logm result may be inaccurate, approximate err = 2.983825603236346e-13
  pos[natoms:] = self.logm(pos[natoms:]) * self.exp_cell_factor
/mnt/scratch2/q13camb_scratch/perovskites/installation_stuff/grace/lib/python3.11/site-packages/ase/filters.py:600: RuntimeWarning: logm result may be inaccurate, approximate err = 2.914666658209067e-13
  pos[natoms:] = self.logm(pos[natoms:]) * self.exp_cell_factor
/mnt/scratch2/q13camb_scratch/perovskites/installation_stuff/grace/lib/python3.11/site-packages/ase/filters.py:600: RuntimeWarning: logm result may be inaccurate, approximate err = 2.9323908509927917e-13
  pos[natoms:] = self.logm(pos[natoms:]) * self.exp_cell_factor
/mnt/scratch2/q13camb_scratch/perovskites/installation_stuff/grace/lib/python3.11/site-packages/ase/filters.py:600: RuntimeWarning: logm result may be inaccurate, approximate err = 2.942633457403002e-13
  pos[natoms:] = self.logm(pos[natoms:]) * self.exp_cell_factor
/mnt/scratch2/q13camb_scratch/perovskites/installation_stuff/grace/lib/python3.11/site-packages/ase/filters.py:600: RuntimeWarning: logm result may be inaccurate, approximate err = 2.943473874036121e-13
  pos[natoms:] = self.logm(pos[natoms:]) * self.exp_cell_factor
/mnt/scratch2/q13camb_scratch/perovskites/installation_stuff/grace/lib/python3.11/site-packages/ase/filters.py:600: RuntimeWarning: logm result may be inaccurate, approximate err = 2.9793134556599854e-13
  pos[natoms:] = self.logm(pos[natoms:]) * self.exp_cell_factor
/mnt/scratch2/q13camb_scratch/perovskites/installation_stuff/grace/lib/python3.11/site-packages/ase/filters.py:600: RuntimeWarning: logm result may be inaccurate, approximate err = 2.896553361314618e-13
  pos[natoms:] = self.logm(pos[natoms:]) * self.exp_cell_factor
/mnt/scratch2/q13camb_scratch/perovskites/installation_stuff/grace/lib/python3.11/site-packages/ase/filters.py:600: RuntimeWarning: logm result may be inaccurate, approximate err = 2.90534082199294e-13
  pos[natoms:] = self.logm(pos[natoms:]) * self.exp_cell_factor
/mnt/scratch2/q13camb_scratch/perovskites/installation_stuff/grace/lib/python3.11/site-packages/ase/filters.py:600: RuntimeWarning: logm result may be inaccurate, approximate err = 2.9621438479919564e-13
  pos[natoms:] = self.logm(pos[natoms:]) * self.exp_cell_factor
/mnt/scratch2/q13camb_scratch/perovskites/installation_stuff/grace/lib/python3.11/site-packages/ase/filters.py:600: RuntimeWarning: logm result may be inaccurate, approximate err = 2.934162843812872e-13
  pos[natoms:] = self.logm(pos[natoms:]) * self.exp_cell_factor
/mnt/scratch2/q13camb_scratch/perovskites/installation_stuff/grace/lib/python3.11/site-packages/ase/filters.py:600: RuntimeWarning: logm result may be inaccurate, approximate err = 2.934481312538584e-13
  pos[natoms:] = self.logm(pos[natoms:]) * self.exp_cell_factor
/mnt/scratch2/q13camb_scratch/perovskites/installation_stuff/grace/lib/python3.11/site-packages/ase/filters.py:600: RuntimeWarning: logm result may be inaccurate, approximate err = 2.915898584833153e-13
  pos[natoms:] = self.logm(pos[natoms:]) * self.exp_cell_factor
/mnt/scratch2/q13camb_scratch/perovskites/installation_stuff/grace/lib/python3.11/site-packages/ase/filters.py:600: RuntimeWarning: logm result may be inaccurate, approximate err = 2.9516270773411583e-13
  pos[natoms:] = self.logm(pos[natoms:]) * self.exp_cell_factor
/mnt/scratch2/q13camb_scratch/perovskites/installation_stuff/grace/lib/python3.11/site-packages/ase/filters.py:600: RuntimeWarning: logm result may be inaccurate, approximate err = 2.9393863676351833e-13
  pos[natoms:] = self.logm(pos[natoms:]) * self.exp_cell_factor
/mnt/scratch2/q13camb_scratch/perovskites/installation_stuff/grace/lib/python3.11/site-packages/ase/filters.py:600: RuntimeWarning: logm result may be inaccurate, approximate err = 2.961139045808366e-13
  pos[natoms:] = self.logm(pos[natoms:]) * self.exp_cell_factor
/mnt/scratch2/q13camb_scratch/perovskites/installation_stuff/grace/lib/python3.11/site-packages/ase/filters.py:600: RuntimeWarning: logm result may be inaccurate, approximate err = 2.9271975409007405e-13
  pos[natoms:] = self.logm(pos[natoms:]) * self.exp_cell_factor
/mnt/scratch2/q13camb_scratch/perovskites/installation_stuff/grace/lib/python3.11/site-packages/ase/filters.py:600: RuntimeWarning: logm result may be inaccurate, approximate err = 2.9548230651351e-13
  pos[natoms:] = self.logm(pos[natoms:]) * self.exp_cell_factor
/mnt/scratch2/q13camb_scratch/perovskites/installation_stuff/grace/lib/python3.11/site-packages/ase/filters.py:600: RuntimeWarning: logm result may be inaccurate, approximate err = 2.953280448128083e-13
  pos[natoms:] = self.logm(pos[natoms:]) * self.exp_cell_factor
/mnt/scratch2/q13camb_scratch/perovskites/installation_stuff/grace/lib/python3.11/site-packages/ase/filters.py:600: RuntimeWarning: logm result may be inaccurate, approximate err = 2.966667129535695e-13
  pos[natoms:] = self.logm(pos[natoms:]) * self.exp_cell_factor
/mnt/scratch2/q13camb_scratch/perovskites/installation_stuff/grace/lib/python3.11/site-packages/ase/filters.py:600: RuntimeWarning: logm result may be inaccurate, approximate err = 2.9200819454766566e-13
  pos[natoms:] = self.logm(pos[natoms:]) * self.exp_cell_factor
/mnt/scratch2/q13camb_scratch/perovskites/installation_stuff/grace/lib/python3.11/site-packages/ase/filters.py:600: RuntimeWarning: logm result may be inaccurate, approximate err = 2.9838017190602315e-13
  pos[natoms:] = self.logm(pos[natoms:]) * self.exp_cell_factor
/mnt/scratch2/q13camb_scratch/perovskites/installation_stuff/grace/lib/python3.11/site-packages/ase/filters.py:600: RuntimeWarning: logm result may be inaccurate, approximate err = 2.9548673953525197e-13
  pos[natoms:] = self.logm(pos[natoms:]) * self.exp_cell_factor
/mnt/scratch2/q13camb_scratch/perovskites/installation_stuff/grace/lib/python3.11/site-packages/ase/filters.py:600: RuntimeWarning: logm result may be inaccurate, approximate err = 2.94562776330932e-13
  pos[natoms:] = self.logm(pos[natoms:]) * self.exp_cell_factor
/mnt/scratch2/q13camb_scratch/perovskites/installation_stuff/grace/lib/python3.11/site-packages/ase/filters.py:600: RuntimeWarning: logm result may be inaccurate, approximate err = 2.951634264021666e-13
  pos[natoms:] = self.logm(pos[natoms:]) * self.exp_cell_factor
/mnt/scratch2/q13camb_scratch/perovskites/installation_stuff/grace/lib/python3.11/site-packages/ase/filters.py:600: RuntimeWarning: logm result may be inaccurate, approximate err = 2.9219661639391625e-13
  pos[natoms:] = self.logm(pos[natoms:]) * self.exp_cell_factor
/mnt/scratch2/q13camb_scratch/perovskites/installation_stuff/grace/lib/python3.11/site-packages/ase/filters.py:600: RuntimeWarning: logm result may be inaccurate, approximate err = 2.9450179484026063e-13
  pos[natoms:] = self.logm(pos[natoms:]) * self.exp_cell_factor
/mnt/scratch2/q13camb_scratch/perovskites/installation_stuff/grace/lib/python3.11/site-packages/ase/filters.py:600: RuntimeWarning: logm result may be inaccurate, approximate err = 2.940352254548796e-13
  pos[natoms:] = self.logm(pos[natoms:]) * self.exp_cell_factor
/mnt/scratch2/q13camb_scratch/perovskites/installation_stuff/grace/lib/python3.11/site-packages/ase/filters.py:600: RuntimeWarning: logm result may be inaccurate, approximate err = 2.936646356517846e-13
  pos[natoms:] = self.logm(pos[natoms:]) * self.exp_cell_factor
/mnt/scratch2/q13camb_scratch/perovskites/installation_stuff/grace/lib/python3.11/site-packages/ase/filters.py:600: RuntimeWarning: logm result may be inaccurate, approximate err = 2.9247819492228027e-13
  pos[natoms:] = self.logm(pos[natoms:]) * self.exp_cell_factor
/mnt/scratch2/q13camb_scratch/perovskites/installation_stuff/grace/lib/python3.11/site-packages/ase/filters.py:600: RuntimeWarning: logm result may be inaccurate, approximate err = 2.950371757924165e-13
  pos[natoms:] = self.logm(pos[natoms:]) * self.exp_cell_factor
/mnt/scratch2/q13camb_scratch/perovskites/installation_stuff/grace/lib/python3.11/site-packages/ase/filters.py:600: RuntimeWarning: logm result may be inaccurate, approximate err = 2.9383685652000943e-13
  pos[natoms:] = self.logm(pos[natoms:]) * self.exp_cell_factor
/mnt/scratch2/q13camb_scratch/perovskites/installation_stuff/grace/lib/python3.11/site-packages/ase/filters.py:600: RuntimeWarning: logm result may be inaccurate, approximate err = 2.9789305202829306e-13
  pos[natoms:] = self.logm(pos[natoms:]) * self.exp_cell_factor
/mnt/scratch2/q13camb_scratch/perovskites/installation_stuff/grace/lib/python3.11/site-packages/ase/filters.py:600: RuntimeWarning: logm result may be inaccurate, approximate err = 2.9479052089889527e-13
  pos[natoms:] = self.logm(pos[natoms:]) * self.exp_cell_factor
/mnt/scratch2/q13camb_scratch/perovskites/installation_stuff/grace/lib/python3.11/site-packages/ase/filters.py:600: RuntimeWarning: logm result may be inaccurate, approximate err = 2.9597001639016424e-13
  pos[natoms:] = self.logm(pos[natoms:]) * self.exp_cell_factor
/mnt/scratch2/q13camb_scratch/perovskites/installation_stuff/grace/lib/python3.11/site-packages/ase/filters.py:600: RuntimeWarning: logm result may be inaccurate, approximate err = 2.9640349354152976e-13
  pos[natoms:] = self.logm(pos[natoms:]) * self.exp_cell_factor
/mnt/scratch2/q13camb_scratch/perovskites/installation_stuff/grace/lib/python3.11/site-packages/ase/filters.py:600: RuntimeWarning: logm result may be inaccurate, approximate err = 2.911393345518457e-13
  pos[natoms:] = self.logm(pos[natoms:]) * self.exp_cell_factor
/mnt/scratch2/q13camb_scratch/perovskites/installation_stuff/grace/lib/python3.11/site-packages/ase/filters.py:600: RuntimeWarning: logm result may be inaccurate, approximate err = 2.941433315928877e-13
  pos[natoms:] = self.logm(pos[natoms:]) * self.exp_cell_factor
/mnt/scratch2/q13camb_scratch/perovskites/installation_stuff/grace/lib/python3.11/site-packages/ase/filters.py:600: RuntimeWarning: logm result may be inaccurate, approximate err = 2.9226224968551415e-13
  pos[natoms:] = self.logm(pos[natoms:]) * self.exp_cell_factor
/mnt/scratch2/q13camb_scratch/perovskites/installation_stuff/grace/lib/python3.11/site-packages/ase/filters.py:600: RuntimeWarning: logm result may be inaccurate, approximate err = 2.983741626420944e-13
  pos[natoms:] = self.logm(pos[natoms:]) * self.exp_cell_factor
/mnt/scratch2/q13camb_scratch/perovskites/installation_stuff/grace/lib/python3.11/site-packages/ase/filters.py:600: RuntimeWarning: logm result may be inaccurate, approximate err = 2.930593761778254e-13
  pos[natoms:] = self.logm(pos[natoms:]) * self.exp_cell_factor
/mnt/scratch2/q13camb_scratch/perovskites/installation_stuff/grace/lib/python3.11/site-packages/ase/filters.py:600: RuntimeWarning: logm result may be inaccurate, approximate err = 2.9336016039250936e-13
  pos[natoms:] = self.logm(pos[natoms:]) * self.exp_cell_factor
/mnt/scratch2/q13camb_scratch/perovskites/installation_stuff/grace/lib/python3.11/site-packages/ase/filters.py:600: RuntimeWarning: logm result may be inaccurate, approximate err = 2.982573263406665e-13
  pos[natoms:] = self.logm(pos[natoms:]) * self.exp_cell_factor
/mnt/scratch2/q13camb_scratch/perovskites/installation_stuff/grace/lib/python3.11/site-packages/ase/filters.py:600: RuntimeWarning: logm result may be inaccurate, approximate err = 2.9360716858316304e-13
  pos[natoms:] = self.logm(pos[natoms:]) * self.exp_cell_factor
/mnt/scratch2/q13camb_scratch/perovskites/installation_stuff/grace/lib/python3.11/site-packages/ase/filters.py:600: RuntimeWarning: logm result may be inaccurate, approximate err = 2.9210173066866563e-13
  pos[natoms:] = self.logm(pos[natoms:]) * self.exp_cell_factor
/mnt/scratch2/q13camb_scratch/perovskites/installation_stuff/grace/lib/python3.11/site-packages/ase/filters.py:600: RuntimeWarning: logm result may be inaccurate, approximate err = 2.969006868898937e-13
  pos[natoms:] = self.logm(pos[natoms:]) * self.exp_cell_factor
/mnt/scratch2/q13camb_scratch/perovskites/installation_stuff/grace/lib/python3.11/site-packages/ase/filters.py:600: RuntimeWarning: logm result may be inaccurate, approximate err = 2.947006506505705e-13
  pos[natoms:] = self.logm(pos[natoms:]) * self.exp_cell_factor
/mnt/scratch2/q13camb_scratch/perovskites/installation_stuff/grace/lib/python3.11/site-packages/ase/filters.py:600: RuntimeWarning: logm result may be inaccurate, approximate err = 2.953819821444799e-13
  pos[natoms:] = self.logm(pos[natoms:]) * self.exp_cell_factor
/mnt/scratch2/q13camb_scratch/perovskites/installation_stuff/grace/lib/python3.11/site-packages/ase/filters.py:600: RuntimeWarning: logm result may be inaccurate, approximate err = 2.962172499272709e-13
  pos[natoms:] = self.logm(pos[natoms:]) * self.exp_cell_factor
/mnt/scratch2/q13camb_scratch/perovskites/installation_stuff/grace/lib/python3.11/site-packages/ase/filters.py:600: RuntimeWarning: logm result may be inaccurate, approximate err = 2.920957720943236e-13
  pos[natoms:] = self.logm(pos[natoms:]) * self.exp_cell_factor
/mnt/scratch2/q13camb_scratch/perovskites/installation_stuff/grace/lib/python3.11/site-packages/ase/filters.py:600: RuntimeWarning: logm result may be inaccurate, approximate err = 2.935845131966955e-13
  pos[natoms:] = self.logm(pos[natoms:]) * self.exp_cell_factor
/mnt/scratch2/q13camb_scratch/perovskites/installation_stuff/grace/lib/python3.11/site-packages/ase/filters.py:600: RuntimeWarning: logm result may be inaccurate, approximate err = 2.8988613978800584e-13
  pos[natoms:] = self.logm(pos[natoms:]) * self.exp_cell_factor
/mnt/scratch2/q13camb_scratch/perovskites/installation_stuff/grace/lib/python3.11/site-packages/ase/filters.py:600: RuntimeWarning: logm result may be inaccurate, approximate err = 2.934803848935722e-13
  pos[natoms:] = self.logm(pos[natoms:]) * self.exp_cell_factor
/mnt/scratch2/q13camb_scratch/perovskites/installation_stuff/grace/lib/python3.11/site-packages/ase/filters.py:600: RuntimeWarning: logm result may be inaccurate, approximate err = 2.9431321201657536e-13
  pos[natoms:] = self.logm(pos[natoms:]) * self.exp_cell_factor
/mnt/scratch2/q13camb_scratch/perovskites/installation_stuff/grace/lib/python3.11/site-packages/ase/filters.py:600: RuntimeWarning: logm result may be inaccurate, approximate err = 2.951093014878917e-13
  pos[natoms:] = self.logm(pos[natoms:]) * self.exp_cell_factor
/mnt/scratch2/q13camb_scratch/perovskites/installation_stuff/grace/lib/python3.11/site-packages/ase/filters.py:600: RuntimeWarning: logm result may be inaccurate, approximate err = 2.967026118147326e-13
  pos[natoms:] = self.logm(pos[natoms:]) * self.exp_cell_factor
/mnt/scratch2/q13camb_scratch/perovskites/installation_stuff/grace/lib/python3.11/site-packages/ase/filters.py:600: RuntimeWarning: logm result may be inaccurate, approximate err = 2.9379739034303024e-13
  pos[natoms:] = self.logm(pos[natoms:]) * self.exp_cell_factor
/mnt/scratch2/q13camb_scratch/perovskites/installation_stuff/grace/lib/python3.11/site-packages/ase/filters.py:600: RuntimeWarning: logm result may be inaccurate, approximate err = 2.9207391978720464e-13
  pos[natoms:] = self.logm(pos[natoms:]) * self.exp_cell_factor
/mnt/scratch2/q13camb_scratch/perovskites/installation_stuff/grace/lib/python3.11/site-packages/ase/filters.py:600: RuntimeWarning: logm result may be inaccurate, approximate err = 2.95325898959333e-13
  pos[natoms:] = self.logm(pos[natoms:]) * self.exp_cell_factor
/mnt/scratch2/q13camb_scratch/perovskites/installation_stuff/grace/lib/python3.11/site-packages/ase/filters.py:600: RuntimeWarning: logm result may be inaccurate, approximate err = 2.9361775171716003e-13
  pos[natoms:] = self.logm(pos[natoms:]) * self.exp_cell_factor
/mnt/scratch2/q13camb_scratch/perovskites/installation_stuff/grace/lib/python3.11/site-packages/ase/filters.py:600: RuntimeWarning: logm result may be inaccurate, approximate err = 2.926204780354331e-13
  pos[natoms:] = self.logm(pos[natoms:]) * self.exp_cell_factor
/mnt/scratch2/q13camb_scratch/perovskites/installation_stuff/grace/lib/python3.11/site-packages/ase/filters.py:600: RuntimeWarning: logm result may be inaccurate, approximate err = 2.973766709628403e-13
  pos[natoms:] = self.logm(pos[natoms:]) * self.exp_cell_factor
/mnt/scratch2/q13camb_scratch/perovskites/installation_stuff/grace/lib/python3.11/site-packages/ase/filters.py:600: RuntimeWarning: logm result may be inaccurate, approximate err = 2.927963338846156e-13
  pos[natoms:] = self.logm(pos[natoms:]) * self.exp_cell_factor
