[38;5;127mapps[0m/[38;5;172manaconda3[0m/[38;5;67m2024.06[0m/[38;5;68mbin[0m
 |
 [0;32mOK[0m
2025-02-01 18:51:21.373571: I external/local_tsl/tsl/cuda/cudart_stub.cc:32] Could not find cuda drivers on your machine, GPU will not be used.
2025-02-01 18:51:21.377046: I external/local_tsl/tsl/cuda/cudart_stub.cc:32] Could not find cuda drivers on your machine, GPU will not be used.
2025-02-01 18:51:21.389297: E external/local_xla/xla/stream_executor/cuda/cuda_fft.cc:479] Unable to register cuFFT factory: Attempting to register factory for plugin cuFFT when one has already been registered
2025-02-01 18:51:21.413128: E external/local_xla/xla/stream_executor/cuda/cuda_dnn.cc:10575] Unable to register cuDNN factory: Attempting to register factory for plugin cuDNN when one has already been registered
2025-02-01 18:51:21.413186: E external/local_xla/xla/stream_executor/cuda/cuda_blas.cc:1442] Unable to register cuBLAS factory: Attempting to register factory for plugin cuBLAS when one has already been registered
2025-02-01 18:51:21.428095: I tensorflow/core/platform/cpu_feature_guard.cc:210] This TensorFlow binary is optimized to use available CPU instructions in performance-critical operations.
To enable the following instructions: AVX2 FMA, in other operations, rebuild TensorFlow with the appropriate compiler flags.
2025-02-01 18:51:22.712422: W tensorflow/compiler/tf2tensorrt/utils/py_utils.cc:38] TF-TRT Warning: Could not find TensorRT
/mnt/scratch2/q13camb_scratch/perovskites/installation_stuff/grace/lib/python3.11/site-packages/ase/io/cif.py:408: UserWarning: crystal system 'cubic' is not interpreted for space group Spacegroup(221, setting=1). This may result in wrong setting!
  warnings.warn(
/mnt/scratch2/q13camb_scratch/perovskites/installation_stuff/grace/lib/python3.11/site-packages/numpy/core/fromnumeric.py:59: FutureWarning: 'DataFrame.swapaxes' is deprecated and will be removed in a future version. Please use 'DataFrame.transpose' instead.
  return bound(*args, **kwds)
/mnt/scratch2/q13camb_scratch/perovskites/installation_stuff/grace/lib/python3.11/site-packages/numpy/core/fromnumeric.py:59: FutureWarning: 'DataFrame.swapaxes' is deprecated and will be removed in a future version. Please use 'DataFrame.transpose' instead.
  return bound(*args, **kwds)
WARNING: All log messages before absl::InitializeLog() is called are written to STDERR
I0000 00:00:1738435887.511643 2050011 service.cc:145] XLA service 0x10540ca0 initialized for platform Host (this does not guarantee that XLA will be used). Devices:
I0000 00:00:1738435887.511751 2050011 service.cc:153]   StreamExecutor device (0): Host, Default Version
2025-02-01 18:51:27.992132: I tensorflow/compiler/mlir/tensorflow/utils/dump_mlir_util.cc:268] disabling MLIR crash reproducer, set env var `MLIR_CRASH_REPRODUCER_DIRECTORY` to enable.
I0000 00:00:1738435896.782910 2050011 device_compiler.h:188] Compiled cluster using XLA!  This line is logged at most once for the lifetime of the process.
/mnt/scratch2/q13camb_scratch/perovskites/installation_stuff/grace/lib/python3.11/site-packages/numpy/core/fromnumeric.py:59: FutureWarning: 'DataFrame.swapaxes' is deprecated and will be removed in a future version. Please use 'DataFrame.transpose' instead.
  return bound(*args, **kwds)
/mnt/scratch2/q13camb_scratch/perovskites/installation_stuff/grace/lib/python3.11/site-packages/ase/filters.py:600: RuntimeWarning: logm result may be inaccurate, approximate err = 2.734442566658954e-13
  pos[natoms:] = self.logm(pos[natoms:]) * self.exp_cell_factor
/mnt/scratch2/q13camb_scratch/perovskites/installation_stuff/grace/lib/python3.11/site-packages/numpy/core/fromnumeric.py:59: FutureWarning: 'DataFrame.swapaxes' is deprecated and will be removed in a future version. Please use 'DataFrame.transpose' instead.
  return bound(*args, **kwds)
/mnt/scratch2/q13camb_scratch/perovskites/installation_stuff/grace/lib/python3.11/site-packages/ase/filters.py:600: RuntimeWarning: logm result may be inaccurate, approximate err = 2.7575186406114026e-13
  pos[natoms:] = self.logm(pos[natoms:]) * self.exp_cell_factor
/mnt/scratch2/q13camb_scratch/perovskites/installation_stuff/grace/lib/python3.11/site-packages/numpy/core/fromnumeric.py:59: FutureWarning: 'DataFrame.swapaxes' is deprecated and will be removed in a future version. Please use 'DataFrame.transpose' instead.
  return bound(*args, **kwds)
/mnt/scratch2/q13camb_scratch/perovskites/installation_stuff/grace/lib/python3.11/site-packages/ase/filters.py:600: RuntimeWarning: logm result may be inaccurate, approximate err = 2.773643408457447e-13
  pos[natoms:] = self.logm(pos[natoms:]) * self.exp_cell_factor
/mnt/scratch2/q13camb_scratch/perovskites/installation_stuff/grace/lib/python3.11/site-packages/numpy/core/fromnumeric.py:59: FutureWarning: 'DataFrame.swapaxes' is deprecated and will be removed in a future version. Please use 'DataFrame.transpose' instead.
  return bound(*args, **kwds)
/mnt/scratch2/q13camb_scratch/perovskites/installation_stuff/grace/lib/python3.11/site-packages/ase/filters.py:600: RuntimeWarning: logm result may be inaccurate, approximate err = 2.7556443688695877e-13
  pos[natoms:] = self.logm(pos[natoms:]) * self.exp_cell_factor
/mnt/scratch2/q13camb_scratch/perovskites/installation_stuff/grace/lib/python3.11/site-packages/numpy/core/fromnumeric.py:59: FutureWarning: 'DataFrame.swapaxes' is deprecated and will be removed in a future version. Please use 'DataFrame.transpose' instead.
  return bound(*args, **kwds)
/mnt/scratch2/q13camb_scratch/perovskites/installation_stuff/grace/lib/python3.11/site-packages/ase/filters.py:600: RuntimeWarning: logm result may be inaccurate, approximate err = 2.7318743645521207e-13
  pos[natoms:] = self.logm(pos[natoms:]) * self.exp_cell_factor
/mnt/scratch2/q13camb_scratch/perovskites/installation_stuff/grace/lib/python3.11/site-packages/numpy/core/fromnumeric.py:59: FutureWarning: 'DataFrame.swapaxes' is deprecated and will be removed in a future version. Please use 'DataFrame.transpose' instead.
  return bound(*args, **kwds)
/mnt/scratch2/q13camb_scratch/perovskites/installation_stuff/grace/lib/python3.11/site-packages/ase/filters.py:600: RuntimeWarning: logm result may be inaccurate, approximate err = 2.745695109455937e-13
  pos[natoms:] = self.logm(pos[natoms:]) * self.exp_cell_factor
/mnt/scratch2/q13camb_scratch/perovskites/installation_stuff/grace/lib/python3.11/site-packages/numpy/core/fromnumeric.py:59: FutureWarning: 'DataFrame.swapaxes' is deprecated and will be removed in a future version. Please use 'DataFrame.transpose' instead.
  return bound(*args, **kwds)
/mnt/scratch2/q13camb_scratch/perovskites/installation_stuff/grace/lib/python3.11/site-packages/ase/filters.py:600: RuntimeWarning: logm result may be inaccurate, approximate err = 2.768227276289923e-13
  pos[natoms:] = self.logm(pos[natoms:]) * self.exp_cell_factor
/mnt/scratch2/q13camb_scratch/perovskites/installation_stuff/grace/lib/python3.11/site-packages/numpy/core/fromnumeric.py:59: FutureWarning: 'DataFrame.swapaxes' is deprecated and will be removed in a future version. Please use 'DataFrame.transpose' instead.
  return bound(*args, **kwds)
/mnt/scratch2/q13camb_scratch/perovskites/installation_stuff/grace/lib/python3.11/site-packages/ase/filters.py:600: RuntimeWarning: logm result may be inaccurate, approximate err = 2.703783293883518e-13
  pos[natoms:] = self.logm(pos[natoms:]) * self.exp_cell_factor
/mnt/scratch2/q13camb_scratch/perovskites/installation_stuff/grace/lib/python3.11/site-packages/numpy/core/fromnumeric.py:59: FutureWarning: 'DataFrame.swapaxes' is deprecated and will be removed in a future version. Please use 'DataFrame.transpose' instead.
  return bound(*args, **kwds)
/mnt/scratch2/q13camb_scratch/perovskites/installation_stuff/grace/lib/python3.11/site-packages/ase/filters.py:600: RuntimeWarning: logm result may be inaccurate, approximate err = 2.6960131660680057e-13
  pos[natoms:] = self.logm(pos[natoms:]) * self.exp_cell_factor
/mnt/scratch2/q13camb_scratch/perovskites/installation_stuff/grace/lib/python3.11/site-packages/numpy/core/fromnumeric.py:59: FutureWarning: 'DataFrame.swapaxes' is deprecated and will be removed in a future version. Please use 'DataFrame.transpose' instead.
  return bound(*args, **kwds)
/mnt/scratch2/q13camb_scratch/perovskites/installation_stuff/grace/lib/python3.11/site-packages/ase/filters.py:600: RuntimeWarning: logm result may be inaccurate, approximate err = 2.755482992747987e-13
  pos[natoms:] = self.logm(pos[natoms:]) * self.exp_cell_factor
/mnt/scratch2/q13camb_scratch/perovskites/installation_stuff/grace/lib/python3.11/site-packages/numpy/core/fromnumeric.py:59: FutureWarning: 'DataFrame.swapaxes' is deprecated and will be removed in a future version. Please use 'DataFrame.transpose' instead.
  return bound(*args, **kwds)
/mnt/scratch2/q13camb_scratch/perovskites/installation_stuff/grace/lib/python3.11/site-packages/ase/filters.py:600: RuntimeWarning: logm result may be inaccurate, approximate err = 2.7411686717174127e-13
  pos[natoms:] = self.logm(pos[natoms:]) * self.exp_cell_factor
/mnt/scratch2/q13camb_scratch/perovskites/installation_stuff/grace/lib/python3.11/site-packages/numpy/core/fromnumeric.py:59: FutureWarning: 'DataFrame.swapaxes' is deprecated and will be removed in a future version. Please use 'DataFrame.transpose' instead.
  return bound(*args, **kwds)
/mnt/scratch2/q13camb_scratch/perovskites/installation_stuff/grace/lib/python3.11/site-packages/ase/filters.py:600: RuntimeWarning: logm result may be inaccurate, approximate err = 2.774732509569258e-13
  pos[natoms:] = self.logm(pos[natoms:]) * self.exp_cell_factor
/mnt/scratch2/q13camb_scratch/perovskites/installation_stuff/grace/lib/python3.11/site-packages/numpy/core/fromnumeric.py:59: FutureWarning: 'DataFrame.swapaxes' is deprecated and will be removed in a future version. Please use 'DataFrame.transpose' instead.
  return bound(*args, **kwds)
/mnt/scratch2/q13camb_scratch/perovskites/installation_stuff/grace/lib/python3.11/site-packages/ase/filters.py:600: RuntimeWarning: logm result may be inaccurate, approximate err = 2.797975960468232e-13
  pos[natoms:] = self.logm(pos[natoms:]) * self.exp_cell_factor
/mnt/scratch2/q13camb_scratch/perovskites/installation_stuff/grace/lib/python3.11/site-packages/numpy/core/fromnumeric.py:59: FutureWarning: 'DataFrame.swapaxes' is deprecated and will be removed in a future version. Please use 'DataFrame.transpose' instead.
  return bound(*args, **kwds)
/mnt/scratch2/q13camb_scratch/perovskites/installation_stuff/grace/lib/python3.11/site-packages/ase/filters.py:600: RuntimeWarning: logm result may be inaccurate, approximate err = 2.7876054033588026e-13
  pos[natoms:] = self.logm(pos[natoms:]) * self.exp_cell_factor
/mnt/scratch2/q13camb_scratch/perovskites/installation_stuff/grace/lib/python3.11/site-packages/numpy/core/fromnumeric.py:59: FutureWarning: 'DataFrame.swapaxes' is deprecated and will be removed in a future version. Please use 'DataFrame.transpose' instead.
  return bound(*args, **kwds)
/mnt/scratch2/q13camb_scratch/perovskites/installation_stuff/grace/lib/python3.11/site-packages/ase/filters.py:600: RuntimeWarning: logm result may be inaccurate, approximate err = 2.7853173162629843e-13
  pos[natoms:] = self.logm(pos[natoms:]) * self.exp_cell_factor
/mnt/scratch2/q13camb_scratch/perovskites/installation_stuff/grace/lib/python3.11/site-packages/numpy/core/fromnumeric.py:59: FutureWarning: 'DataFrame.swapaxes' is deprecated and will be removed in a future version. Please use 'DataFrame.transpose' instead.
  return bound(*args, **kwds)
/mnt/scratch2/q13camb_scratch/perovskites/installation_stuff/grace/lib/python3.11/site-packages/ase/filters.py:600: RuntimeWarning: logm result may be inaccurate, approximate err = 2.7949296009389124e-13
  pos[natoms:] = self.logm(pos[natoms:]) * self.exp_cell_factor
/mnt/scratch2/q13camb_scratch/perovskites/installation_stuff/grace/lib/python3.11/site-packages/numpy/core/fromnumeric.py:59: FutureWarning: 'DataFrame.swapaxes' is deprecated and will be removed in a future version. Please use 'DataFrame.transpose' instead.
  return bound(*args, **kwds)
/mnt/scratch2/q13camb_scratch/perovskites/installation_stuff/grace/lib/python3.11/site-packages/ase/filters.py:600: RuntimeWarning: logm result may be inaccurate, approximate err = 2.76075266353302e-13
  pos[natoms:] = self.logm(pos[natoms:]) * self.exp_cell_factor
/mnt/scratch2/q13camb_scratch/perovskites/installation_stuff/grace/lib/python3.11/site-packages/numpy/core/fromnumeric.py:59: FutureWarning: 'DataFrame.swapaxes' is deprecated and will be removed in a future version. Please use 'DataFrame.transpose' instead.
  return bound(*args, **kwds)
/mnt/scratch2/q13camb_scratch/perovskites/installation_stuff/grace/lib/python3.11/site-packages/ase/filters.py:600: RuntimeWarning: logm result may be inaccurate, approximate err = 2.7959284701938947e-13
  pos[natoms:] = self.logm(pos[natoms:]) * self.exp_cell_factor
/mnt/scratch2/q13camb_scratch/perovskites/installation_stuff/grace/lib/python3.11/site-packages/numpy/core/fromnumeric.py:59: FutureWarning: 'DataFrame.swapaxes' is deprecated and will be removed in a future version. Please use 'DataFrame.transpose' instead.
  return bound(*args, **kwds)
/mnt/scratch2/q13camb_scratch/perovskites/installation_stuff/grace/lib/python3.11/site-packages/ase/filters.py:600: RuntimeWarning: logm result may be inaccurate, approximate err = 2.7824567800216245e-13
  pos[natoms:] = self.logm(pos[natoms:]) * self.exp_cell_factor
/mnt/scratch2/q13camb_scratch/perovskites/installation_stuff/grace/lib/python3.11/site-packages/numpy/core/fromnumeric.py:59: FutureWarning: 'DataFrame.swapaxes' is deprecated and will be removed in a future version. Please use 'DataFrame.transpose' instead.
  return bound(*args, **kwds)
/mnt/scratch2/q13camb_scratch/perovskites/installation_stuff/grace/lib/python3.11/site-packages/ase/filters.py:600: RuntimeWarning: logm result may be inaccurate, approximate err = 2.764373517386839e-13
  pos[natoms:] = self.logm(pos[natoms:]) * self.exp_cell_factor
/mnt/scratch2/q13camb_scratch/perovskites/installation_stuff/grace/lib/python3.11/site-packages/numpy/core/fromnumeric.py:59: FutureWarning: 'DataFrame.swapaxes' is deprecated and will be removed in a future version. Please use 'DataFrame.transpose' instead.
  return bound(*args, **kwds)
/mnt/scratch2/q13camb_scratch/perovskites/installation_stuff/grace/lib/python3.11/site-packages/ase/filters.py:600: RuntimeWarning: logm result may be inaccurate, approximate err = 2.8230247793327745e-13
  pos[natoms:] = self.logm(pos[natoms:]) * self.exp_cell_factor
/mnt/scratch2/q13camb_scratch/perovskites/installation_stuff/grace/lib/python3.11/site-packages/numpy/core/fromnumeric.py:59: FutureWarning: 'DataFrame.swapaxes' is deprecated and will be removed in a future version. Please use 'DataFrame.transpose' instead.
  return bound(*args, **kwds)
/mnt/scratch2/q13camb_scratch/perovskites/installation_stuff/grace/lib/python3.11/site-packages/ase/filters.py:600: RuntimeWarning: logm result may be inaccurate, approximate err = 2.7896747037904136e-13
  pos[natoms:] = self.logm(pos[natoms:]) * self.exp_cell_factor
/mnt/scratch2/q13camb_scratch/perovskites/installation_stuff/grace/lib/python3.11/site-packages/numpy/core/fromnumeric.py:59: FutureWarning: 'DataFrame.swapaxes' is deprecated and will be removed in a future version. Please use 'DataFrame.transpose' instead.
  return bound(*args, **kwds)
/mnt/scratch2/q13camb_scratch/perovskites/installation_stuff/grace/lib/python3.11/site-packages/ase/filters.py:600: RuntimeWarning: logm result may be inaccurate, approximate err = 2.748883403820785e-13
  pos[natoms:] = self.logm(pos[natoms:]) * self.exp_cell_factor
/mnt/scratch2/q13camb_scratch/perovskites/installation_stuff/grace/lib/python3.11/site-packages/numpy/core/fromnumeric.py:59: FutureWarning: 'DataFrame.swapaxes' is deprecated and will be removed in a future version. Please use 'DataFrame.transpose' instead.
  return bound(*args, **kwds)
/mnt/scratch2/q13camb_scratch/perovskites/installation_stuff/grace/lib/python3.11/site-packages/ase/filters.py:600: RuntimeWarning: logm result may be inaccurate, approximate err = 2.791375604951391e-13
  pos[natoms:] = self.logm(pos[natoms:]) * self.exp_cell_factor
/mnt/scratch2/q13camb_scratch/perovskites/installation_stuff/grace/lib/python3.11/site-packages/numpy/core/fromnumeric.py:59: FutureWarning: 'DataFrame.swapaxes' is deprecated and will be removed in a future version. Please use 'DataFrame.transpose' instead.
  return bound(*args, **kwds)
/mnt/scratch2/q13camb_scratch/perovskites/installation_stuff/grace/lib/python3.11/site-packages/ase/filters.py:600: RuntimeWarning: logm result may be inaccurate, approximate err = 2.775983337862285e-13
  pos[natoms:] = self.logm(pos[natoms:]) * self.exp_cell_factor
/mnt/scratch2/q13camb_scratch/perovskites/installation_stuff/grace/lib/python3.11/site-packages/numpy/core/fromnumeric.py:59: FutureWarning: 'DataFrame.swapaxes' is deprecated and will be removed in a future version. Please use 'DataFrame.transpose' instead.
  return bound(*args, **kwds)
/mnt/scratch2/q13camb_scratch/perovskites/installation_stuff/grace/lib/python3.11/site-packages/ase/filters.py:600: RuntimeWarning: logm result may be inaccurate, approximate err = 2.7956016194598813e-13
  pos[natoms:] = self.logm(pos[natoms:]) * self.exp_cell_factor
/mnt/scratch2/q13camb_scratch/perovskites/installation_stuff/grace/lib/python3.11/site-packages/numpy/core/fromnumeric.py:59: FutureWarning: 'DataFrame.swapaxes' is deprecated and will be removed in a future version. Please use 'DataFrame.transpose' instead.
  return bound(*args, **kwds)
/mnt/scratch2/q13camb_scratch/perovskites/installation_stuff/grace/lib/python3.11/site-packages/ase/filters.py:600: RuntimeWarning: logm result may be inaccurate, approximate err = 2.751039571440988e-13
  pos[natoms:] = self.logm(pos[natoms:]) * self.exp_cell_factor
/mnt/scratch2/q13camb_scratch/perovskites/installation_stuff/grace/lib/python3.11/site-packages/numpy/core/fromnumeric.py:59: FutureWarning: 'DataFrame.swapaxes' is deprecated and will be removed in a future version. Please use 'DataFrame.transpose' instead.
  return bound(*args, **kwds)
/mnt/scratch2/q13camb_scratch/perovskites/installation_stuff/grace/lib/python3.11/site-packages/ase/filters.py:600: RuntimeWarning: logm result may be inaccurate, approximate err = 2.7606696313106476e-13
  pos[natoms:] = self.logm(pos[natoms:]) * self.exp_cell_factor
/mnt/scratch2/q13camb_scratch/perovskites/installation_stuff/grace/lib/python3.11/site-packages/numpy/core/fromnumeric.py:59: FutureWarning: 'DataFrame.swapaxes' is deprecated and will be removed in a future version. Please use 'DataFrame.transpose' instead.
  return bound(*args, **kwds)
/mnt/scratch2/q13camb_scratch/perovskites/installation_stuff/grace/lib/python3.11/site-packages/ase/filters.py:600: RuntimeWarning: logm result may be inaccurate, approximate err = 2.7518905560986643e-13
  pos[natoms:] = self.logm(pos[natoms:]) * self.exp_cell_factor
/mnt/scratch2/q13camb_scratch/perovskites/installation_stuff/grace/lib/python3.11/site-packages/numpy/core/fromnumeric.py:59: FutureWarning: 'DataFrame.swapaxes' is deprecated and will be removed in a future version. Please use 'DataFrame.transpose' instead.
  return bound(*args, **kwds)
/mnt/scratch2/q13camb_scratch/perovskites/installation_stuff/grace/lib/python3.11/site-packages/ase/filters.py:600: RuntimeWarning: logm result may be inaccurate, approximate err = 2.7999461485885005e-13
  pos[natoms:] = self.logm(pos[natoms:]) * self.exp_cell_factor
/mnt/scratch2/q13camb_scratch/perovskites/installation_stuff/grace/lib/python3.11/site-packages/numpy/core/fromnumeric.py:59: FutureWarning: 'DataFrame.swapaxes' is deprecated and will be removed in a future version. Please use 'DataFrame.transpose' instead.
  return bound(*args, **kwds)
/mnt/scratch2/q13camb_scratch/perovskites/installation_stuff/grace/lib/python3.11/site-packages/ase/filters.py:600: RuntimeWarning: logm result may be inaccurate, approximate err = 2.759861102689128e-13
  pos[natoms:] = self.logm(pos[natoms:]) * self.exp_cell_factor
/mnt/scratch2/q13camb_scratch/perovskites/installation_stuff/grace/lib/python3.11/site-packages/numpy/core/fromnumeric.py:59: FutureWarning: 'DataFrame.swapaxes' is deprecated and will be removed in a future version. Please use 'DataFrame.transpose' instead.
  return bound(*args, **kwds)
/mnt/scratch2/q13camb_scratch/perovskites/installation_stuff/grace/lib/python3.11/site-packages/ase/filters.py:600: RuntimeWarning: logm result may be inaccurate, approximate err = 2.749198178156215e-13
  pos[natoms:] = self.logm(pos[natoms:]) * self.exp_cell_factor
/mnt/scratch2/q13camb_scratch/perovskites/installation_stuff/grace/lib/python3.11/site-packages/numpy/core/fromnumeric.py:59: FutureWarning: 'DataFrame.swapaxes' is deprecated and will be removed in a future version. Please use 'DataFrame.transpose' instead.
  return bound(*args, **kwds)
/mnt/scratch2/q13camb_scratch/perovskites/installation_stuff/grace/lib/python3.11/site-packages/ase/filters.py:600: RuntimeWarning: logm result may be inaccurate, approximate err = 2.7711283888615093e-13
  pos[natoms:] = self.logm(pos[natoms:]) * self.exp_cell_factor
/mnt/scratch2/q13camb_scratch/perovskites/installation_stuff/grace/lib/python3.11/site-packages/numpy/core/fromnumeric.py:59: FutureWarning: 'DataFrame.swapaxes' is deprecated and will be removed in a future version. Please use 'DataFrame.transpose' instead.
  return bound(*args, **kwds)
/mnt/scratch2/q13camb_scratch/perovskites/installation_stuff/grace/lib/python3.11/site-packages/ase/filters.py:600: RuntimeWarning: logm result may be inaccurate, approximate err = 2.7977805645984037e-13
  pos[natoms:] = self.logm(pos[natoms:]) * self.exp_cell_factor
/mnt/scratch2/q13camb_scratch/perovskites/installation_stuff/grace/lib/python3.11/site-packages/numpy/core/fromnumeric.py:59: FutureWarning: 'DataFrame.swapaxes' is deprecated and will be removed in a future version. Please use 'DataFrame.transpose' instead.
  return bound(*args, **kwds)
/mnt/scratch2/q13camb_scratch/perovskites/installation_stuff/grace/lib/python3.11/site-packages/ase/filters.py:600: RuntimeWarning: logm result may be inaccurate, approximate err = 2.815751388741948e-13
  pos[natoms:] = self.logm(pos[natoms:]) * self.exp_cell_factor
/mnt/scratch2/q13camb_scratch/perovskites/installation_stuff/grace/lib/python3.11/site-packages/numpy/core/fromnumeric.py:59: FutureWarning: 'DataFrame.swapaxes' is deprecated and will be removed in a future version. Please use 'DataFrame.transpose' instead.
  return bound(*args, **kwds)
/mnt/scratch2/q13camb_scratch/perovskites/installation_stuff/grace/lib/python3.11/site-packages/ase/filters.py:600: RuntimeWarning: logm result may be inaccurate, approximate err = 2.7712411813266415e-13
  pos[natoms:] = self.logm(pos[natoms:]) * self.exp_cell_factor
/mnt/scratch2/q13camb_scratch/perovskites/installation_stuff/grace/lib/python3.11/site-packages/numpy/core/fromnumeric.py:59: FutureWarning: 'DataFrame.swapaxes' is deprecated and will be removed in a future version. Please use 'DataFrame.transpose' instead.
  return bound(*args, **kwds)
/mnt/scratch2/q13camb_scratch/perovskites/installation_stuff/grace/lib/python3.11/site-packages/ase/filters.py:600: RuntimeWarning: logm result may be inaccurate, approximate err = 2.797213291425241e-13
  pos[natoms:] = self.logm(pos[natoms:]) * self.exp_cell_factor
/mnt/scratch2/q13camb_scratch/perovskites/installation_stuff/grace/lib/python3.11/site-packages/numpy/core/fromnumeric.py:59: FutureWarning: 'DataFrame.swapaxes' is deprecated and will be removed in a future version. Please use 'DataFrame.transpose' instead.
  return bound(*args, **kwds)
/mnt/scratch2/q13camb_scratch/perovskites/installation_stuff/grace/lib/python3.11/site-packages/ase/filters.py:600: RuntimeWarning: logm result may be inaccurate, approximate err = 2.8183127624721605e-13
  pos[natoms:] = self.logm(pos[natoms:]) * self.exp_cell_factor
/mnt/scratch2/q13camb_scratch/perovskites/installation_stuff/grace/lib/python3.11/site-packages/numpy/core/fromnumeric.py:59: FutureWarning: 'DataFrame.swapaxes' is deprecated and will be removed in a future version. Please use 'DataFrame.transpose' instead.
  return bound(*args, **kwds)
/mnt/scratch2/q13camb_scratch/perovskites/installation_stuff/grace/lib/python3.11/site-packages/ase/filters.py:600: RuntimeWarning: logm result may be inaccurate, approximate err = 2.7923369845543183e-13
  pos[natoms:] = self.logm(pos[natoms:]) * self.exp_cell_factor
/mnt/scratch2/q13camb_scratch/perovskites/installation_stuff/grace/lib/python3.11/site-packages/numpy/core/fromnumeric.py:59: FutureWarning: 'DataFrame.swapaxes' is deprecated and will be removed in a future version. Please use 'DataFrame.transpose' instead.
  return bound(*args, **kwds)
/mnt/scratch2/q13camb_scratch/perovskites/installation_stuff/grace/lib/python3.11/site-packages/ase/filters.py:600: RuntimeWarning: logm result may be inaccurate, approximate err = 2.7596756827576873e-13
  pos[natoms:] = self.logm(pos[natoms:]) * self.exp_cell_factor
/mnt/scratch2/q13camb_scratch/perovskites/installation_stuff/grace/lib/python3.11/site-packages/numpy/core/fromnumeric.py:59: FutureWarning: 'DataFrame.swapaxes' is deprecated and will be removed in a future version. Please use 'DataFrame.transpose' instead.
  return bound(*args, **kwds)
/mnt/scratch2/q13camb_scratch/perovskites/installation_stuff/grace/lib/python3.11/site-packages/ase/filters.py:600: RuntimeWarning: logm result may be inaccurate, approximate err = 2.7572049625195477e-13
  pos[natoms:] = self.logm(pos[natoms:]) * self.exp_cell_factor
/mnt/scratch2/q13camb_scratch/perovskites/installation_stuff/grace/lib/python3.11/site-packages/numpy/core/fromnumeric.py:59: FutureWarning: 'DataFrame.swapaxes' is deprecated and will be removed in a future version. Please use 'DataFrame.transpose' instead.
  return bound(*args, **kwds)
/mnt/scratch2/q13camb_scratch/perovskites/installation_stuff/grace/lib/python3.11/site-packages/ase/filters.py:600: RuntimeWarning: logm result may be inaccurate, approximate err = 2.7661448291164993e-13
  pos[natoms:] = self.logm(pos[natoms:]) * self.exp_cell_factor
/mnt/scratch2/q13camb_scratch/perovskites/installation_stuff/grace/lib/python3.11/site-packages/numpy/core/fromnumeric.py:59: FutureWarning: 'DataFrame.swapaxes' is deprecated and will be removed in a future version. Please use 'DataFrame.transpose' instead.
  return bound(*args, **kwds)
/mnt/scratch2/q13camb_scratch/perovskites/installation_stuff/grace/lib/python3.11/site-packages/ase/filters.py:600: RuntimeWarning: logm result may be inaccurate, approximate err = 2.7969335860974753e-13
  pos[natoms:] = self.logm(pos[natoms:]) * self.exp_cell_factor
/mnt/scratch2/q13camb_scratch/perovskites/installation_stuff/grace/lib/python3.11/site-packages/numpy/core/fromnumeric.py:59: FutureWarning: 'DataFrame.swapaxes' is deprecated and will be removed in a future version. Please use 'DataFrame.transpose' instead.
  return bound(*args, **kwds)
/mnt/scratch2/q13camb_scratch/perovskites/installation_stuff/grace/lib/python3.11/site-packages/ase/filters.py:600: RuntimeWarning: logm result may be inaccurate, approximate err = 2.7432020342973467e-13
  pos[natoms:] = self.logm(pos[natoms:]) * self.exp_cell_factor
/mnt/scratch2/q13camb_scratch/perovskites/installation_stuff/grace/lib/python3.11/site-packages/numpy/core/fromnumeric.py:59: FutureWarning: 'DataFrame.swapaxes' is deprecated and will be removed in a future version. Please use 'DataFrame.transpose' instead.
  return bound(*args, **kwds)
/mnt/scratch2/q13camb_scratch/perovskites/installation_stuff/grace/lib/python3.11/site-packages/ase/filters.py:600: RuntimeWarning: logm result may be inaccurate, approximate err = 2.7521221223733326e-13
  pos[natoms:] = self.logm(pos[natoms:]) * self.exp_cell_factor
/mnt/scratch2/q13camb_scratch/perovskites/installation_stuff/grace/lib/python3.11/site-packages/numpy/core/fromnumeric.py:59: FutureWarning: 'DataFrame.swapaxes' is deprecated and will be removed in a future version. Please use 'DataFrame.transpose' instead.
  return bound(*args, **kwds)
/mnt/scratch2/q13camb_scratch/perovskites/installation_stuff/grace/lib/python3.11/site-packages/ase/filters.py:600: RuntimeWarning: logm result may be inaccurate, approximate err = 2.7794974941594107e-13
  pos[natoms:] = self.logm(pos[natoms:]) * self.exp_cell_factor
/mnt/scratch2/q13camb_scratch/perovskites/installation_stuff/grace/lib/python3.11/site-packages/numpy/core/fromnumeric.py:59: FutureWarning: 'DataFrame.swapaxes' is deprecated and will be removed in a future version. Please use 'DataFrame.transpose' instead.
  return bound(*args, **kwds)
/mnt/scratch2/q13camb_scratch/perovskites/installation_stuff/grace/lib/python3.11/site-packages/ase/filters.py:600: RuntimeWarning: logm result may be inaccurate, approximate err = 2.8210868919688423e-13
  pos[natoms:] = self.logm(pos[natoms:]) * self.exp_cell_factor
/mnt/scratch2/q13camb_scratch/perovskites/installation_stuff/grace/lib/python3.11/site-packages/numpy/core/fromnumeric.py:59: FutureWarning: 'DataFrame.swapaxes' is deprecated and will be removed in a future version. Please use 'DataFrame.transpose' instead.
  return bound(*args, **kwds)
/mnt/scratch2/q13camb_scratch/perovskites/installation_stuff/grace/lib/python3.11/site-packages/ase/filters.py:600: RuntimeWarning: logm result may be inaccurate, approximate err = 2.776435060415726e-13
  pos[natoms:] = self.logm(pos[natoms:]) * self.exp_cell_factor
/mnt/scratch2/q13camb_scratch/perovskites/installation_stuff/grace/lib/python3.11/site-packages/numpy/core/fromnumeric.py:59: FutureWarning: 'DataFrame.swapaxes' is deprecated and will be removed in a future version. Please use 'DataFrame.transpose' instead.
  return bound(*args, **kwds)
