[38;5;127mapps[0m/[38;5;172manaconda3[0m/[38;5;67m2024.06[0m/[38;5;68mbin[0m
 |
 [0;32mOK[0m
2025-02-05 15:10:58.302790: E external/local_xla/xla/stream_executor/cuda/cuda_fft.cc:479] Unable to register cuFFT factory: Attempting to register factory for plugin cuFFT when one has already been registered
2025-02-05 15:10:58.326104: E external/local_xla/xla/stream_executor/cuda/cuda_dnn.cc:10575] Unable to register cuDNN factory: Attempting to register factory for plugin cuDNN when one has already been registered
2025-02-05 15:10:58.326232: E external/local_xla/xla/stream_executor/cuda/cuda_blas.cc:1442] Unable to register cuBLAS factory: Attempting to register factory for plugin cuBLAS when one has already been registered
2025-02-05 15:10:58.341425: I tensorflow/core/platform/cpu_feature_guard.cc:210] This TensorFlow binary is optimized to use available CPU instructions in performance-critical operations.
To enable the following instructions: AVX2 FMA, in other operations, rebuild TensorFlow with the appropriate compiler flags.
2025-02-05 15:10:59.684994: W tensorflow/compiler/tf2tensorrt/utils/py_utils.cc:38] TF-TRT Warning: Could not find TensorRT
/mnt/scratch2/q13camb_scratch/perovskites/installation_stuff/grace/lib/python3.11/site-packages/ase/io/cif.py:408: UserWarning: crystal system 'cubic' is not interpreted for space group Spacegroup(221, setting=1). This may result in wrong setting!
  warnings.warn(
WARNING: All log messages before absl::InitializeLog() is called are written to STDERR
I0000 00:00:1738768265.202158 2402997 service.cc:145] XLA service 0x11313960 initialized for platform Host (this does not guarantee that XLA will be used). Devices:
I0000 00:00:1738768265.202399 2402997 service.cc:153]   StreamExecutor device (0): Host, Default Version
2025-02-05 15:11:05.693313: I tensorflow/compiler/mlir/tensorflow/utils/dump_mlir_util.cc:268] disabling MLIR crash reproducer, set env var `MLIR_CRASH_REPRODUCER_DIRECTORY` to enable.
I0000 00:00:1738768275.485596 2402997 device_compiler.h:188] Compiled cluster using XLA!  This line is logged at most once for the lifetime of the process.
/mnt/scratch2/q13camb_scratch/perovskites/installation_stuff/grace/lib/python3.11/site-packages/ase/filters.py:600: RuntimeWarning: logm result may be inaccurate, approximate err = 2.729993743096707e-13
  pos[natoms:] = self.logm(pos[natoms:]) * self.exp_cell_factor
/mnt/scratch2/q13camb_scratch/perovskites/installation_stuff/grace/lib/python3.11/site-packages/ase/filters.py:600: RuntimeWarning: logm result may be inaccurate, approximate err = 2.703111386056455e-13
  pos[natoms:] = self.logm(pos[natoms:]) * self.exp_cell_factor
/mnt/scratch2/q13camb_scratch/perovskites/installation_stuff/grace/lib/python3.11/site-packages/ase/filters.py:600: RuntimeWarning: logm result may be inaccurate, approximate err = 2.727469577115404e-13
  pos[natoms:] = self.logm(pos[natoms:]) * self.exp_cell_factor
/mnt/scratch2/q13camb_scratch/perovskites/installation_stuff/grace/lib/python3.11/site-packages/ase/filters.py:600: RuntimeWarning: logm result may be inaccurate, approximate err = 2.738171237809717e-13
  pos[natoms:] = self.logm(pos[natoms:]) * self.exp_cell_factor
/mnt/scratch2/q13camb_scratch/perovskites/installation_stuff/grace/lib/python3.11/site-packages/ase/filters.py:600: RuntimeWarning: logm result may be inaccurate, approximate err = 2.761459284845058e-13
  pos[natoms:] = self.logm(pos[natoms:]) * self.exp_cell_factor
/mnt/scratch2/q13camb_scratch/perovskites/installation_stuff/grace/lib/python3.11/site-packages/ase/filters.py:600: RuntimeWarning: logm result may be inaccurate, approximate err = 2.751620427499435e-13
  pos[natoms:] = self.logm(pos[natoms:]) * self.exp_cell_factor
/mnt/scratch2/q13camb_scratch/perovskites/installation_stuff/grace/lib/python3.11/site-packages/ase/filters.py:600: RuntimeWarning: logm result may be inaccurate, approximate err = 2.7442560517703836e-13
  pos[natoms:] = self.logm(pos[natoms:]) * self.exp_cell_factor
/mnt/scratch2/q13camb_scratch/perovskites/installation_stuff/grace/lib/python3.11/site-packages/ase/filters.py:600: RuntimeWarning: logm result may be inaccurate, approximate err = 2.7199947153315575e-13
  pos[natoms:] = self.logm(pos[natoms:]) * self.exp_cell_factor
/mnt/scratch2/q13camb_scratch/perovskites/installation_stuff/grace/lib/python3.11/site-packages/ase/filters.py:600: RuntimeWarning: logm result may be inaccurate, approximate err = 2.7515331762945354e-13
  pos[natoms:] = self.logm(pos[natoms:]) * self.exp_cell_factor
/mnt/scratch2/q13camb_scratch/perovskites/installation_stuff/grace/lib/python3.11/site-packages/ase/filters.py:600: RuntimeWarning: logm result may be inaccurate, approximate err = 2.737524963096151e-13
  pos[natoms:] = self.logm(pos[natoms:]) * self.exp_cell_factor
/mnt/scratch2/q13camb_scratch/perovskites/installation_stuff/grace/lib/python3.11/site-packages/ase/filters.py:600: RuntimeWarning: logm result may be inaccurate, approximate err = 2.6997788324182023e-13
  pos[natoms:] = self.logm(pos[natoms:]) * self.exp_cell_factor
/mnt/scratch2/q13camb_scratch/perovskites/installation_stuff/grace/lib/python3.11/site-packages/ase/filters.py:600: RuntimeWarning: logm result may be inaccurate, approximate err = 2.7636476082876217e-13
  pos[natoms:] = self.logm(pos[natoms:]) * self.exp_cell_factor
/mnt/scratch2/q13camb_scratch/perovskites/installation_stuff/grace/lib/python3.11/site-packages/ase/filters.py:600: RuntimeWarning: logm result may be inaccurate, approximate err = 2.7420508118023883e-13
  pos[natoms:] = self.logm(pos[natoms:]) * self.exp_cell_factor
/mnt/scratch2/q13camb_scratch/perovskites/installation_stuff/grace/lib/python3.11/site-packages/ase/filters.py:600: RuntimeWarning: logm result may be inaccurate, approximate err = 2.7868664456224035e-13
  pos[natoms:] = self.logm(pos[natoms:]) * self.exp_cell_factor
/mnt/scratch2/q13camb_scratch/perovskites/installation_stuff/grace/lib/python3.11/site-packages/ase/filters.py:600: RuntimeWarning: logm result may be inaccurate, approximate err = 2.772986884925245e-13
  pos[natoms:] = self.logm(pos[natoms:]) * self.exp_cell_factor
/mnt/scratch2/q13camb_scratch/perovskites/installation_stuff/grace/lib/python3.11/site-packages/ase/filters.py:600: RuntimeWarning: logm result may be inaccurate, approximate err = 2.7486249397041044e-13
  pos[natoms:] = self.logm(pos[natoms:]) * self.exp_cell_factor
/mnt/scratch2/q13camb_scratch/perovskites/installation_stuff/grace/lib/python3.11/site-packages/ase/filters.py:600: RuntimeWarning: logm result may be inaccurate, approximate err = 2.7923744909228507e-13
  pos[natoms:] = self.logm(pos[natoms:]) * self.exp_cell_factor
/mnt/scratch2/q13camb_scratch/perovskites/installation_stuff/grace/lib/python3.11/site-packages/ase/filters.py:600: RuntimeWarning: logm result may be inaccurate, approximate err = 2.814329438374351e-13
  pos[natoms:] = self.logm(pos[natoms:]) * self.exp_cell_factor
/mnt/scratch2/q13camb_scratch/perovskites/installation_stuff/grace/lib/python3.11/site-packages/ase/filters.py:600: RuntimeWarning: logm result may be inaccurate, approximate err = 2.8061997218677803e-13
  pos[natoms:] = self.logm(pos[natoms:]) * self.exp_cell_factor
/mnt/scratch2/q13camb_scratch/perovskites/installation_stuff/grace/lib/python3.11/site-packages/ase/filters.py:600: RuntimeWarning: logm result may be inaccurate, approximate err = 2.829648960802011e-13
  pos[natoms:] = self.logm(pos[natoms:]) * self.exp_cell_factor
/mnt/scratch2/q13camb_scratch/perovskites/installation_stuff/grace/lib/python3.11/site-packages/ase/filters.py:600: RuntimeWarning: logm result may be inaccurate, approximate err = 2.8093518883504407e-13
  pos[natoms:] = self.logm(pos[natoms:]) * self.exp_cell_factor
/mnt/scratch2/q13camb_scratch/perovskites/installation_stuff/grace/lib/python3.11/site-packages/ase/filters.py:600: RuntimeWarning: logm result may be inaccurate, approximate err = 2.824923162314674e-13
  pos[natoms:] = self.logm(pos[natoms:]) * self.exp_cell_factor
/mnt/scratch2/q13camb_scratch/perovskites/installation_stuff/grace/lib/python3.11/site-packages/ase/filters.py:600: RuntimeWarning: logm result may be inaccurate, approximate err = 2.841316301515329e-13
  pos[natoms:] = self.logm(pos[natoms:]) * self.exp_cell_factor
/mnt/scratch2/q13camb_scratch/perovskites/installation_stuff/grace/lib/python3.11/site-packages/ase/filters.py:600: RuntimeWarning: logm result may be inaccurate, approximate err = 2.806669003657434e-13
  pos[natoms:] = self.logm(pos[natoms:]) * self.exp_cell_factor
/mnt/scratch2/q13camb_scratch/perovskites/installation_stuff/grace/lib/python3.11/site-packages/ase/filters.py:600: RuntimeWarning: logm result may be inaccurate, approximate err = 2.81331378191601e-13
  pos[natoms:] = self.logm(pos[natoms:]) * self.exp_cell_factor
/mnt/scratch2/q13camb_scratch/perovskites/installation_stuff/grace/lib/python3.11/site-packages/ase/filters.py:600: RuntimeWarning: logm result may be inaccurate, approximate err = 2.792905387102319e-13
  pos[natoms:] = self.logm(pos[natoms:]) * self.exp_cell_factor
/mnt/scratch2/q13camb_scratch/perovskites/installation_stuff/grace/lib/python3.11/site-packages/ase/filters.py:600: RuntimeWarning: logm result may be inaccurate, approximate err = 2.793062345671062e-13
  pos[natoms:] = self.logm(pos[natoms:]) * self.exp_cell_factor
/mnt/scratch2/q13camb_scratch/perovskites/installation_stuff/grace/lib/python3.11/site-packages/ase/filters.py:600: RuntimeWarning: logm result may be inaccurate, approximate err = 2.86141657917034e-13
  pos[natoms:] = self.logm(pos[natoms:]) * self.exp_cell_factor
/mnt/scratch2/q13camb_scratch/perovskites/installation_stuff/grace/lib/python3.11/site-packages/ase/filters.py:600: RuntimeWarning: logm result may be inaccurate, approximate err = 2.85724192203998e-13
  pos[natoms:] = self.logm(pos[natoms:]) * self.exp_cell_factor
/mnt/scratch2/q13camb_scratch/perovskites/installation_stuff/grace/lib/python3.11/site-packages/ase/filters.py:600: RuntimeWarning: logm result may be inaccurate, approximate err = 2.823462096513367e-13
  pos[natoms:] = self.logm(pos[natoms:]) * self.exp_cell_factor
/mnt/scratch2/q13camb_scratch/perovskites/installation_stuff/grace/lib/python3.11/site-packages/ase/filters.py:600: RuntimeWarning: logm result may be inaccurate, approximate err = 2.8482560273441005e-13
  pos[natoms:] = self.logm(pos[natoms:]) * self.exp_cell_factor
/mnt/scratch2/q13camb_scratch/perovskites/installation_stuff/grace/lib/python3.11/site-packages/ase/filters.py:600: RuntimeWarning: logm result may be inaccurate, approximate err = 2.809605636670133e-13
  pos[natoms:] = self.logm(pos[natoms:]) * self.exp_cell_factor
/mnt/scratch2/q13camb_scratch/perovskites/installation_stuff/grace/lib/python3.11/site-packages/ase/filters.py:600: RuntimeWarning: logm result may be inaccurate, approximate err = 2.8568813709534516e-13
  pos[natoms:] = self.logm(pos[natoms:]) * self.exp_cell_factor
/mnt/scratch2/q13camb_scratch/perovskites/installation_stuff/grace/lib/python3.11/site-packages/ase/filters.py:600: RuntimeWarning: logm result may be inaccurate, approximate err = 2.8139232924243493e-13
  pos[natoms:] = self.logm(pos[natoms:]) * self.exp_cell_factor
/mnt/scratch2/q13camb_scratch/perovskites/installation_stuff/grace/lib/python3.11/site-packages/ase/filters.py:600: RuntimeWarning: logm result may be inaccurate, approximate err = 2.778592751828845e-13
  pos[natoms:] = self.logm(pos[natoms:]) * self.exp_cell_factor
/mnt/scratch2/q13camb_scratch/perovskites/installation_stuff/grace/lib/python3.11/site-packages/ase/filters.py:600: RuntimeWarning: logm result may be inaccurate, approximate err = 2.799590260563965e-13
  pos[natoms:] = self.logm(pos[natoms:]) * self.exp_cell_factor
/mnt/scratch2/q13camb_scratch/perovskites/installation_stuff/grace/lib/python3.11/site-packages/ase/filters.py:600: RuntimeWarning: logm result may be inaccurate, approximate err = 2.811833932057502e-13
  pos[natoms:] = self.logm(pos[natoms:]) * self.exp_cell_factor
/mnt/scratch2/q13camb_scratch/perovskites/installation_stuff/grace/lib/python3.11/site-packages/ase/filters.py:600: RuntimeWarning: logm result may be inaccurate, approximate err = 2.852071723215591e-13
  pos[natoms:] = self.logm(pos[natoms:]) * self.exp_cell_factor
/mnt/scratch2/q13camb_scratch/perovskites/installation_stuff/grace/lib/python3.11/site-packages/ase/filters.py:600: RuntimeWarning: logm result may be inaccurate, approximate err = 2.8528738106045527e-13
  pos[natoms:] = self.logm(pos[natoms:]) * self.exp_cell_factor
/mnt/scratch2/q13camb_scratch/perovskites/installation_stuff/grace/lib/python3.11/site-packages/ase/filters.py:600: RuntimeWarning: logm result may be inaccurate, approximate err = 2.7999679678401835e-13
  pos[natoms:] = self.logm(pos[natoms:]) * self.exp_cell_factor
/mnt/scratch2/q13camb_scratch/perovskites/installation_stuff/grace/lib/python3.11/site-packages/ase/filters.py:600: RuntimeWarning: logm result may be inaccurate, approximate err = 2.835705035641714e-13
  pos[natoms:] = self.logm(pos[natoms:]) * self.exp_cell_factor
/mnt/scratch2/q13camb_scratch/perovskites/installation_stuff/grace/lib/python3.11/site-packages/ase/filters.py:600: RuntimeWarning: logm result may be inaccurate, approximate err = 2.830941341688985e-13
  pos[natoms:] = self.logm(pos[natoms:]) * self.exp_cell_factor
/mnt/scratch2/q13camb_scratch/perovskites/installation_stuff/grace/lib/python3.11/site-packages/ase/filters.py:600: RuntimeWarning: logm result may be inaccurate, approximate err = 2.818886601093962e-13
  pos[natoms:] = self.logm(pos[natoms:]) * self.exp_cell_factor
/mnt/scratch2/q13camb_scratch/perovskites/installation_stuff/grace/lib/python3.11/site-packages/ase/filters.py:600: RuntimeWarning: logm result may be inaccurate, approximate err = 2.777680990451399e-13
  pos[natoms:] = self.logm(pos[natoms:]) * self.exp_cell_factor
