[38;5;127mapps[0m/[38;5;172manaconda3[0m/[38;5;67m2024.06[0m/[38;5;68mbin[0m
 |
 [0;32mOK[0m
[38;5;127mlibs[0m/[38;5;172mnvidia-cuda[0m/[38;5;67m12.4.0[0m/[38;5;68mbin[0m
 |
 [0;32mOK[0m
[38;5;127mgcc[0m/[38;5;172m9.3.0[0m
 |
 [0;32mOK[0m
[38;5;127mlibs[0m/[38;5;172mgcc[0m/[38;5;67m14.1.0[0m
 |
 [0;32mOK[0m
[38;5;127mmpi[0m/[38;5;172mopenmpi[0m/[38;5;67m5.0.3[0m/[38;5;68mgcc-14.1.0[0m
 | -- [38;5;127mlibs[0m/[38;5;172mgcc[0m/[38;5;67m14.1.0[0m ... [0;33mSKIPPED[0m (already loaded)
 |
 [0;32mOK[0m
/users/pahlawat/gridware/share/python/3.10.5/lib/python3.9/site-packages/ase/io/cif.py:408: UserWarning: crystal system 'tetragonal' is not interpreted for space group Spacegroup(127, setting=1). This may result in wrong setting!
  warnings.warn(
/users/pahlawat/gridware/share/python/3.10.5/lib/python3.9/site-packages/spglib/spglib.py:115: DeprecationWarning: dict interface (SpglibDataset['number']) is deprecated.Use attribute interface ({self.__class__.__name__}.{key}) instead
  warnings.warn(
/users/pahlawat/gridware/share/python/3.10.5/lib/python3.9/site-packages/spglib/spglib.py:115: DeprecationWarning: dict interface (SpglibDataset['international']) is deprecated.Use attribute interface ({self.__class__.__name__}.{key}) instead
  warnings.warn(
/users/pahlawat/gridware/share/python/3.10.5/lib/python3.9/site-packages/spglib/spglib.py:115: DeprecationWarning: dict interface (SpglibDataset['hall']) is deprecated.Use attribute interface ({self.__class__.__name__}.{key}) instead
  warnings.warn(
/users/pahlawat/gridware/share/python/3.10.5/lib/python3.9/site-packages/sevenn/util.py:194: UserWarning: interaction_type not in config, using default value nequip
  warnings.warn(f'{k} not in config, using default value {v}', UserWarning)
/users/pahlawat/gridware/share/python/3.10.5/lib/python3.9/site-packages/spglib/spglib.py:115: DeprecationWarning: dict interface (SpglibDataset['number']) is deprecated.Use attribute interface ({self.__class__.__name__}.{key}) instead
  warnings.warn(
/users/pahlawat/gridware/share/python/3.10.5/lib/python3.9/site-packages/spglib/spglib.py:115: DeprecationWarning: dict interface (SpglibDataset['international']) is deprecated.Use attribute interface ({self.__class__.__name__}.{key}) instead
  warnings.warn(
/users/pahlawat/gridware/share/python/3.10.5/lib/python3.9/site-packages/spglib/spglib.py:115: DeprecationWarning: dict interface (SpglibDataset['hall']) is deprecated.Use attribute interface ({self.__class__.__name__}.{key}) instead
  warnings.warn(
