[38;5;127mlibs[0m/[38;5;172mnvidia-cuda[0m/[38;5;67m11.8.0[0m/[38;5;68mbin[0m
 |
 [0;32mOK[0m
[38;5;127mcompilers[0m/[38;5;172mgcc[0m/[38;5;67m14.1.0[0m
 |
 [0;32mOK[0m
/users/pahlawat/.local/lib/python3.12/site-packages/spglib/spglib.py:115: DeprecationWarning: dict interface (SpglibDataset['number']) is deprecated.Use attribute interface ({self.__class__.__name__}.{key}) instead
  warnings.warn(
/users/pahlawat/.local/lib/python3.12/site-packages/spglib/spglib.py:115: DeprecationWarning: dict interface (SpglibDataset['international']) is deprecated.Use attribute interface ({self.__class__.__name__}.{key}) instead
  warnings.warn(
/users/pahlawat/.local/lib/python3.12/site-packages/spglib/spglib.py:115: DeprecationWarning: dict interface (SpglibDataset['hall']) is deprecated.Use attribute interface ({self.__class__.__name__}.{key}) instead
  warnings.warn(
To get the best performance, it is recommended to adjust the number of threads by setting the environment variables OMP_NUM_THREADS, DP_INTRA_OP_PARALLELISM_THREADS, and DP_INTER_OP_PARALLELISM_THREADS. See https://deepmd.rtfd.io/parallelism/ for more information.
You can use the environment variable DP_INFER_BATCH_SIZE tocontrol the inference batch size (nframes * natoms). The default value is 1024.
/users/pahlawat/.local/lib/python3.12/site-packages/ase/filters.py:600: RuntimeWarning: logm result may be inaccurate, approximate err = 2.7403127754629747e-13
  pos[natoms:] = self.logm(pos[natoms:]) * self.exp_cell_factor
/users/pahlawat/.local/lib/python3.12/site-packages/ase/filters.py:600: RuntimeWarning: logm result may be inaccurate, approximate err = 2.743246347418914e-13
  pos[natoms:] = self.logm(pos[natoms:]) * self.exp_cell_factor
/users/pahlawat/.local/lib/python3.12/site-packages/ase/filters.py:600: RuntimeWarning: logm result may be inaccurate, approximate err = 2.7407394623481615e-13
  pos[natoms:] = self.logm(pos[natoms:]) * self.exp_cell_factor
/users/pahlawat/.local/lib/python3.12/site-packages/ase/filters.py:600: RuntimeWarning: logm result may be inaccurate, approximate err = 2.7388340093167006e-13
  pos[natoms:] = self.logm(pos[natoms:]) * self.exp_cell_factor
/users/pahlawat/.local/lib/python3.12/site-packages/ase/filters.py:600: RuntimeWarning: logm result may be inaccurate, approximate err = 2.7626357147269504e-13
  pos[natoms:] = self.logm(pos[natoms:]) * self.exp_cell_factor
/users/pahlawat/.local/lib/python3.12/site-packages/ase/filters.py:600: RuntimeWarning: logm result may be inaccurate, approximate err = 2.715438977922437e-13
  pos[natoms:] = self.logm(pos[natoms:]) * self.exp_cell_factor
/users/pahlawat/.local/lib/python3.12/site-packages/ase/filters.py:600: RuntimeWarning: logm result may be inaccurate, approximate err = 2.7368778728269096e-13
  pos[natoms:] = self.logm(pos[natoms:]) * self.exp_cell_factor
/users/pahlawat/.local/lib/python3.12/site-packages/ase/filters.py:600: RuntimeWarning: logm result may be inaccurate, approximate err = 2.741916292501339e-13
  pos[natoms:] = self.logm(pos[natoms:]) * self.exp_cell_factor
/users/pahlawat/.local/lib/python3.12/site-packages/ase/filters.py:600: RuntimeWarning: logm result may be inaccurate, approximate err = 2.755094820353443e-13
  pos[natoms:] = self.logm(pos[natoms:]) * self.exp_cell_factor
/users/pahlawat/.local/lib/python3.12/site-packages/ase/filters.py:600: RuntimeWarning: logm result may be inaccurate, approximate err = 2.7116712860913174e-13
  pos[natoms:] = self.logm(pos[natoms:]) * self.exp_cell_factor
/users/pahlawat/.local/lib/python3.12/site-packages/ase/filters.py:600: RuntimeWarning: logm result may be inaccurate, approximate err = 2.766187322648588e-13
  pos[natoms:] = self.logm(pos[natoms:]) * self.exp_cell_factor
/users/pahlawat/.local/lib/python3.12/site-packages/ase/filters.py:600: RuntimeWarning: logm result may be inaccurate, approximate err = 2.723806863979174e-13
  pos[natoms:] = self.logm(pos[natoms:]) * self.exp_cell_factor
/users/pahlawat/.local/lib/python3.12/site-packages/ase/filters.py:600: RuntimeWarning: logm result may be inaccurate, approximate err = 2.7335683935291153e-13
  pos[natoms:] = self.logm(pos[natoms:]) * self.exp_cell_factor
/users/pahlawat/.local/lib/python3.12/site-packages/ase/filters.py:600: RuntimeWarning: logm result may be inaccurate, approximate err = 2.719777229910215e-13
  pos[natoms:] = self.logm(pos[natoms:]) * self.exp_cell_factor
/users/pahlawat/.local/lib/python3.12/site-packages/ase/filters.py:600: RuntimeWarning: logm result may be inaccurate, approximate err = 2.745308250934212e-13
  pos[natoms:] = self.logm(pos[natoms:]) * self.exp_cell_factor
/users/pahlawat/.local/lib/python3.12/site-packages/ase/filters.py:600: RuntimeWarning: logm result may be inaccurate, approximate err = 2.726871561642037e-13
  pos[natoms:] = self.logm(pos[natoms:]) * self.exp_cell_factor
/users/pahlawat/.local/lib/python3.12/site-packages/ase/filters.py:600: RuntimeWarning: logm result may be inaccurate, approximate err = 2.751810153461377e-13
  pos[natoms:] = self.logm(pos[natoms:]) * self.exp_cell_factor
/users/pahlawat/.local/lib/python3.12/site-packages/ase/filters.py:600: RuntimeWarning: logm result may be inaccurate, approximate err = 2.7235984320374593e-13
  pos[natoms:] = self.logm(pos[natoms:]) * self.exp_cell_factor
/users/pahlawat/.local/lib/python3.12/site-packages/ase/filters.py:600: RuntimeWarning: logm result may be inaccurate, approximate err = 2.762597588158576e-13
  pos[natoms:] = self.logm(pos[natoms:]) * self.exp_cell_factor
/users/pahlawat/.local/lib/python3.12/site-packages/ase/filters.py:600: RuntimeWarning: logm result may be inaccurate, approximate err = 2.746337735420215e-13
  pos[natoms:] = self.logm(pos[natoms:]) * self.exp_cell_factor
/users/pahlawat/.local/lib/python3.12/site-packages/ase/filters.py:600: RuntimeWarning: logm result may be inaccurate, approximate err = 2.7502924920495413e-13
  pos[natoms:] = self.logm(pos[natoms:]) * self.exp_cell_factor
/users/pahlawat/.local/lib/python3.12/site-packages/ase/filters.py:600: RuntimeWarning: logm result may be inaccurate, approximate err = 2.7415067321008676e-13
  pos[natoms:] = self.logm(pos[natoms:]) * self.exp_cell_factor
/users/pahlawat/.local/lib/python3.12/site-packages/ase/filters.py:600: RuntimeWarning: logm result may be inaccurate, approximate err = 2.780452805634385e-13
  pos[natoms:] = self.logm(pos[natoms:]) * self.exp_cell_factor
/users/pahlawat/.local/lib/python3.12/site-packages/ase/filters.py:600: RuntimeWarning: logm result may be inaccurate, approximate err = 2.735457619538097e-13
  pos[natoms:] = self.logm(pos[natoms:]) * self.exp_cell_factor
/users/pahlawat/.local/lib/python3.12/site-packages/ase/filters.py:600: RuntimeWarning: logm result may be inaccurate, approximate err = 2.704235666265168e-13
  pos[natoms:] = self.logm(pos[natoms:]) * self.exp_cell_factor
/users/pahlawat/.local/lib/python3.12/site-packages/ase/filters.py:600: RuntimeWarning: logm result may be inaccurate, approximate err = 2.72000322426141e-13
  pos[natoms:] = self.logm(pos[natoms:]) * self.exp_cell_factor
/users/pahlawat/.local/lib/python3.12/site-packages/ase/filters.py:600: RuntimeWarning: logm result may be inaccurate, approximate err = 2.7325296619304545e-13
  pos[natoms:] = self.logm(pos[natoms:]) * self.exp_cell_factor
/users/pahlawat/.local/lib/python3.12/site-packages/ase/filters.py:600: RuntimeWarning: logm result may be inaccurate, approximate err = 2.737488745920521e-13
  pos[natoms:] = self.logm(pos[natoms:]) * self.exp_cell_factor
/users/pahlawat/.local/lib/python3.12/site-packages/ase/filters.py:600: RuntimeWarning: logm result may be inaccurate, approximate err = 2.763666169169796e-13
  pos[natoms:] = self.logm(pos[natoms:]) * self.exp_cell_factor
/users/pahlawat/.local/lib/python3.12/site-packages/ase/filters.py:600: RuntimeWarning: logm result may be inaccurate, approximate err = 2.7265090950003036e-13
  pos[natoms:] = self.logm(pos[natoms:]) * self.exp_cell_factor
/users/pahlawat/.local/lib/python3.12/site-packages/ase/filters.py:600: RuntimeWarning: logm result may be inaccurate, approximate err = 2.775137862932132e-13
  pos[natoms:] = self.logm(pos[natoms:]) * self.exp_cell_factor
/users/pahlawat/.local/lib/python3.12/site-packages/ase/filters.py:600: RuntimeWarning: logm result may be inaccurate, approximate err = 2.760940152776437e-13
  pos[natoms:] = self.logm(pos[natoms:]) * self.exp_cell_factor
/users/pahlawat/.local/lib/python3.12/site-packages/ase/filters.py:600: RuntimeWarning: logm result may be inaccurate, approximate err = 2.723115268807102e-13
  pos[natoms:] = self.logm(pos[natoms:]) * self.exp_cell_factor
/users/pahlawat/.local/lib/python3.12/site-packages/ase/filters.py:600: RuntimeWarning: logm result may be inaccurate, approximate err = 2.726732354018742e-13
  pos[natoms:] = self.logm(pos[natoms:]) * self.exp_cell_factor
/users/pahlawat/.local/lib/python3.12/site-packages/ase/filters.py:600: RuntimeWarning: logm result may be inaccurate, approximate err = 2.7004686445015574e-13
  pos[natoms:] = self.logm(pos[natoms:]) * self.exp_cell_factor
/users/pahlawat/.local/lib/python3.12/site-packages/ase/filters.py:600: RuntimeWarning: logm result may be inaccurate, approximate err = 2.7067205560449854e-13
  pos[natoms:] = self.logm(pos[natoms:]) * self.exp_cell_factor
/users/pahlawat/.local/lib/python3.12/site-packages/ase/filters.py:600: RuntimeWarning: logm result may be inaccurate, approximate err = 2.7258146340759653e-13
  pos[natoms:] = self.logm(pos[natoms:]) * self.exp_cell_factor
/users/pahlawat/.local/lib/python3.12/site-packages/ase/filters.py:600: RuntimeWarning: logm result may be inaccurate, approximate err = 2.7079292556430356e-13
  pos[natoms:] = self.logm(pos[natoms:]) * self.exp_cell_factor
/users/pahlawat/.local/lib/python3.12/site-packages/ase/filters.py:600: RuntimeWarning: logm result may be inaccurate, approximate err = 2.7440158322725896e-13
  pos[natoms:] = self.logm(pos[natoms:]) * self.exp_cell_factor
/users/pahlawat/.local/lib/python3.12/site-packages/ase/filters.py:600: RuntimeWarning: logm result may be inaccurate, approximate err = 2.6972161101356806e-13
  pos[natoms:] = self.logm(pos[natoms:]) * self.exp_cell_factor
/users/pahlawat/.local/lib/python3.12/site-packages/ase/filters.py:600: RuntimeWarning: logm result may be inaccurate, approximate err = 2.769089228985315e-13
  pos[natoms:] = self.logm(pos[natoms:]) * self.exp_cell_factor
/users/pahlawat/.local/lib/python3.12/site-packages/ase/filters.py:600: RuntimeWarning: logm result may be inaccurate, approximate err = 2.7778997922124686e-13
  pos[natoms:] = self.logm(pos[natoms:]) * self.exp_cell_factor
/users/pahlawat/.local/lib/python3.12/site-packages/ase/filters.py:600: RuntimeWarning: logm result may be inaccurate, approximate err = 2.715211781767633e-13
  pos[natoms:] = self.logm(pos[natoms:]) * self.exp_cell_factor
/users/pahlawat/.local/lib/python3.12/site-packages/ase/filters.py:600: RuntimeWarning: logm result may be inaccurate, approximate err = 2.693659914048566e-13
  pos[natoms:] = self.logm(pos[natoms:]) * self.exp_cell_factor
/users/pahlawat/.local/lib/python3.12/site-packages/ase/filters.py:600: RuntimeWarning: logm result may be inaccurate, approximate err = 2.7350637597434964e-13
  pos[natoms:] = self.logm(pos[natoms:]) * self.exp_cell_factor
/users/pahlawat/.local/lib/python3.12/site-packages/ase/filters.py:600: RuntimeWarning: logm result may be inaccurate, approximate err = 2.7072988658999847e-13
  pos[natoms:] = self.logm(pos[natoms:]) * self.exp_cell_factor
/users/pahlawat/.local/lib/python3.12/site-packages/ase/filters.py:600: RuntimeWarning: logm result may be inaccurate, approximate err = 2.7392536921973486e-13
  pos[natoms:] = self.logm(pos[natoms:]) * self.exp_cell_factor
/users/pahlawat/.local/lib/python3.12/site-packages/ase/filters.py:600: RuntimeWarning: logm result may be inaccurate, approximate err = 2.698375774973924e-13
  pos[natoms:] = self.logm(pos[natoms:]) * self.exp_cell_factor
/users/pahlawat/.local/lib/python3.12/site-packages/ase/filters.py:600: RuntimeWarning: logm result may be inaccurate, approximate err = 2.688389034097392e-13
  pos[natoms:] = self.logm(pos[natoms:]) * self.exp_cell_factor
/users/pahlawat/.local/lib/python3.12/site-packages/ase/filters.py:600: RuntimeWarning: logm result may be inaccurate, approximate err = 2.7652707689549403e-13
  pos[natoms:] = self.logm(pos[natoms:]) * self.exp_cell_factor
/users/pahlawat/.local/lib/python3.12/site-packages/ase/filters.py:600: RuntimeWarning: logm result may be inaccurate, approximate err = 2.683598127235631e-13
  pos[natoms:] = self.logm(pos[natoms:]) * self.exp_cell_factor
/users/pahlawat/.local/lib/python3.12/site-packages/ase/filters.py:600: RuntimeWarning: logm result may be inaccurate, approximate err = 2.7261353099759486e-13
  pos[natoms:] = self.logm(pos[natoms:]) * self.exp_cell_factor
/users/pahlawat/.local/lib/python3.12/site-packages/ase/filters.py:600: RuntimeWarning: logm result may be inaccurate, approximate err = 2.787329456076422e-13
  pos[natoms:] = self.logm(pos[natoms:]) * self.exp_cell_factor
/users/pahlawat/.local/lib/python3.12/site-packages/ase/filters.py:600: RuntimeWarning: logm result may be inaccurate, approximate err = 2.8126354815635657e-13
  pos[natoms:] = self.logm(pos[natoms:]) * self.exp_cell_factor
/users/pahlawat/.local/lib/python3.12/site-packages/ase/filters.py:600: RuntimeWarning: logm result may be inaccurate, approximate err = 2.720644665798453e-13
  pos[natoms:] = self.logm(pos[natoms:]) * self.exp_cell_factor
/users/pahlawat/.local/lib/python3.12/site-packages/ase/filters.py:600: RuntimeWarning: logm result may be inaccurate, approximate err = 2.716385871456831e-13
  pos[natoms:] = self.logm(pos[natoms:]) * self.exp_cell_factor
/users/pahlawat/.local/lib/python3.12/site-packages/ase/filters.py:600: RuntimeWarning: logm result may be inaccurate, approximate err = 2.684632434307597e-13
  pos[natoms:] = self.logm(pos[natoms:]) * self.exp_cell_factor
/users/pahlawat/.local/lib/python3.12/site-packages/ase/filters.py:600: RuntimeWarning: logm result may be inaccurate, approximate err = 2.703908636922678e-13
  pos[natoms:] = self.logm(pos[natoms:]) * self.exp_cell_factor
/users/pahlawat/.local/lib/python3.12/site-packages/spglib/spglib.py:115: DeprecationWarning: dict interface (SpglibDataset['number']) is deprecated.Use attribute interface ({self.__class__.__name__}.{key}) instead
  warnings.warn(
/users/pahlawat/.local/lib/python3.12/site-packages/spglib/spglib.py:115: DeprecationWarning: dict interface (SpglibDataset['international']) is deprecated.Use attribute interface ({self.__class__.__name__}.{key}) instead
  warnings.warn(
/users/pahlawat/.local/lib/python3.12/site-packages/spglib/spglib.py:115: DeprecationWarning: dict interface (SpglibDataset['hall']) is deprecated.Use attribute interface ({self.__class__.__name__}.{key}) instead
  warnings.warn(
